[ 2015-07-23T00:58:38+08:00 ] 127.0.0.1 /LNZM/index.php/Admin/User/Index
INFO: [ app_init ] --START--
INFO: Run Behavior\BuildLiteBehavior [ RunTime:0.000000s ]
INFO: [ app_init ] --END-- [ RunTime:0.000000s ]
INFO: [ app_begin ] --START--
INFO: Run Behavior\ReadHtmlCacheBehavior [ RunTime:0.001000s ]
INFO: [ app_begin ] --END-- [ RunTime:0.001000s ]
INFO: [ app_end ] --START--
INFO: Run Behavior\ShowPageTraceBehavior [ RunTime:0.001000s ]
INFO: [ app_end ] --END-- [ RunTime:0.001000s ]

[ 2015-07-23T00:58:44+08:00 ] 127.0.0.1 /LNZM/index.php/Admin/User/index
INFO: [ app_init ] --START--
INFO: Run Behavior\BuildLiteBehavior [ RunTime:0.000000s ]
INFO: [ app_init ] --END-- [ RunTime:0.000000s ]
INFO: [ app_begin ] --START--
INFO: Run Behavior\ReadHtmlCacheBehavior [ RunTime:0.000000s ]
INFO: [ app_begin ] --END-- [ RunTime:0.001000s ]
INFO: [ app_end ] --START--
INFO: Run Behavior\ShowPageTraceBehavior [ RunTime:0.000000s ]
INFO: [ app_end ] --END-- [ RunTime:0.000000s ]

[ 2015-07-23T00:59:06+08:00 ] 127.0.0.1 /LNZM/index.php/Admin/User/index
INFO: [ app_init ] --START--
INFO: Run Behavior\BuildLiteBehavior [ RunTime:0.000000s ]
INFO: [ app_init ] --END-- [ RunTime:0.000000s ]
INFO: [ app_begin ] --START--
INFO: Run Behavior\ReadHtmlCacheBehavior [ RunTime:0.001000s ]
INFO: [ app_begin ] --END-- [ RunTime:0.001000s ]
INFO: [ view_parse ] --START--
INFO: [ template_filter ] --START--
INFO: Run Behavior\ContentReplaceBehavior [ RunTime:0.000000s ]
INFO: [ template_filter ] --END-- [ RunTime:0.000000s ]
INFO: Run Behavior\ParseTemplateBehavior [ RunTime:0.010001s ]
INFO: [ view_parse ] --END-- [ RunTime:0.010001s ]
INFO: [ view_filter ] --START--
INFO: Run Behavior\WriteHtmlCacheBehavior [ RunTime:0.001000s ]
INFO: [ view_filter ] --END-- [ RunTime:0.001000s ]

[ 2015-07-23T00:59:09+08:00 ] 127.0.0.1 /LNZM/index.php/Admin/User/Index
INFO: [ app_init ] --START--
INFO: Run Behavior\BuildLiteBehavior [ RunTime:0.000000s ]
INFO: [ app_init ] --END-- [ RunTime:0.001000s ]
INFO: [ app_begin ] --START--
INFO: Run Behavior\ReadHtmlCacheBehavior [ RunTime:0.001000s ]
INFO: [ app_begin ] --END-- [ RunTime:0.001000s ]
INFO: [ view_parse ] --START--
INFO: [ template_filter ] --START--
INFO: Run Behavior\ContentReplaceBehavior [ RunTime:0.000000s ]
INFO: [ template_filter ] --END-- [ RunTime:0.000000s ]
INFO: Run Behavior\ParseTemplateBehavior [ RunTime:0.006001s ]
INFO: [ view_parse ] --END-- [ RunTime:0.007001s ]
INFO: [ view_filter ] --START--
INFO: Run Behavior\WriteHtmlCacheBehavior [ RunTime:0.000000s ]
INFO: [ view_filter ] --END-- [ RunTime:0.000000s ]

[ 2015-07-23T00:59:12+08:00 ] 127.0.0.1 /LNZM/index.php/Admin/index/hello/name/baby
INFO: [ app_init ] --START--
INFO: Run Behavior\BuildLiteBehavior [ RunTime:0.000000s ]
INFO: [ app_init ] --END-- [ RunTime:0.000000s ]
INFO: [ app_begin ] --START--
INFO: Run Behavior\ReadHtmlCacheBehavior [ RunTime:0.000000s ]
INFO: [ app_begin ] --END-- [ RunTime:0.000000s ]
INFO: [ app_end ] --START--
INFO: Run Behavior\ShowPageTraceBehavior [ RunTime:0.001000s ]
INFO: [ app_end ] --END-- [ RunTime:0.001000s ]

[ 2015-07-23T00:59:13+08:00 ] 127.0.0.1 /LNZM/index.php/Admin/index/hello/name/baby
INFO: [ app_init ] --START--
INFO: Run Behavior\BuildLiteBehavior [ RunTime:0.000000s ]
INFO: [ app_init ] --END-- [ RunTime:0.000000s ]
INFO: [ app_begin ] --START--
INFO: Run Behavior\ReadHtmlCacheBehavior [ RunTime:0.000000s ]
INFO: [ app_begin ] --END-- [ RunTime:0.001000s ]
INFO: [ app_end ] --START--
INFO: Run Behavior\ShowPageTraceBehavior [ RunTime:0.000000s ]
INFO: [ app_end ] --END-- [ RunTime:0.000000s ]

[ 2015-07-23T21:20:36+08:00 ] 127.0.0.1 /LNZM/index.php/Admin/index/hello/name/baby
INFO: [ app_init ] --START--
INFO: Run Behavior\BuildLiteBehavior [ RunTime:0.000000s ]
INFO: [ app_init ] --END-- [ RunTime:0.002000s ]
INFO: [ app_begin ] --START--
INFO: Run Behavior\ReadHtmlCacheBehavior [ RunTime:0.001000s ]
INFO: [ app_begin ] --END-- [ RunTime:0.001000s ]
INFO: [ app_end ] --START--
INFO: Run Behavior\ShowPageTraceBehavior [ RunTime:0.001000s ]
INFO: [ app_end ] --END-- [ RunTime:0.002000s ]

[ 2015-07-23T21:20:53+08:00 ] 127.0.0.1 /LNZM/index.php/Admin/View/edittest.html
INFO: [ app_init ] --START--
INFO: Run Behavior\BuildLiteBehavior [ RunTime:0.000000s ]
INFO: [ app_init ] --END-- [ RunTime:0.000000s ]
INFO: [ app_begin ] --START--
INFO: Run Behavior\ReadHtmlCacheBehavior [ RunTime:0.000000s ]
INFO: [ app_begin ] --END-- [ RunTime:0.000000s ]
ERR: 无法加载控制器:View

[ 2015-07-23T21:26:57+08:00 ] 127.0.0.1 /LNZM/index.php/Admin/WorkTendency/addWorkTendency
INFO: [ app_init ] --START--
INFO: Run Behavior\BuildLiteBehavior [ RunTime:0.000000s ]
INFO: [ app_init ] --END-- [ RunTime:0.001000s ]
INFO: [ app_begin ] --START--
INFO: Run Behavior\ReadHtmlCacheBehavior [ RunTime:0.000000s ]
INFO: [ app_begin ] --END-- [ RunTime:0.000000s ]
INFO: [ app_end ] --START--
INFO: Run Behavior\ShowPageTraceBehavior [ RunTime:0.000000s ]
INFO: [ app_end ] --END-- [ RunTime:0.001000s ]

[ 2015-07-23T21:29:31+08:00 ] 127.0.0.1 /LNZM/index.php/Admin/WorkTendency/addWorkTendency
INFO: [ app_init ] --START--
INFO: Run Behavior\BuildLiteBehavior [ RunTime:0.000000s ]
INFO: [ app_init ] --END-- [ RunTime:0.000000s ]
INFO: [ app_begin ] --START--
INFO: Run Behavior\ReadHtmlCacheBehavior [ RunTime:0.001000s ]
INFO: [ app_begin ] --END-- [ RunTime:0.001000s ]
INFO: [ view_parse ] --START--
INFO: [ template_filter ] --START--
INFO: Run Behavior\ContentReplaceBehavior [ RunTime:0.000000s ]
INFO: [ template_filter ] --END-- [ RunTime:0.000000s ]
NOTIC: [8] Undefined index:  FCKeditor1  C:\wamp\www\LNZM\Application\Runtime\Cache\Admin\97ec8f097c2d29921ffe609b24f414af.php 第 1 行.
NOTIC: [2] include( ./FCKeditor/fckeditor.php ): failed to open stream: No such file or directory C:\wamp\www\LNZM\Application\Runtime\Cache\Admin\97ec8f097c2d29921ffe609b24f414af.php 第 8 行.
NOTIC: [2] include(): Failed opening ' ./FCKeditor/fckeditor.php ' for inclusion (include_path='.;C:\php\pear') C:\wamp\www\LNZM\Application\Runtime\Cache\Admin\97ec8f097c2d29921ffe609b24f414af.php 第 8 行.

[ 2015-07-23T21:33:44+08:00 ] 127.0.0.1 /LNZM/index.php/Admin/WorkTendency/addWorkTendency
INFO: [ app_init ] --START--
INFO: Run Behavior\BuildLiteBehavior [ RunTime:0.000000s ]
INFO: [ app_init ] --END-- [ RunTime:0.001000s ]
INFO: [ app_begin ] --START--
INFO: Run Behavior\ReadHtmlCacheBehavior [ RunTime:0.000000s ]
INFO: [ app_begin ] --END-- [ RunTime:0.000000s ]
INFO: [ view_parse ] --START--
INFO: [ template_filter ] --START--
INFO: Run Behavior\ContentReplaceBehavior [ RunTime:0.000000s ]
INFO: [ template_filter ] --END-- [ RunTime:0.000000s ]
NOTIC: [2] include( ./FCKeditor/fckeditor.php ): failed to open stream: No such file or directory C:\wamp\www\LNZM\Application\Runtime\Cache\Admin\97ec8f097c2d29921ffe609b24f414af.php 第 8 行.
NOTIC: [2] include(): Failed opening ' ./FCKeditor/fckeditor.php ' for inclusion (include_path='.;C:\php\pear') C:\wamp\www\LNZM\Application\Runtime\Cache\Admin\97ec8f097c2d29921ffe609b24f414af.php 第 8 行.

[ 2015-07-23T21:33:45+08:00 ] 127.0.0.1 /LNZM/index.php/Admin/WorkTendency/addWorkTendency
INFO: [ app_init ] --START--
INFO: Run Behavior\BuildLiteBehavior [ RunTime:0.000000s ]
INFO: [ app_init ] --END-- [ RunTime:0.000000s ]
INFO: [ app_begin ] --START--
INFO: Run Behavior\ReadHtmlCacheBehavior [ RunTime:0.000000s ]
INFO: [ app_begin ] --END-- [ RunTime:0.001000s ]
INFO: [ view_parse ] --START--
INFO: [ template_filter ] --START--
INFO: Run Behavior\ContentReplaceBehavior [ RunTime:0.001000s ]
INFO: [ template_filter ] --END-- [ RunTime:0.001000s ]
NOTIC: [2] include( ./FCKeditor/fckeditor.php ): failed to open stream: No such file or directory C:\wamp\www\LNZM\Application\Runtime\Cache\Admin\97ec8f097c2d29921ffe609b24f414af.php 第 8 行.
NOTIC: [2] include(): Failed opening ' ./FCKeditor/fckeditor.php ' for inclusion (include_path='.;C:\php\pear') C:\wamp\www\LNZM\Application\Runtime\Cache\Admin\97ec8f097c2d29921ffe609b24f414af.php 第 8 行.

[ 2015-07-23T21:33:49+08:00 ] 127.0.0.1 /LNZM/index.php/Admin/WorkTendency/addWorkTendency
INFO: [ app_init ] --START--
INFO: Run Behavior\BuildLiteBehavior [ RunTime:0.000000s ]
INFO: [ app_init ] --END-- [ RunTime:0.000000s ]
INFO: [ app_begin ] --START--
INFO: Run Behavior\ReadHtmlCacheBehavior [ RunTime:0.000000s ]
INFO: [ app_begin ] --END-- [ RunTime:0.000000s ]
INFO: [ view_parse ] --START--
INFO: [ template_filter ] --START--
INFO: Run Behavior\ContentReplaceBehavior [ RunTime:0.000000s ]
INFO: [ template_filter ] --END-- [ RunTime:0.000000s ]
NOTIC: [2] include( ./FCKeditor/fckeditor.php ): failed to open stream: No such file or directory C:\wamp\www\LNZM\Application\Runtime\Cache\Admin\97ec8f097c2d29921ffe609b24f414af.php 第 8 行.
NOTIC: [2] include(): Failed opening ' ./FCKeditor/fckeditor.php ' for inclusion (include_path='.;C:\php\pear') C:\wamp\www\LNZM\Application\Runtime\Cache\Admin\97ec8f097c2d29921ffe609b24f414af.php 第 8 行.

[ 2015-07-23T21:34:08+08:00 ] 127.0.0.1 /LNZM/index.php/Admin/WorkTendency/addWorkTendency
INFO: [ app_init ] --START--
INFO: Run Behavior\BuildLiteBehavior [ RunTime:0.000000s ]
INFO: [ app_init ] --END-- [ RunTime:0.000000s ]
INFO: [ app_begin ] --START--
INFO: Run Behavior\ReadHtmlCacheBehavior [ RunTime:0.001000s ]
INFO: [ app_begin ] --END-- [ RunTime:0.001000s ]
INFO: [ view_parse ] --START--
INFO: [ template_filter ] --START--
INFO: Run Behavior\ContentReplaceBehavior [ RunTime:0.000000s ]
INFO: [ template_filter ] --END-- [ RunTime:0.000000s ]
NOTIC: [2] include( ../FCKeditor/fckeditor.php ): failed to open stream: No such file or directory C:\wamp\www\LNZM\Application\Runtime\Cache\Admin\97ec8f097c2d29921ffe609b24f414af.php 第 8 行.
NOTIC: [2] include(): Failed opening ' ../FCKeditor/fckeditor.php ' for inclusion (include_path='.;C:\php\pear') C:\wamp\www\LNZM\Application\Runtime\Cache\Admin\97ec8f097c2d29921ffe609b24f414af.php 第 8 行.

[ 2015-07-23T21:34:08+08:00 ] 127.0.0.1 /LNZM/index.php/Admin/WorkTendency/addWorkTendency
INFO: [ app_init ] --START--
INFO: Run Behavior\BuildLiteBehavior [ RunTime:0.000000s ]
INFO: [ app_init ] --END-- [ RunTime:0.001000s ]
INFO: [ app_begin ] --START--
INFO: Run Behavior\ReadHtmlCacheBehavior [ RunTime:0.001000s ]
INFO: [ app_begin ] --END-- [ RunTime:0.001000s ]
INFO: [ view_parse ] --START--
INFO: [ template_filter ] --START--
INFO: Run Behavior\ContentReplaceBehavior [ RunTime:0.000000s ]
INFO: [ template_filter ] --END-- [ RunTime:0.000000s ]
NOTIC: [2] include( ../FCKeditor/fckeditor.php ): failed to open stream: No such file or directory C:\wamp\www\LNZM\Application\Runtime\Cache\Admin\97ec8f097c2d29921ffe609b24f414af.php 第 8 行.
NOTIC: [2] include(): Failed opening ' ../FCKeditor/fckeditor.php ' for inclusion (include_path='.;C:\php\pear') C:\wamp\www\LNZM\Application\Runtime\Cache\Admin\97ec8f097c2d29921ffe609b24f414af.php 第 8 行.

[ 2015-07-23T21:35:02+08:00 ] 127.0.0.1 /LNZM/index.php/Admin/WorkTendency/addWorkTendency
INFO: [ app_init ] --START--
INFO: Run Behavior\BuildLiteBehavior [ RunTime:0.000000s ]
INFO: [ app_init ] --END-- [ RunTime:0.001000s ]
INFO: [ app_begin ] --START--
INFO: Run Behavior\ReadHtmlCacheBehavior [ RunTime:0.001000s ]
INFO: [ app_begin ] --END-- [ RunTime:0.001000s ]
INFO: [ view_parse ] --START--
INFO: [ template_filter ] --START--
INFO: Run Behavior\ContentReplaceBehavior [ RunTime:0.000000s ]
INFO: [ template_filter ] --END-- [ RunTime:0.000000s ]
NOTIC: [2] include(../FCKeditor/fckeditor.php): failed to open stream: No such file or directory C:\wamp\www\LNZM\Application\Runtime\Cache\Admin\97ec8f097c2d29921ffe609b24f414af.php 第 8 行.
NOTIC: [2] include(): Failed opening '../FCKeditor/fckeditor.php' for inclusion (include_path='.;C:\php\pear') C:\wamp\www\LNZM\Application\Runtime\Cache\Admin\97ec8f097c2d29921ffe609b24f414af.php 第 8 行.

[ 2015-07-23T21:35:03+08:00 ] 127.0.0.1 /LNZM/index.php/Admin/WorkTendency/addWorkTendency
INFO: [ app_init ] --START--
INFO: Run Behavior\BuildLiteBehavior [ RunTime:0.000000s ]
INFO: [ app_init ] --END-- [ RunTime:0.001000s ]
INFO: [ app_begin ] --START--
INFO: Run Behavior\ReadHtmlCacheBehavior [ RunTime:0.000000s ]
INFO: [ app_begin ] --END-- [ RunTime:0.001001s ]
INFO: [ view_parse ] --START--
INFO: [ template_filter ] --START--
INFO: Run Behavior\ContentReplaceBehavior [ RunTime:0.000000s ]
INFO: [ template_filter ] --END-- [ RunTime:0.000000s ]
NOTIC: [2] include(../FCKeditor/fckeditor.php): failed to open stream: No such file or directory C:\wamp\www\LNZM\Application\Runtime\Cache\Admin\97ec8f097c2d29921ffe609b24f414af.php 第 8 行.
NOTIC: [2] include(): Failed opening '../FCKeditor/fckeditor.php' for inclusion (include_path='.;C:\php\pear') C:\wamp\www\LNZM\Application\Runtime\Cache\Admin\97ec8f097c2d29921ffe609b24f414af.php 第 8 行.

[ 2015-07-23T21:36:32+08:00 ] 127.0.0.1 /LNZM/index.php/Admin/WorkTendency/addWorkTendency
INFO: [ app_init ] --START--
INFO: Run Behavior\BuildLiteBehavior [ RunTime:0.001001s ]
INFO: [ app_init ] --END-- [ RunTime:0.001001s ]
INFO: [ app_begin ] --START--
INFO: Run Behavior\ReadHtmlCacheBehavior [ RunTime:0.001000s ]
INFO: [ app_begin ] --END-- [ RunTime:0.001000s ]
INFO: [ view_parse ] --START--
INFO: [ template_filter ] --START--
INFO: Run Behavior\ContentReplaceBehavior [ RunTime:0.000000s ]
INFO: [ template_filter ] --END-- [ RunTime:0.000000s ]
NOTIC: [2] include(../FCKeditor/fckeditor.php): failed to open stream: No such file or directory C:\wamp\www\LNZM\Application\Runtime\Cache\Admin\97ec8f097c2d29921ffe609b24f414af.php 第 8 行.
NOTIC: [2] include(): Failed opening '../FCKeditor/fckeditor.php' for inclusion (include_path='.;C:\php\pear') C:\wamp\www\LNZM\Application\Runtime\Cache\Admin\97ec8f097c2d29921ffe609b24f414af.php 第 8 行.

[ 2015-07-23T21:37:00+08:00 ] 127.0.0.1 /LNZM/index.php/Admin/WorkTendency/addWorkTendency
INFO: [ app_init ] --START--
INFO: Run Behavior\BuildLiteBehavior [ RunTime:0.001000s ]
INFO: [ app_init ] --END-- [ RunTime:0.001000s ]
INFO: [ app_begin ] --START--
INFO: Run Behavior\ReadHtmlCacheBehavior [ RunTime:0.001000s ]
INFO: [ app_begin ] --END-- [ RunTime:0.001000s ]
INFO: [ view_parse ] --START--
INFO: [ template_filter ] --START--
INFO: Run Behavior\ContentReplaceBehavior [ RunTime:0.000000s ]
INFO: [ template_filter ] --END-- [ RunTime:0.000000s ]
NOTIC: [2] include(../FCKeditor/fckeditor.php): failed to open stream: No such file or directory C:\wamp\www\LNZM\Application\Runtime\Cache\Admin\97ec8f097c2d29921ffe609b24f414af.php 第 8 行.
NOTIC: [2] include(): Failed opening '../FCKeditor/fckeditor.php' for inclusion (include_path='.;C:\php\pear') C:\wamp\www\LNZM\Application\Runtime\Cache\Admin\97ec8f097c2d29921ffe609b24f414af.php 第 8 行.
INFO: Run Behavior\ParseTemplateBehavior [ RunTime:0.006001s ]
INFO: [ view_parse ] --END-- [ RunTime:0.006001s ]
INFO: [ view_filter ] --START--
INFO: Run Behavior\WriteHtmlCacheBehavior [ RunTime:0.001000s ]
INFO: [ view_filter ] --END-- [ RunTime:0.002000s ]
INFO: [ app_end ] --START--
INFO: Run Behavior\ShowPageTraceBehavior [ RunTime:0.001000s ]
INFO: [ app_end ] --END-- [ RunTime:0.001000s ]

[ 2015-07-23T21:37:22+08:00 ] 127.0.0.1 /LNZM/index.php/Admin/WorkTendency/addWorkTendency
INFO: [ app_init ] --START--
INFO: Run Behavior\BuildLiteBehavior [ RunTime:0.001000s ]
INFO: [ app_init ] --END-- [ RunTime:0.001000s ]
INFO: [ app_begin ] --START--
INFO: Run Behavior\ReadHtmlCacheBehavior [ RunTime:0.001000s ]
INFO: [ app_begin ] --END-- [ RunTime:0.001000s ]
INFO: [ view_parse ] --START--
INFO: [ template_filter ] --START--
INFO: Run Behavior\ContentReplaceBehavior [ RunTime:0.001000s ]
INFO: [ template_filter ] --END-- [ RunTime:0.001000s ]
NOTIC: [2] include(../FCKeditor/fckeditor.php): failed to open stream: No such file or directory C:\wamp\www\LNZM\Application\Runtime\Cache\Admin\97ec8f097c2d29921ffe609b24f414af.php 第 8 行.
NOTIC: [2] include(): Failed opening '../FCKeditor/fckeditor.php' for inclusion (include_path='.;C:\php\pear') C:\wamp\www\LNZM\Application\Runtime\Cache\Admin\97ec8f097c2d29921ffe609b24f414af.php 第 8 行.

[ 2015-07-23T21:37:23+08:00 ] 127.0.0.1 /LNZM/index.php/Admin/WorkTendency/addWorkTendency
INFO: [ app_init ] --START--
INFO: Run Behavior\BuildLiteBehavior [ RunTime:0.000000s ]
INFO: [ app_init ] --END-- [ RunTime:0.000000s ]
INFO: [ app_begin ] --START--
INFO: Run Behavior\ReadHtmlCacheBehavior [ RunTime:0.000000s ]
INFO: [ app_begin ] --END-- [ RunTime:0.000000s ]
INFO: [ view_parse ] --START--
INFO: [ template_filter ] --START--
INFO: Run Behavior\ContentReplaceBehavior [ RunTime:0.000000s ]
INFO: [ template_filter ] --END-- [ RunTime:0.000000s ]
NOTIC: [2] include(../FCKeditor/fckeditor.php): failed to open stream: No such file or directory C:\wamp\www\LNZM\Application\Runtime\Cache\Admin\97ec8f097c2d29921ffe609b24f414af.php 第 8 行.
NOTIC: [2] include(): Failed opening '../FCKeditor/fckeditor.php' for inclusion (include_path='.;C:\php\pear') C:\wamp\www\LNZM\Application\Runtime\Cache\Admin\97ec8f097c2d29921ffe609b24f414af.php 第 8 行.

[ 2015-07-23T21:40:27+08:00 ] 127.0.0.1 /LNZM/index.php/Admin/WorkTendency/addWorkTendency
INFO: [ app_init ] --START--
INFO: Run Behavior\BuildLiteBehavior [ RunTime:0.000000s ]
INFO: [ app_init ] --END-- [ RunTime:0.000000s ]
INFO: [ app_begin ] --START--
INFO: Run Behavior\ReadHtmlCacheBehavior [ RunTime:0.001000s ]
INFO: [ app_begin ] --END-- [ RunTime:0.001000s ]
INFO: [ view_parse ] --START--
INFO: [ template_filter ] --START--
INFO: Run Behavior\ContentReplaceBehavior [ RunTime:0.000000s ]
INFO: [ template_filter ] --END-- [ RunTime:0.001000s ]
NOTIC: [8] Undefined index: FCKeditor1 C:\wamp\www\LNZM\Application\Runtime\Cache\Admin\97ec8f097c2d29921ffe609b24f414af.php 第 1 行.
NOTIC: [2] include(../FCKeditor/fckeditor.php): failed to open stream: No such file or directory C:\wamp\www\LNZM\Application\Runtime\Cache\Admin\97ec8f097c2d29921ffe609b24f414af.php 第 8 行.
NOTIC: [2] include(): Failed opening '../FCKeditor/fckeditor.php' for inclusion (include_path='.;C:\php\pear') C:\wamp\www\LNZM\Application\Runtime\Cache\Admin\97ec8f097c2d29921ffe609b24f414af.php 第 8 行.

[ 2015-07-23T21:40:28+08:00 ] 127.0.0.1 /LNZM/index.php/Admin/WorkTendency/addWorkTendency
INFO: [ app_init ] --START--
INFO: Run Behavior\BuildLiteBehavior [ RunTime:0.000000s ]
INFO: [ app_init ] --END-- [ RunTime:0.000000s ]
INFO: [ app_begin ] --START--
INFO: Run Behavior\ReadHtmlCacheBehavior [ RunTime:0.000000s ]
INFO: [ app_begin ] --END-- [ RunTime:0.000000s ]
INFO: [ view_parse ] --START--
INFO: [ template_filter ] --START--
INFO: Run Behavior\ContentReplaceBehavior [ RunTime:0.000000s ]
INFO: [ template_filter ] --END-- [ RunTime:0.000000s ]
NOTIC: [8] Undefined index: FCKeditor1 C:\wamp\www\LNZM\Application\Runtime\Cache\Admin\97ec8f097c2d29921ffe609b24f414af.php 第 1 行.
NOTIC: [2] include(../FCKeditor/fckeditor.php): failed to open stream: No such file or directory C:\wamp\www\LNZM\Application\Runtime\Cache\Admin\97ec8f097c2d29921ffe609b24f414af.php 第 8 行.
NOTIC: [2] include(): Failed opening '../FCKeditor/fckeditor.php' for inclusion (include_path='.;C:\php\pear') C:\wamp\www\LNZM\Application\Runtime\Cache\Admin\97ec8f097c2d29921ffe609b24f414af.php 第 8 行.

[ 2015-07-23T21:41:48+08:00 ] 127.0.0.1 /LNZM/index.php/Admin/WorkTendency/addWorkTendency
INFO: [ app_init ] --START--
INFO: Run Behavior\BuildLiteBehavior [ RunTime:0.000000s ]
INFO: [ app_init ] --END-- [ RunTime:0.000000s ]
INFO: [ app_begin ] --START--
INFO: Run Behavior\ReadHtmlCacheBehavior [ RunTime:0.000000s ]
INFO: [ app_begin ] --END-- [ RunTime:0.000000s ]
INFO: [ view_parse ] --START--
INFO: [ template_filter ] --START--
INFO: Run Behavior\ContentReplaceBehavior [ RunTime:0.000000s ]
INFO: [ template_filter ] --END-- [ RunTime:0.000000s ]
NOTIC: [8] Undefined index: FCKeditor1 C:\wamp\www\LNZM\Application\Runtime\Cache\Admin\97ec8f097c2d29921ffe609b24f414af.php 第 1 行.
NOTIC: [2] include(../View/FCKeditor/fckeditor.php): failed to open stream: No such file or directory C:\wamp\www\LNZM\Application\Runtime\Cache\Admin\97ec8f097c2d29921ffe609b24f414af.php 第 8 行.
NOTIC: [2] include(): Failed opening '../View/FCKeditor/fckeditor.php' for inclusion (include_path='.;C:\php\pear') C:\wamp\www\LNZM\Application\Runtime\Cache\Admin\97ec8f097c2d29921ffe609b24f414af.php 第 8 行.

[ 2015-07-23T21:41:49+08:00 ] 127.0.0.1 /LNZM/index.php/Admin/WorkTendency/addWorkTendency
INFO: [ app_init ] --START--
INFO: Run Behavior\BuildLiteBehavior [ RunTime:0.000000s ]
INFO: [ app_init ] --END-- [ RunTime:0.001000s ]
INFO: [ app_begin ] --START--
INFO: Run Behavior\ReadHtmlCacheBehavior [ RunTime:0.001000s ]
INFO: [ app_begin ] --END-- [ RunTime:0.001000s ]
INFO: [ view_parse ] --START--
INFO: [ template_filter ] --START--
INFO: Run Behavior\ContentReplaceBehavior [ RunTime:0.000000s ]
INFO: [ template_filter ] --END-- [ RunTime:0.000000s ]
NOTIC: [8] Undefined index: FCKeditor1 C:\wamp\www\LNZM\Application\Runtime\Cache\Admin\97ec8f097c2d29921ffe609b24f414af.php 第 1 行.
NOTIC: [2] include(../View/FCKeditor/fckeditor.php): failed to open stream: No such file or directory C:\wamp\www\LNZM\Application\Runtime\Cache\Admin\97ec8f097c2d29921ffe609b24f414af.php 第 8 行.
NOTIC: [2] include(): Failed opening '../View/FCKeditor/fckeditor.php' for inclusion (include_path='.;C:\php\pear') C:\wamp\www\LNZM\Application\Runtime\Cache\Admin\97ec8f097c2d29921ffe609b24f414af.php 第 8 行.

[ 2015-07-23T21:41:50+08:00 ] 127.0.0.1 /LNZM/index.php/Admin/WorkTendency/addWorkTendency
INFO: [ app_init ] --START--
INFO: Run Behavior\BuildLiteBehavior [ RunTime:0.000000s ]
INFO: [ app_init ] --END-- [ RunTime:0.001000s ]
INFO: [ app_begin ] --START--
INFO: Run Behavior\ReadHtmlCacheBehavior [ RunTime:0.001000s ]
INFO: [ app_begin ] --END-- [ RunTime:0.001000s ]
INFO: [ view_parse ] --START--
INFO: [ template_filter ] --START--
INFO: Run Behavior\ContentReplaceBehavior [ RunTime:0.000000s ]
INFO: [ template_filter ] --END-- [ RunTime:0.001000s ]
NOTIC: [8] Undefined index: FCKeditor1 C:\wamp\www\LNZM\Application\Runtime\Cache\Admin\97ec8f097c2d29921ffe609b24f414af.php 第 1 行.
NOTIC: [2] include(../View/FCKeditor/fckeditor.php): failed to open stream: No such file or directory C:\wamp\www\LNZM\Application\Runtime\Cache\Admin\97ec8f097c2d29921ffe609b24f414af.php 第 8 行.
NOTIC: [2] include(): Failed opening '../View/FCKeditor/fckeditor.php' for inclusion (include_path='.;C:\php\pear') C:\wamp\www\LNZM\Application\Runtime\Cache\Admin\97ec8f097c2d29921ffe609b24f414af.php 第 8 行.

[ 2015-07-23T21:41:51+08:00 ] 127.0.0.1 /LNZM/index.php/Admin/WorkTendency/addWorkTendency
INFO: [ app_init ] --START--
INFO: Run Behavior\BuildLiteBehavior [ RunTime:0.000000s ]
INFO: [ app_init ] --END-- [ RunTime:0.000000s ]
INFO: [ app_begin ] --START--
INFO: Run Behavior\ReadHtmlCacheBehavior [ RunTime:0.001000s ]
INFO: [ app_begin ] --END-- [ RunTime:0.001000s ]
INFO: [ view_parse ] --START--
INFO: [ template_filter ] --START--
INFO: Run Behavior\ContentReplaceBehavior [ RunTime:0.000000s ]
INFO: [ template_filter ] --END-- [ RunTime:0.000000s ]
NOTIC: [8] Undefined index: FCKeditor1 C:\wamp\www\LNZM\Application\Runtime\Cache\Admin\97ec8f097c2d29921ffe609b24f414af.php 第 1 行.
NOTIC: [2] include(../View/FCKeditor/fckeditor.php): failed to open stream: No such file or directory C:\wamp\www\LNZM\Application\Runtime\Cache\Admin\97ec8f097c2d29921ffe609b24f414af.php 第 8 行.
NOTIC: [2] include(): Failed opening '../View/FCKeditor/fckeditor.php' for inclusion (include_path='.;C:\php\pear') C:\wamp\www\LNZM\Application\Runtime\Cache\Admin\97ec8f097c2d29921ffe609b24f414af.php 第 8 行.

[ 2015-07-23T21:42:31+08:00 ] 127.0.0.1 /LNZM/index.php/Admin/WorkTendency/addWorkTendency
INFO: [ app_init ] --START--
INFO: Run Behavior\BuildLiteBehavior [ RunTime:0.000000s ]
INFO: [ app_init ] --END-- [ RunTime:0.000000s ]
INFO: [ app_begin ] --START--
INFO: Run Behavior\ReadHtmlCacheBehavior [ RunTime:0.000000s ]
INFO: [ app_begin ] --END-- [ RunTime:0.000000s ]
INFO: [ view_parse ] --START--
INFO: [ template_filter ] --START--
INFO: Run Behavior\ContentReplaceBehavior [ RunTime:0.000000s ]
INFO: [ template_filter ] --END-- [ RunTime:0.000000s ]
NOTIC: [8] Undefined index: FCKeditor1 C:\wamp\www\LNZM\Application\Runtime\Cache\Admin\97ec8f097c2d29921ffe609b24f414af.php 第 1 行.
INFO: Run Behavior\ParseTemplateBehavior [ RunTime:0.008001s ]
INFO: [ view_parse ] --END-- [ RunTime:0.008001s ]
INFO: [ view_filter ] --START--
INFO: Run Behavior\WriteHtmlCacheBehavior [ RunTime:0.000000s ]
INFO: [ view_filter ] --END-- [ RunTime:0.000000s ]
INFO: [ app_end ] --START--
INFO: Run Behavior\ShowPageTraceBehavior [ RunTime:0.000000s ]
INFO: [ app_end ] --END-- [ RunTime:0.000000s ]

[ 2015-07-23T21:43:02+08:00 ] 127.0.0.1 /LNZM/index.php/Admin/WorkTendency/addWorkTendency
INFO: [ app_init ] --START--
INFO: Run Behavior\BuildLiteBehavior [ RunTime:0.000000s ]
INFO: [ app_init ] --END-- [ RunTime:0.001000s ]
INFO: [ app_begin ] --START--
INFO: Run Behavior\ReadHtmlCacheBehavior [ RunTime:0.000000s ]
INFO: [ app_begin ] --END-- [ RunTime:0.001000s ]
INFO: [ view_parse ] --START--
INFO: [ template_filter ] --START--
INFO: Run Behavior\ContentReplaceBehavior [ RunTime:0.000000s ]
INFO: [ template_filter ] --END-- [ RunTime:0.000000s ]
NOTIC: [8] Undefined index: FCKeditor1 C:\wamp\www\LNZM\Application\Runtime\Cache\Admin\97ec8f097c2d29921ffe609b24f414af.php 第 1 行.
NOTIC: [2] include(./Application/ViewView/FCKeditor/fckeditor.php): failed to open stream: No such file or directory C:\wamp\www\LNZM\Application\Runtime\Cache\Admin\97ec8f097c2d29921ffe609b24f414af.php 第 8 行.
NOTIC: [2] include(): Failed opening './Application/ViewView/FCKeditor/fckeditor.php' for inclusion (include_path='.;C:\php\pear') C:\wamp\www\LNZM\Application\Runtime\Cache\Admin\97ec8f097c2d29921ffe609b24f414af.php 第 8 行.

[ 2015-07-23T21:43:32+08:00 ] 127.0.0.1 /LNZM/index.php/Admin/WorkTendency/addWorkTendency
INFO: [ app_init ] --START--
INFO: Run Behavior\BuildLiteBehavior [ RunTime:0.000000s ]
INFO: [ app_init ] --END-- [ RunTime:0.000000s ]
INFO: [ app_begin ] --START--
INFO: Run Behavior\ReadHtmlCacheBehavior [ RunTime:0.000000s ]
INFO: [ app_begin ] --END-- [ RunTime:0.000000s ]
INFO: [ view_parse ] --START--
INFO: [ template_filter ] --START--
INFO: Run Behavior\ContentReplaceBehavior [ RunTime:0.000000s ]
INFO: [ template_filter ] --END-- [ RunTime:0.000000s ]
NOTIC: [8] Undefined index: FCKeditor1 C:\wamp\www\LNZM\Application\Runtime\Cache\Admin\97ec8f097c2d29921ffe609b24f414af.php 第 1 行.
NOTIC: [2] include(./Application/View/FCKeditor/fckeditor.php): failed to open stream: No such file or directory C:\wamp\www\LNZM\Application\Runtime\Cache\Admin\97ec8f097c2d29921ffe609b24f414af.php 第 8 行.
NOTIC: [2] include(): Failed opening './Application/View/FCKeditor/fckeditor.php' for inclusion (include_path='.;C:\php\pear') C:\wamp\www\LNZM\Application\Runtime\Cache\Admin\97ec8f097c2d29921ffe609b24f414af.php 第 8 行.

[ 2015-07-23T21:43:33+08:00 ] 127.0.0.1 /LNZM/index.php/Admin/WorkTendency/addWorkTendency
INFO: [ app_init ] --START--
INFO: Run Behavior\BuildLiteBehavior [ RunTime:0.001001s ]
INFO: [ app_init ] --END-- [ RunTime:0.001001s ]
INFO: [ app_begin ] --START--
INFO: Run Behavior\ReadHtmlCacheBehavior [ RunTime:0.001000s ]
INFO: [ app_begin ] --END-- [ RunTime:0.001000s ]
INFO: [ view_parse ] --START--
INFO: [ template_filter ] --START--
INFO: Run Behavior\ContentReplaceBehavior [ RunTime:0.001000s ]
INFO: [ template_filter ] --END-- [ RunTime:0.001000s ]
NOTIC: [8] Undefined index: FCKeditor1 C:\wamp\www\LNZM\Application\Runtime\Cache\Admin\97ec8f097c2d29921ffe609b24f414af.php 第 1 行.
NOTIC: [2] include(./Application/View/FCKeditor/fckeditor.php): failed to open stream: No such file or directory C:\wamp\www\LNZM\Application\Runtime\Cache\Admin\97ec8f097c2d29921ffe609b24f414af.php 第 8 行.
NOTIC: [2] include(): Failed opening './Application/View/FCKeditor/fckeditor.php' for inclusion (include_path='.;C:\php\pear') C:\wamp\www\LNZM\Application\Runtime\Cache\Admin\97ec8f097c2d29921ffe609b24f414af.php 第 8 行.

[ 2015-07-23T21:43:34+08:00 ] 127.0.0.1 /LNZM/index.php/Admin/WorkTendency/addWorkTendency
INFO: [ app_init ] --START--
INFO: Run Behavior\BuildLiteBehavior [ RunTime:0.000000s ]
INFO: [ app_init ] --END-- [ RunTime:0.000000s ]
INFO: [ app_begin ] --START--
INFO: Run Behavior\ReadHtmlCacheBehavior [ RunTime:0.000000s ]
INFO: [ app_begin ] --END-- [ RunTime:0.000000s ]
INFO: [ view_parse ] --START--
INFO: [ template_filter ] --START--
INFO: Run Behavior\ContentReplaceBehavior [ RunTime:0.000000s ]
INFO: [ template_filter ] --END-- [ RunTime:0.000000s ]
NOTIC: [8] Undefined index: FCKeditor1 C:\wamp\www\LNZM\Application\Runtime\Cache\Admin\97ec8f097c2d29921ffe609b24f414af.php 第 1 行.
NOTIC: [2] include(./Application/View/FCKeditor/fckeditor.php): failed to open stream: No such file or directory C:\wamp\www\LNZM\Application\Runtime\Cache\Admin\97ec8f097c2d29921ffe609b24f414af.php 第 8 行.
NOTIC: [2] include(): Failed opening './Application/View/FCKeditor/fckeditor.php' for inclusion (include_path='.;C:\php\pear') C:\wamp\www\LNZM\Application\Runtime\Cache\Admin\97ec8f097c2d29921ffe609b24f414af.php 第 8 行.

[ 2015-07-23T21:43:35+08:00 ] 127.0.0.1 /LNZM/index.php/Admin/WorkTendency/addWorkTendency
INFO: [ app_init ] --START--
INFO: Run Behavior\BuildLiteBehavior [ RunTime:0.000000s ]
INFO: [ app_init ] --END-- [ RunTime:0.001000s ]
INFO: [ app_begin ] --START--
INFO: Run Behavior\ReadHtmlCacheBehavior [ RunTime:0.000000s ]
INFO: [ app_begin ] --END-- [ RunTime:0.001000s ]
INFO: [ view_parse ] --START--
INFO: [ template_filter ] --START--
INFO: Run Behavior\ContentReplaceBehavior [ RunTime:0.000000s ]
INFO: [ template_filter ] --END-- [ RunTime:0.000000s ]
NOTIC: [8] Undefined index: FCKeditor1 C:\wamp\www\LNZM\Application\Runtime\Cache\Admin\97ec8f097c2d29921ffe609b24f414af.php 第 1 行.
NOTIC: [2] include(./Application/View/FCKeditor/fckeditor.php): failed to open stream: No such file or directory C:\wamp\www\LNZM\Application\Runtime\Cache\Admin\97ec8f097c2d29921ffe609b24f414af.php 第 8 行.
NOTIC: [2] include(): Failed opening './Application/View/FCKeditor/fckeditor.php' for inclusion (include_path='.;C:\php\pear') C:\wamp\www\LNZM\Application\Runtime\Cache\Admin\97ec8f097c2d29921ffe609b24f414af.php 第 8 行.

[ 2015-07-23T21:46:22+08:00 ] 127.0.0.1 /LNZM/index.php/Admin/WorkTendency/addWorkTendency
INFO: [ app_init ] --START--
INFO: Run Behavior\BuildLiteBehavior [ RunTime:0.000000s ]
INFO: [ app_init ] --END-- [ RunTime:0.000000s ]
INFO: [ app_begin ] --START--
INFO: Run Behavior\ReadHtmlCacheBehavior [ RunTime:0.005000s ]
INFO: [ app_begin ] --END-- [ RunTime:0.005000s ]
NOTIC: [2] include(./FCKeditor/fckeditor.php): failed to open stream: No such file or directory C:\wamp\www\LNZM\Application\Admin\Controller\WorkTendencyController.class.php 第 5 行.
NOTIC: [2] include(): Failed opening './FCKeditor/fckeditor.php' for inclusion (include_path='.;C:\php\pear') C:\wamp\www\LNZM\Application\Admin\Controller\WorkTendencyController.class.php 第 5 行.

[ 2015-07-23T21:49:38+08:00 ] 127.0.0.1 /LNZM/index.php/Admin/WorkTendency/addWorkTendency
INFO: [ app_init ] --START--
INFO: Run Behavior\BuildLiteBehavior [ RunTime:0.000000s ]
INFO: [ app_init ] --END-- [ RunTime:0.000000s ]
INFO: [ app_begin ] --START--
INFO: Run Behavior\ReadHtmlCacheBehavior [ RunTime:0.001000s ]
INFO: [ app_begin ] --END-- [ RunTime:0.001000s ]
NOTIC: [2] include(./FCKeditor/fckeditor_php5.php): failed to open stream: No such file or directory C:\wamp\www\LNZM\Application\Admin\Controller\WorkTendencyController.class.php 第 5 行.
NOTIC: [2] include(): Failed opening './FCKeditor/fckeditor_php5.php' for inclusion (include_path='.;C:\php\pear') C:\wamp\www\LNZM\Application\Admin\Controller\WorkTendencyController.class.php 第 5 行.

[ 2015-07-23T21:49:41+08:00 ] 127.0.0.1 /LNZM/index.php/Admin/WorkTendency/addWorkTendency
INFO: [ app_init ] --START--
INFO: Run Behavior\BuildLiteBehavior [ RunTime:0.000000s ]
INFO: [ app_init ] --END-- [ RunTime:0.001000s ]
INFO: [ app_begin ] --START--
INFO: Run Behavior\ReadHtmlCacheBehavior [ RunTime:0.000000s ]
INFO: [ app_begin ] --END-- [ RunTime:0.001000s ]
NOTIC: [2] include(./FCKeditor/fckeditor_php5.php): failed to open stream: No such file or directory C:\wamp\www\LNZM\Application\Admin\Controller\WorkTendencyController.class.php 第 5 行.
NOTIC: [2] include(): Failed opening './FCKeditor/fckeditor_php5.php' for inclusion (include_path='.;C:\php\pear') C:\wamp\www\LNZM\Application\Admin\Controller\WorkTendencyController.class.php 第 5 行.

[ 2015-07-23T21:49:41+08:00 ] 127.0.0.1 /LNZM/index.php/Admin/View/edittest.html
INFO: [ app_init ] --START--
INFO: Run Behavior\BuildLiteBehavior [ RunTime:0.000000s ]
INFO: [ app_init ] --END-- [ RunTime:0.000000s ]
INFO: [ app_begin ] --START--
INFO: Run Behavior\ReadHtmlCacheBehavior [ RunTime:0.000000s ]
INFO: [ app_begin ] --END-- [ RunTime:0.000000s ]
ERR: 无法加载控制器:View

[ 2015-07-23T21:49:42+08:00 ] 127.0.0.1 /LNZM/index.php/Admin/WorkTendency/addWorkTendency
INFO: [ app_init ] --START--
INFO: Run Behavior\BuildLiteBehavior [ RunTime:0.000000s ]
INFO: [ app_init ] --END-- [ RunTime:0.000000s ]
INFO: [ app_begin ] --START--
INFO: Run Behavior\ReadHtmlCacheBehavior [ RunTime:0.001000s ]
INFO: [ app_begin ] --END-- [ RunTime:0.001000s ]
NOTIC: [2] include(./FCKeditor/fckeditor_php5.php): failed to open stream: No such file or directory C:\wamp\www\LNZM\Application\Admin\Controller\WorkTendencyController.class.php 第 5 行.
NOTIC: [2] include(): Failed opening './FCKeditor/fckeditor_php5.php' for inclusion (include_path='.;C:\php\pear') C:\wamp\www\LNZM\Application\Admin\Controller\WorkTendencyController.class.php 第 5 行.

[ 2015-07-23T21:49:43+08:00 ] 127.0.0.1 /LNZM/index.php/Admin/WorkTendency/addWorkTendency
INFO: [ app_init ] --START--
INFO: Run Behavior\BuildLiteBehavior [ RunTime:0.000000s ]
INFO: [ app_init ] --END-- [ RunTime:0.001000s ]
INFO: [ app_begin ] --START--
INFO: Run Behavior\ReadHtmlCacheBehavior [ RunTime:0.001000s ]
INFO: [ app_begin ] --END-- [ RunTime:0.001000s ]
NOTIC: [2] include(./FCKeditor/fckeditor_php5.php): failed to open stream: No such file or directory C:\wamp\www\LNZM\Application\Admin\Controller\WorkTendencyController.class.php 第 5 行.
NOTIC: [2] include(): Failed opening './FCKeditor/fckeditor_php5.php' for inclusion (include_path='.;C:\php\pear') C:\wamp\www\LNZM\Application\Admin\Controller\WorkTendencyController.class.php 第 5 行.

[ 2015-07-23T21:49:44+08:00 ] 127.0.0.1 /LNZM/index.php/Admin/WorkTendency/addWorkTendency
INFO: [ app_init ] --START--
INFO: Run Behavior\BuildLiteBehavior [ RunTime:0.000000s ]
INFO: [ app_init ] --END-- [ RunTime:0.000000s ]
INFO: [ app_begin ] --START--
INFO: Run Behavior\ReadHtmlCacheBehavior [ RunTime:0.000000s ]
INFO: [ app_begin ] --END-- [ RunTime:0.000000s ]
NOTIC: [2] include(./FCKeditor/fckeditor_php5.php): failed to open stream: No such file or directory C:\wamp\www\LNZM\Application\Admin\Controller\WorkTendencyController.class.php 第 5 行.
NOTIC: [2] include(): Failed opening './FCKeditor/fckeditor_php5.php' for inclusion (include_path='.;C:\php\pear') C:\wamp\www\LNZM\Application\Admin\Controller\WorkTendencyController.class.php 第 5 行.

[ 2015-07-23T21:49:45+08:00 ] 127.0.0.1 /LNZM/index.php/Admin/WorkTendency/addWorkTendency
INFO: [ app_init ] --START--
INFO: Run Behavior\BuildLiteBehavior [ RunTime:0.000000s ]
INFO: [ app_init ] --END-- [ RunTime:0.000000s ]
INFO: [ app_begin ] --START--
INFO: Run Behavior\ReadHtmlCacheBehavior [ RunTime:0.000000s ]
INFO: [ app_begin ] --END-- [ RunTime:0.001000s ]
NOTIC: [2] include(./FCKeditor/fckeditor_php5.php): failed to open stream: No such file or directory C:\wamp\www\LNZM\Application\Admin\Controller\WorkTendencyController.class.php 第 5 行.
NOTIC: [2] include(): Failed opening './FCKeditor/fckeditor_php5.php' for inclusion (include_path='.;C:\php\pear') C:\wamp\www\LNZM\Application\Admin\Controller\WorkTendencyController.class.php 第 5 行.

[ 2015-07-23T21:49:45+08:00 ] 127.0.0.1 /LNZM/index.php/Admin/WorkTendency/addWorkTendency
INFO: [ app_init ] --START--
INFO: Run Behavior\BuildLiteBehavior [ RunTime:0.001000s ]
INFO: [ app_init ] --END-- [ RunTime:0.001000s ]
INFO: [ app_begin ] --START--
INFO: Run Behavior\ReadHtmlCacheBehavior [ RunTime:0.000000s ]
INFO: [ app_begin ] --END-- [ RunTime:0.000000s ]
NOTIC: [2] include(./FCKeditor/fckeditor_php5.php): failed to open stream: No such file or directory C:\wamp\www\LNZM\Application\Admin\Controller\WorkTendencyController.class.php 第 5 行.
NOTIC: [2] include(): Failed opening './FCKeditor/fckeditor_php5.php' for inclusion (include_path='.;C:\php\pear') C:\wamp\www\LNZM\Application\Admin\Controller\WorkTendencyController.class.php 第 5 行.

[ 2015-07-23T21:49:46+08:00 ] 127.0.0.1 /LNZM/index.php/Admin/WorkTendency/addWorkTendency
INFO: [ app_init ] --START--
INFO: Run Behavior\BuildLiteBehavior [ RunTime:0.000000s ]
INFO: [ app_init ] --END-- [ RunTime:0.001000s ]
INFO: [ app_begin ] --START--
INFO: Run Behavior\ReadHtmlCacheBehavior [ RunTime:0.001000s ]
INFO: [ app_begin ] --END-- [ RunTime:0.001000s ]
NOTIC: [2] include(./FCKeditor/fckeditor_php5.php): failed to open stream: No such file or directory C:\wamp\www\LNZM\Application\Admin\Controller\WorkTendencyController.class.php 第 5 行.
NOTIC: [2] include(): Failed opening './FCKeditor/fckeditor_php5.php' for inclusion (include_path='.;C:\php\pear') C:\wamp\www\LNZM\Application\Admin\Controller\WorkTendencyController.class.php 第 5 行.

[ 2015-07-23T21:49:46+08:00 ] 127.0.0.1 /LNZM/index.php/Admin/WorkTendency/addWorkTendency
INFO: [ app_init ] --START--
INFO: Run Behavior\BuildLiteBehavior [ RunTime:0.000000s ]
INFO: [ app_init ] --END-- [ RunTime:0.001000s ]
INFO: [ app_begin ] --START--
INFO: Run Behavior\ReadHtmlCacheBehavior [ RunTime:0.001000s ]
INFO: [ app_begin ] --END-- [ RunTime:0.001000s ]
NOTIC: [2] include(./FCKeditor/fckeditor_php5.php): failed to open stream: No such file or directory C:\wamp\www\LNZM\Application\Admin\Controller\WorkTendencyController.class.php 第 5 行.
NOTIC: [2] include(): Failed opening './FCKeditor/fckeditor_php5.php' for inclusion (include_path='.;C:\php\pear') C:\wamp\www\LNZM\Application\Admin\Controller\WorkTendencyController.class.php 第 5 行.

[ 2015-07-23T21:54:13+08:00 ] 127.0.0.1 /LNZM/index.php/Admin/WorkTendency/addWorkTendency
INFO: [ app_init ] --START--
INFO: Run Behavior\BuildLiteBehavior [ RunTime:0.000000s ]
INFO: [ app_init ] --END-- [ RunTime:0.000000s ]
INFO: [ app_begin ] --START--
INFO: Run Behavior\ReadHtmlCacheBehavior [ RunTime:0.001000s ]
INFO: [ app_begin ] --END-- [ RunTime:0.001000s ]

[ 2015-07-23T21:54:14+08:00 ] 127.0.0.1 /LNZM/index.php/Admin/WorkTendency/addWorkTendency
INFO: [ app_init ] --START--
INFO: Run Behavior\BuildLiteBehavior [ RunTime:0.000000s ]
INFO: [ app_init ] --END-- [ RunTime:0.001000s ]
INFO: [ app_begin ] --START--
INFO: Run Behavior\ReadHtmlCacheBehavior [ RunTime:0.001000s ]
INFO: [ app_begin ] --END-- [ RunTime:0.001000s ]

[ 2015-07-23T21:54:15+08:00 ] 127.0.0.1 /LNZM/index.php/Admin/WorkTendency/addWorkTendency
INFO: [ app_init ] --START--
INFO: Run Behavior\BuildLiteBehavior [ RunTime:0.000000s ]
INFO: [ app_init ] --END-- [ RunTime:0.000000s ]
INFO: [ app_begin ] --START--
INFO: Run Behavior\ReadHtmlCacheBehavior [ RunTime:0.000000s ]
INFO: [ app_begin ] --END-- [ RunTime:0.001000s ]

[ 2015-07-23T22:22:47+08:00 ] 127.0.0.1 /LNZM/index.php/Admin/WorkTendency/addWorkTendency
INFO: [ app_init ] --START--
INFO: Run Behavior\BuildLiteBehavior [ RunTime:0.000000s ]
INFO: [ app_init ] --END-- [ RunTime:0.001001s ]
INFO: [ app_begin ] --START--
INFO: Run Behavior\ReadHtmlCacheBehavior [ RunTime:0.000000s ]
INFO: [ app_begin ] --END-- [ RunTime:0.000000s ]
INFO: [ app_end ] --START--
INFO: Run Behavior\ShowPageTraceBehavior [ RunTime:0.000000s ]
INFO: [ app_end ] --END-- [ RunTime:0.001000s ]

[ 2015-07-23T22:23:38+08:00 ] 127.0.0.1 /LNZM/index.php/Admin/WorkTendency/addWorkTendency
INFO: [ app_init ] --START--
INFO: Run Behavior\BuildLiteBehavior [ RunTime:0.000000s ]
INFO: [ app_init ] --END-- [ RunTime:0.000000s ]
INFO: [ app_begin ] --START--
INFO: Run Behavior\ReadHtmlCacheBehavior [ RunTime:0.001000s ]
INFO: [ app_begin ] --END-- [ RunTime:0.001000s ]

[ 2015-07-23T22:23:40+08:00 ] 127.0.0.1 /LNZM/index.php/Admin/WorkTendency/addWorkTendency
INFO: [ app_init ] --START--
INFO: Run Behavior\BuildLiteBehavior [ RunTime:0.000000s ]
INFO: [ app_init ] --END-- [ RunTime:0.000000s ]
INFO: [ app_begin ] --START--
INFO: Run Behavior\ReadHtmlCacheBehavior [ RunTime:0.000000s ]
INFO: [ app_begin ] --END-- [ RunTime:0.000000s ]

[ 2015-07-23T22:23:50+08:00 ] 127.0.0.1 /LNZM/index.php/Admin/WorkTendency/addWorkTendency
INFO: [ app_init ] --START--
INFO: Run Behavior\BuildLiteBehavior [ RunTime:0.000000s ]
INFO: [ app_init ] --END-- [ RunTime:0.001000s ]
INFO: [ app_begin ] --START--
INFO: Run Behavior\ReadHtmlCacheBehavior [ RunTime:0.001000s ]
INFO: [ app_begin ] --END-- [ RunTime:0.001000s ]

[ 2015-07-23T22:23:50+08:00 ] 127.0.0.1 /LNZM/index.php/Admin/WorkTendency/addWorkTendency
INFO: [ app_init ] --START--
INFO: Run Behavior\BuildLiteBehavior [ RunTime:0.000000s ]
INFO: [ app_init ] --END-- [ RunTime:0.000000s ]
INFO: [ app_begin ] --START--
INFO: Run Behavior\ReadHtmlCacheBehavior [ RunTime:0.001000s ]
INFO: [ app_begin ] --END-- [ RunTime:0.001000s ]

[ 2015-07-23T23:21:48+08:00 ] 127.0.0.1 /LNZM/index.php/Admin/WorkTendency/addWorkTendency
INFO: [ app_init ] --START--
INFO: Run Behavior\BuildLiteBehavior [ RunTime:0.000000s ]
INFO: [ app_init ] --END-- [ RunTime:0.000000s ]
INFO: [ app_begin ] --START--
INFO: Run Behavior\ReadHtmlCacheBehavior [ RunTime:0.001000s ]
INFO: [ app_begin ] --END-- [ RunTime:0.001000s ]

[ 2015-07-23T23:21:49+08:00 ] 127.0.0.1 /LNZM/index.php/Admin/WorkTendency/addWorkTendency
INFO: [ app_init ] --START--
INFO: Run Behavior\BuildLiteBehavior [ RunTime:0.000000s ]
INFO: [ app_init ] --END-- [ RunTime:0.001000s ]
INFO: [ app_begin ] --START--
INFO: Run Behavior\ReadHtmlCacheBehavior [ RunTime:0.001000s ]
INFO: [ app_begin ] --END-- [ RunTime:0.001000s ]

[ 2015-07-23T23:22:23+08:00 ] 127.0.0.1 /LNZM/index.php/Admin/WorkTendency/addWorkTendency
INFO: [ app_init ] --START--
INFO: Run Behavior\BuildLiteBehavior [ RunTime:0.000000s ]
INFO: [ app_init ] --END-- [ RunTime:0.000000s ]
INFO: [ app_begin ] --START--
INFO: Run Behavior\ReadHtmlCacheBehavior [ RunTime:0.001000s ]
INFO: [ app_begin ] --END-- [ RunTime:0.001000s ]

[ 2015-07-23T23:22:24+08:00 ] 127.0.0.1 /LNZM/index.php/Admin/WorkTendency/addWorkTendency
INFO: [ app_init ] --START--
INFO: Run Behavior\BuildLiteBehavior [ RunTime:0.000000s ]
INFO: [ app_init ] --END-- [ RunTime:0.001000s ]
INFO: [ app_begin ] --START--
INFO: Run Behavior\ReadHtmlCacheBehavior [ RunTime:0.001000s ]
INFO: [ app_begin ] --END-- [ RunTime:0.001000s ]

[ 2015-07-23T23:22:25+08:00 ] 127.0.0.1 /LNZM/index.php/Admin/WorkTendency/addWorkTendency
INFO: [ app_init ] --START--
INFO: Run Behavior\BuildLiteBehavior [ RunTime:0.000000s ]
INFO: [ app_init ] --END-- [ RunTime:0.001000s ]
INFO: [ app_begin ] --START--
INFO: Run Behavior\ReadHtmlCacheBehavior [ RunTime:0.001000s ]
INFO: [ app_begin ] --END-- [ RunTime:0.001000s ]

[ 2015-07-23T23:24:05+08:00 ] 127.0.0.1 /LNZM/index.php/Admin/WorkTendency/addWorkTendency
INFO: [ app_init ] --START--
INFO: Run Behavior\BuildLiteBehavior [ RunTime:0.000000s ]
INFO: [ app_init ] --END-- [ RunTime:0.001000s ]
INFO: [ app_begin ] --START--
INFO: Run Behavior\ReadHtmlCacheBehavior [ RunTime:0.001000s ]
INFO: [ app_begin ] --END-- [ RunTime:0.001000s ]

[ 2015-07-23T23:24:06+08:00 ] 127.0.0.1 /LNZM/index.php/Admin/WorkTendency/addWorkTendency
INFO: [ app_init ] --START--
INFO: Run Behavior\BuildLiteBehavior [ RunTime:0.000000s ]
INFO: [ app_init ] --END-- [ RunTime:0.000000s ]
INFO: [ app_begin ] --START--
INFO: Run Behavior\ReadHtmlCacheBehavior [ RunTime:0.000000s ]
INFO: [ app_begin ] --END-- [ RunTime:0.000000s ]

[ 2015-07-23T23:24:50+08:00 ] 127.0.0.1 /LNZM/index.php/Admin/WorkTendency/addWorkTendency
INFO: [ app_init ] --START--
INFO: Run Behavior\BuildLiteBehavior [ RunTime:0.000000s ]
INFO: [ app_init ] --END-- [ RunTime:0.001000s ]
INFO: [ app_begin ] --START--
INFO: Run Behavior\ReadHtmlCacheBehavior [ RunTime:0.001000s ]
INFO: [ app_begin ] --END-- [ RunTime:0.004001s ]

[ 2015-07-23T23:24:51+08:00 ] 127.0.0.1 /LNZM/index.php/Admin/WorkTendency/addWorkTendency
INFO: [ app_init ] --START--
INFO: Run Behavior\BuildLiteBehavior [ RunTime:0.000000s ]
INFO: [ app_init ] --END-- [ RunTime:0.000000s ]
INFO: [ app_begin ] --START--
INFO: Run Behavior\ReadHtmlCacheBehavior [ RunTime:0.000000s ]
INFO: [ app_begin ] --END-- [ RunTime:0.001000s ]

[ 2015-07-23T23:24:51+08:00 ] 127.0.0.1 /LNZM/index.php/Admin/WorkTendency/addWorkTendency
INFO: [ app_init ] --START--
INFO: Run Behavior\BuildLiteBehavior [ RunTime:0.000000s ]
INFO: [ app_init ] --END-- [ RunTime:0.000000s ]
INFO: [ app_begin ] --START--
INFO: Run Behavior\ReadHtmlCacheBehavior [ RunTime:0.000000s ]
INFO: [ app_begin ] --END-- [ RunTime:0.000000s ]

[ 2015-07-23T23:24:51+08:00 ] 127.0.0.1 /LNZM/index.php/Admin/WorkTendency/addWorkTendency
INFO: [ app_init ] --START--
INFO: Run Behavior\BuildLiteBehavior [ RunTime:0.000000s ]
INFO: [ app_init ] --END-- [ RunTime:0.000000s ]
INFO: [ app_begin ] --START--
INFO: Run Behavior\ReadHtmlCacheBehavior [ RunTime:0.001000s ]
INFO: [ app_begin ] --END-- [ RunTime:0.001000s ]

[ 2015-07-23T23:24:52+08:00 ] 127.0.0.1 /LNZM/index.php/Admin/WorkTendency/addWorkTendency
INFO: [ app_init ] --START--
INFO: Run Behavior\BuildLiteBehavior [ RunTime:0.000000s ]
INFO: [ app_init ] --END-- [ RunTime:0.001000s ]
INFO: [ app_begin ] --START--
INFO: Run Behavior\ReadHtmlCacheBehavior [ RunTime:0.001001s ]
INFO: [ app_begin ] --END-- [ RunTime:0.001001s ]

[ 2015-07-23T23:24:52+08:00 ] 127.0.0.1 /LNZM/index.php/Admin/WorkTendency/addWorkTendency
INFO: [ app_init ] --START--
INFO: Run Behavior\BuildLiteBehavior [ RunTime:0.000000s ]
INFO: [ app_init ] --END-- [ RunTime:0.001000s ]
INFO: [ app_begin ] --START--
INFO: Run Behavior\ReadHtmlCacheBehavior [ RunTime:0.001000s ]
INFO: [ app_begin ] --END-- [ RunTime:0.001000s ]

[ 2015-07-23T23:24:53+08:00 ] 127.0.0.1 /LNZM/index.php/Admin/WorkTendency/addWorkTendency
INFO: [ app_init ] --START--
INFO: Run Behavior\BuildLiteBehavior [ RunTime:0.000000s ]
INFO: [ app_init ] --END-- [ RunTime:0.000000s ]
INFO: [ app_begin ] --START--
INFO: Run Behavior\ReadHtmlCacheBehavior [ RunTime:0.000000s ]
INFO: [ app_begin ] --END-- [ RunTime:0.001000s ]

[ 2015-07-23T23:24:54+08:00 ] 127.0.0.1 /LNZM/index.php/Admin/WorkTendency/addWorkTendency
INFO: [ app_init ] --START--
INFO: Run Behavior\BuildLiteBehavior [ RunTime:0.000000s ]
INFO: [ app_init ] --END-- [ RunTime:0.000000s ]
INFO: [ app_begin ] --START--
INFO: Run Behavior\ReadHtmlCacheBehavior [ RunTime:0.000000s ]
INFO: [ app_begin ] --END-- [ RunTime:0.000000s ]

[ 2015-07-23T23:24:54+08:00 ] 127.0.0.1 /LNZM/index.php/Admin/WorkTendency/addWorkTendency
INFO: [ app_init ] --START--
INFO: Run Behavior\BuildLiteBehavior [ RunTime:0.000000s ]
INFO: [ app_init ] --END-- [ RunTime:0.001000s ]
INFO: [ app_begin ] --START--
INFO: Run Behavior\ReadHtmlCacheBehavior [ RunTime:0.001000s ]
INFO: [ app_begin ] --END-- [ RunTime:0.001000s ]

[ 2015-07-23T23:24:55+08:00 ] 127.0.0.1 /LNZM/index.php/Admin/WorkTendency/addWorkTendency
INFO: [ app_init ] --START--
INFO: Run Behavior\BuildLiteBehavior [ RunTime:0.000000s ]
INFO: [ app_init ] --END-- [ RunTime:0.000000s ]
INFO: [ app_begin ] --START--
INFO: Run Behavior\ReadHtmlCacheBehavior [ RunTime:0.000000s ]
INFO: [ app_begin ] --END-- [ RunTime:0.000000s ]

[ 2015-07-23T23:27:44+08:00 ] 127.0.0.1 /LNZM/index.php/Admin/WorkTendency/addWorkTendency
INFO: [ app_init ] --START--
INFO: Run Behavior\BuildLiteBehavior [ RunTime:0.000000s ]
INFO: [ app_init ] --END-- [ RunTime:0.001000s ]
INFO: [ app_begin ] --START--
INFO: Run Behavior\ReadHtmlCacheBehavior [ RunTime:0.001000s ]
INFO: [ app_begin ] --END-- [ RunTime:0.001000s ]

[ 2015-07-23T23:27:45+08:00 ] 127.0.0.1 /LNZM/index.php/Admin/WorkTendency/addWorkTendency
INFO: [ app_init ] --START--
INFO: Run Behavior\BuildLiteBehavior [ RunTime:0.000000s ]
INFO: [ app_init ] --END-- [ RunTime:0.001000s ]
INFO: [ app_begin ] --START--
INFO: Run Behavior\ReadHtmlCacheBehavior [ RunTime:0.001000s ]
INFO: [ app_begin ] --END-- [ RunTime:0.001000s ]

[ 2015-07-23T23:34:32+08:00 ] 127.0.0.1 /LNZM/index.php/Admin/WorkTendency/addWorkTendency
INFO: [ app_init ] --START--
INFO: Run Behavior\BuildLiteBehavior [ RunTime:0.000000s ]
INFO: [ app_init ] --END-- [ RunTime:0.000000s ]
INFO: [ app_begin ] --START--
INFO: Run Behavior\ReadHtmlCacheBehavior [ RunTime:0.001001s ]
INFO: [ app_begin ] --END-- [ RunTime:0.001001s ]

[ 2015-07-23T23:36:33+08:00 ] 127.0.0.1 /LNZM/index.php/Admin/WorkTendency/addWorkTendency
INFO: [ app_init ] --START--
INFO: Run Behavior\BuildLiteBehavior [ RunTime:0.000000s ]
INFO: [ app_init ] --END-- [ RunTime:0.001000s ]
INFO: [ app_begin ] --START--
INFO: Run Behavior\ReadHtmlCacheBehavior [ RunTime:0.000000s ]
INFO: [ app_begin ] --END-- [ RunTime:0.001000s ]

[ 2015-07-23T23:36:37+08:00 ] 127.0.0.1 /LNZM/index.php/Admin/WorkTendency/addWorkTendency
INFO: [ app_init ] --START--
INFO: Run Behavior\BuildLiteBehavior [ RunTime:0.000000s ]
INFO: [ app_init ] --END-- [ RunTime:0.001000s ]
INFO: [ app_begin ] --START--
INFO: Run Behavior\ReadHtmlCacheBehavior [ RunTime:0.001000s ]
INFO: [ app_begin ] --END-- [ RunTime:0.001000s ]

[ 2015-07-23T23:37:41+08:00 ] 127.0.0.1 /LNZM/index.php/Admin/WorkTendency/addWorkTendency
INFO: [ app_init ] --START--
INFO: Run Behavior\BuildLiteBehavior [ RunTime:0.000000s ]
INFO: [ app_init ] --END-- [ RunTime:0.001000s ]
INFO: [ app_begin ] --START--
INFO: Run Behavior\ReadHtmlCacheBehavior [ RunTime:0.001000s ]
INFO: [ app_begin ] --END-- [ RunTime:0.001000s ]

[ 2015-07-23T23:37:42+08:00 ] 127.0.0.1 /LNZM/index.php/Admin/WorkTendency/addWorkTendency
INFO: [ app_init ] --START--
INFO: Run Behavior\BuildLiteBehavior [ RunTime:0.000000s ]
INFO: [ app_init ] --END-- [ RunTime:0.001000s ]
INFO: [ app_begin ] --START--
INFO: Run Behavior\ReadHtmlCacheBehavior [ RunTime:0.001000s ]
INFO: [ app_begin ] --END-- [ RunTime:0.001000s ]

[ 2015-07-23T23:37:42+08:00 ] 127.0.0.1 /LNZM/index.php/Admin/WorkTendency/addWorkTendency
INFO: [ app_init ] --START--
INFO: Run Behavior\BuildLiteBehavior [ RunTime:0.000000s ]
INFO: [ app_init ] --END-- [ RunTime:0.001000s ]
INFO: [ app_begin ] --START--
INFO: Run Behavior\ReadHtmlCacheBehavior [ RunTime:0.001000s ]
INFO: [ app_begin ] --END-- [ RunTime:0.001000s ]

[ 2015-07-23T23:37:42+08:00 ] 127.0.0.1 /LNZM/index.php/Admin/WorkTendency/addWorkTendency
INFO: [ app_init ] --START--
INFO: Run Behavior\BuildLiteBehavior [ RunTime:0.000000s ]
INFO: [ app_init ] --END-- [ RunTime:0.000000s ]
INFO: [ app_begin ] --START--
INFO: Run Behavior\ReadHtmlCacheBehavior [ RunTime:0.000000s ]
INFO: [ app_begin ] --END-- [ RunTime:0.001000s ]

[ 2015-07-23T23:37:44+08:00 ] 127.0.0.1 /LNZM/index.php/Admin/WorkTendency/addWorkTendency
INFO: [ app_init ] --START--
INFO: Run Behavior\BuildLiteBehavior [ RunTime:0.000000s ]
INFO: [ app_init ] --END-- [ RunTime:0.000000s ]
INFO: [ app_begin ] --START--
INFO: Run Behavior\ReadHtmlCacheBehavior [ RunTime:0.000000s ]
INFO: [ app_begin ] --END-- [ RunTime:0.000000s ]

[ 2015-07-23T23:37:45+08:00 ] 127.0.0.1 /LNZM/index.php/Admin/WorkTendency/addWorkTendency
INFO: [ app_init ] --START--
INFO: Run Behavior\BuildLiteBehavior [ RunTime:0.000000s ]
INFO: [ app_init ] --END-- [ RunTime:0.000000s ]
INFO: [ app_begin ] --START--
INFO: Run Behavior\ReadHtmlCacheBehavior [ RunTime:0.000000s ]
INFO: [ app_begin ] --END-- [ RunTime:0.000000s ]

[ 2015-07-23T23:37:45+08:00 ] 127.0.0.1 /LNZM/index.php/Admin/WorkTendency/addWorkTendency
INFO: [ app_init ] --START--
INFO: Run Behavior\BuildLiteBehavior [ RunTime:0.000000s ]
INFO: [ app_init ] --END-- [ RunTime:0.000000s ]
INFO: [ app_begin ] --START--
INFO: Run Behavior\ReadHtmlCacheBehavior [ RunTime:0.000000s ]
INFO: [ app_begin ] --END-- [ RunTime:0.001000s ]

[ 2015-07-23T23:37:46+08:00 ] 127.0.0.1 /LNZM/index.php/Admin/WorkTendency/addWorkTendency
INFO: [ app_init ] --START--
INFO: Run Behavior\BuildLiteBehavior [ RunTime:0.000000s ]
INFO: [ app_init ] --END-- [ RunTime:0.000000s ]
INFO: [ app_begin ] --START--
INFO: Run Behavior\ReadHtmlCacheBehavior [ RunTime:0.001000s ]
INFO: [ app_begin ] --END-- [ RunTime:0.001000s ]

[ 2015-07-23T23:38:39+08:00 ] 127.0.0.1 /LNZM/index.php/Admin/WorkTendency/addWorkTendency
INFO: [ app_init ] --START--
INFO: Run Behavior\BuildLiteBehavior [ RunTime:0.000000s ]
INFO: [ app_init ] --END-- [ RunTime:0.001000s ]
INFO: [ app_begin ] --START--
INFO: Run Behavior\ReadHtmlCacheBehavior [ RunTime:0.001000s ]
INFO: [ app_begin ] --END-- [ RunTime:0.001000s ]

[ 2015-07-23T23:38:40+08:00 ] 127.0.0.1 /LNZM/index.php/Admin/WorkTendency/addWorkTendency
INFO: [ app_init ] --START--
INFO: Run Behavior\BuildLiteBehavior [ RunTime:0.000000s ]
INFO: [ app_init ] --END-- [ RunTime:0.001001s ]
INFO: [ app_begin ] --START--
INFO: Run Behavior\ReadHtmlCacheBehavior [ RunTime:0.001000s ]
INFO: [ app_begin ] --END-- [ RunTime:0.001000s ]

[ 2015-07-23T23:38:41+08:00 ] 127.0.0.1 /LNZM/index.php/Admin/WorkTendency/addWorkTendency
INFO: [ app_init ] --START--
INFO: Run Behavior\BuildLiteBehavior [ RunTime:0.000000s ]
INFO: [ app_init ] --END-- [ RunTime:0.000000s ]
INFO: [ app_begin ] --START--
INFO: Run Behavior\ReadHtmlCacheBehavior [ RunTime:0.001000s ]
INFO: [ app_begin ] --END-- [ RunTime:0.001000s ]

[ 2015-07-23T23:38:42+08:00 ] 127.0.0.1 /LNZM/index.php/Admin/WorkTendency/addWorkTendency
INFO: [ app_init ] --START--
INFO: Run Behavior\BuildLiteBehavior [ RunTime:0.000000s ]
INFO: [ app_init ] --END-- [ RunTime:0.000000s ]
INFO: [ app_begin ] --START--
INFO: Run Behavior\ReadHtmlCacheBehavior [ RunTime:0.000000s ]
INFO: [ app_begin ] --END-- [ RunTime:0.000000s ]

[ 2015-07-23T23:40:36+08:00 ] 127.0.0.1 /LNZM/index.php/Admin/WorkTendency/addWorkTendency
INFO: [ app_init ] --START--
INFO: Run Behavior\BuildLiteBehavior [ RunTime:0.000000s ]
INFO: [ app_init ] --END-- [ RunTime:0.001000s ]
INFO: [ app_begin ] --START--
INFO: Run Behavior\ReadHtmlCacheBehavior [ RunTime:0.000000s ]
INFO: [ app_begin ] --END-- [ RunTime:0.001000s ]

[ 2015-07-23T23:41:05+08:00 ] 127.0.0.1 /LNZM/index.php/Admin/WorkTendency/addWorkTendency
INFO: [ app_init ] --START--
INFO: Run Behavior\BuildLiteBehavior [ RunTime:0.000000s ]
INFO: [ app_init ] --END-- [ RunTime:0.001000s ]
INFO: [ app_begin ] --START--
INFO: Run Behavior\ReadHtmlCacheBehavior [ RunTime:0.001001s ]
INFO: [ app_begin ] --END-- [ RunTime:0.001001s ]

[ 2015-07-23T23:41:11+08:00 ] 127.0.0.1 /LNZM/index.php/Admin/WorkTendency/addWorkTendency
INFO: [ app_init ] --START--
INFO: Run Behavior\BuildLiteBehavior [ RunTime:0.000000s ]
INFO: [ app_init ] --END-- [ RunTime:0.000000s ]
INFO: [ app_begin ] --START--
INFO: Run Behavior\ReadHtmlCacheBehavior [ RunTime:0.000000s ]
INFO: [ app_begin ] --END-- [ RunTime:0.000000s ]

[ 2015-07-23T23:41:12+08:00 ] 127.0.0.1 /LNZM/index.php/Admin/WorkTendency/addWorkTendency
INFO: [ app_init ] --START--
INFO: Run Behavior\BuildLiteBehavior [ RunTime:0.000000s ]
INFO: [ app_init ] --END-- [ RunTime:0.001000s ]
INFO: [ app_begin ] --START--
INFO: Run Behavior\ReadHtmlCacheBehavior [ RunTime:0.001000s ]
INFO: [ app_begin ] --END-- [ RunTime:0.001000s ]

[ 2015-07-23T23:41:12+08:00 ] 127.0.0.1 /LNZM/index.php/Admin/WorkTendency/addWorkTendency
INFO: [ app_init ] --START--
INFO: Run Behavior\BuildLiteBehavior [ RunTime:0.000000s ]
INFO: [ app_init ] --END-- [ RunTime:0.000000s ]
INFO: [ app_begin ] --START--
INFO: Run Behavior\ReadHtmlCacheBehavior [ RunTime:0.000000s ]
INFO: [ app_begin ] --END-- [ RunTime:0.000000s ]

[ 2015-07-23T23:41:35+08:00 ] 127.0.0.1 /LNZM/index.php/Admin/WorkTendency/addWorkTendency
INFO: [ app_init ] --START--
INFO: Run Behavior\BuildLiteBehavior [ RunTime:0.000000s ]
INFO: [ app_init ] --END-- [ RunTime:0.000000s ]
INFO: [ app_begin ] --START--
INFO: Run Behavior\ReadHtmlCacheBehavior [ RunTime:0.000000s ]
INFO: [ app_begin ] --END-- [ RunTime:0.001000s ]

[ 2015-07-23T23:41:36+08:00 ] 127.0.0.1 /LNZM/index.php/Admin/WorkTendency/addWorkTendency
INFO: [ app_init ] --START--
INFO: Run Behavior\BuildLiteBehavior [ RunTime:0.000000s ]
INFO: [ app_init ] --END-- [ RunTime:0.000000s ]
INFO: [ app_begin ] --START--
INFO: Run Behavior\ReadHtmlCacheBehavior [ RunTime:0.001000s ]
INFO: [ app_begin ] --END-- [ RunTime:0.001000s ]

[ 2015-07-23T23:41:38+08:00 ] 127.0.0.1 /LNZM/index.php/Admin/WorkTendency/addWorkTendency
INFO: [ app_init ] --START--
INFO: Run Behavior\BuildLiteBehavior [ RunTime:0.000000s ]
INFO: [ app_init ] --END-- [ RunTime:0.000000s ]
INFO: [ app_begin ] --START--
INFO: Run Behavior\ReadHtmlCacheBehavior [ RunTime:0.001001s ]
INFO: [ app_begin ] --END-- [ RunTime:0.001001s ]

[ 2015-07-23T23:41:40+08:00 ] 127.0.0.1 /LNZM/index.php/Admin/WorkTendency/addWorkTendency
INFO: [ app_init ] --START--
INFO: Run Behavior\BuildLiteBehavior [ RunTime:0.000000s ]
INFO: [ app_init ] --END-- [ RunTime:0.000000s ]
INFO: [ app_begin ] --START--
INFO: Run Behavior\ReadHtmlCacheBehavior [ RunTime:0.000000s ]
INFO: [ app_begin ] --END-- [ RunTime:0.001000s ]

[ 2015-07-23T23:42:33+08:00 ] 127.0.0.1 /LNZM/index.php/Admin/WorkTendency/addWorkTendency
INFO: [ app_init ] --START--
INFO: Run Behavior\BuildLiteBehavior [ RunTime:0.000000s ]
INFO: [ app_init ] --END-- [ RunTime:0.001000s ]
INFO: [ app_begin ] --START--
INFO: Run Behavior\ReadHtmlCacheBehavior [ RunTime:0.001000s ]
INFO: [ app_begin ] --END-- [ RunTime:0.001000s ]

[ 2015-07-23T23:42:34+08:00 ] 127.0.0.1 /LNZM/index.php/Admin/WorkTendency/addWorkTendency
INFO: [ app_init ] --START--
INFO: Run Behavior\BuildLiteBehavior [ RunTime:0.000000s ]
INFO: [ app_init ] --END-- [ RunTime:0.001000s ]
INFO: [ app_begin ] --START--
INFO: Run Behavior\ReadHtmlCacheBehavior [ RunTime:0.000000s ]
INFO: [ app_begin ] --END-- [ RunTime:0.000000s ]

[ 2015-07-23T23:42:35+08:00 ] 127.0.0.1 /LNZM/index.php/Admin/WorkTendency/addWorkTendency
INFO: [ app_init ] --START--
INFO: Run Behavior\BuildLiteBehavior [ RunTime:0.000000s ]
INFO: [ app_init ] --END-- [ RunTime:0.001000s ]
INFO: [ app_begin ] --START--
INFO: Run Behavior\ReadHtmlCacheBehavior [ RunTime:0.001000s ]
INFO: [ app_begin ] --END-- [ RunTime:0.001000s ]

[ 2015-07-23T23:42:42+08:00 ] 127.0.0.1 /LNZM/index.php/Admin/WorkTendency/addWorkTendency
INFO: [ app_init ] --START--
INFO: Run Behavior\BuildLiteBehavior [ RunTime:0.000000s ]
INFO: [ app_init ] --END-- [ RunTime:0.001000s ]
INFO: [ app_begin ] --START--
INFO: Run Behavior\ReadHtmlCacheBehavior [ RunTime:0.000000s ]
INFO: [ app_begin ] --END-- [ RunTime:0.000000s ]
INFO: [ app_end ] --START--
INFO: Run Behavior\ShowPageTraceBehavior [ RunTime:0.001000s ]
INFO: [ app_end ] --END-- [ RunTime:0.001000s ]

[ 2015-07-23T23:43:22+08:00 ] 127.0.0.1 /LNZM/index.php/Admin/WorkTendency/addWorkTendency
INFO: [ app_init ] --START--
INFO: Run Behavior\BuildLiteBehavior [ RunTime:0.000000s ]
INFO: [ app_init ] --END-- [ RunTime:0.000000s ]
INFO: [ app_begin ] --START--
INFO: Run Behavior\ReadHtmlCacheBehavior [ RunTime:0.001000s ]
INFO: [ app_begin ] --END-- [ RunTime:0.001000s ]

[ 2015-07-23T23:43:45+08:00 ] 127.0.0.1 /LNZM/index.php/Admin/WorkTendency/addWorkTendency
INFO: [ app_init ] --START--
INFO: Run Behavior\BuildLiteBehavior [ RunTime:0.000000s ]
INFO: [ app_init ] --END-- [ RunTime:0.001000s ]
INFO: [ app_begin ] --START--
INFO: Run Behavior\ReadHtmlCacheBehavior [ RunTime:0.000000s ]
INFO: [ app_begin ] --END-- [ RunTime:0.000000s ]
INFO: [ app_end ] --START--
INFO: Run Behavior\ShowPageTraceBehavior [ RunTime:0.000000s ]
INFO: [ app_end ] --END-- [ RunTime:0.000000s ]

[ 2015-07-23T23:44:05+08:00 ] 127.0.0.1 /LNZM/index.php/Admin/WorkTendency/addWorkTendency
INFO: [ app_init ] --START--
INFO: Run Behavior\BuildLiteBehavior [ RunTime:0.000000s ]
INFO: [ app_init ] --END-- [ RunTime:0.001000s ]
INFO: [ app_begin ] --START--
INFO: Run Behavior\ReadHtmlCacheBehavior [ RunTime:0.001000s ]
INFO: [ app_begin ] --END-- [ RunTime:0.001000s ]

[ 2015-07-23T23:44:22+08:00 ] 127.0.0.1 /LNZM/index.php/Admin/WorkTendency/addWorkTendency
INFO: [ app_init ] --START--
INFO: Run Behavior\BuildLiteBehavior [ RunTime:0.000000s ]
INFO: [ app_init ] --END-- [ RunTime:0.000000s ]
INFO: [ app_begin ] --START--
INFO: Run Behavior\ReadHtmlCacheBehavior [ RunTime:0.000000s ]
INFO: [ app_begin ] --END-- [ RunTime:0.000000s ]

[ 2015-07-23T23:44:22+08:00 ] 127.0.0.1 /LNZM/index.php/Admin/WorkTendency/addWorkTendency
INFO: [ app_init ] --START--
INFO: Run Behavior\BuildLiteBehavior [ RunTime:0.000000s ]
INFO: [ app_init ] --END-- [ RunTime:0.000000s ]
INFO: [ app_begin ] --START--
INFO: Run Behavior\ReadHtmlCacheBehavior [ RunTime:0.000000s ]
INFO: [ app_begin ] --END-- [ RunTime:0.000000s ]

[ 2015-07-23T23:44:23+08:00 ] 127.0.0.1 /LNZM/index.php/Admin/WorkTendency/addWorkTendency
INFO: [ app_init ] --START--
INFO: Run Behavior\BuildLiteBehavior [ RunTime:0.000000s ]
INFO: [ app_init ] --END-- [ RunTime:0.000000s ]
INFO: [ app_begin ] --START--
INFO: Run Behavior\ReadHtmlCacheBehavior [ RunTime:0.000000s ]
INFO: [ app_begin ] --END-- [ RunTime:0.000000s ]

[ 2015-07-23T23:44:32+08:00 ] 127.0.0.1 /LNZM/index.php/Admin/WorkTendency/addWorkTendency
INFO: [ app_init ] --START--
INFO: Run Behavior\BuildLiteBehavior [ RunTime:0.000000s ]
INFO: [ app_init ] --END-- [ RunTime:0.000000s ]
INFO: [ app_begin ] --START--
INFO: Run Behavior\ReadHtmlCacheBehavior [ RunTime:0.000000s ]
INFO: [ app_begin ] --END-- [ RunTime:0.000000s ]

[ 2015-07-23T23:44:44+08:00 ] 127.0.0.1 /LNZM/index.php/Admin/WorkTendency/addWorkTendency
INFO: [ app_init ] --START--
INFO: Run Behavior\BuildLiteBehavior [ RunTime:0.000000s ]
INFO: [ app_init ] --END-- [ RunTime:0.000000s ]
INFO: [ app_begin ] --START--
INFO: Run Behavior\ReadHtmlCacheBehavior [ RunTime:0.000000s ]
INFO: [ app_begin ] --END-- [ RunTime:0.000000s ]

[ 2015-07-23T23:44:44+08:00 ] 127.0.0.1 /LNZM/index.php/Admin/WorkTendency/addWorkTendency
INFO: [ app_init ] --START--
INFO: Run Behavior\BuildLiteBehavior [ RunTime:0.000000s ]
INFO: [ app_init ] --END-- [ RunTime:0.001000s ]
INFO: [ app_begin ] --START--
INFO: Run Behavior\ReadHtmlCacheBehavior [ RunTime:0.001000s ]
INFO: [ app_begin ] --END-- [ RunTime:0.001000s ]

[ 2015-07-23T23:45:22+08:00 ] 127.0.0.1 /LNZM/index.php/Admin/WorkTendency/addWorkTendency
INFO: [ app_init ] --START--
INFO: Run Behavior\BuildLiteBehavior [ RunTime:0.000000s ]
INFO: [ app_init ] --END-- [ RunTime:0.000000s ]
INFO: [ app_begin ] --START--
INFO: Run Behavior\ReadHtmlCacheBehavior [ RunTime:0.000000s ]
INFO: [ app_begin ] --END-- [ RunTime:0.001000s ]
INFO: [ app_end ] --START--
INFO: Run Behavior\ShowPageTraceBehavior [ RunTime:0.000000s ]
INFO: [ app_end ] --END-- [ RunTime:0.000000s ]

[ 2015-07-23T23:46:18+08:00 ] 127.0.0.1 /LNZM/index.php/Admin/WorkTendency/addWorkTendency
INFO: [ app_init ] --START--
INFO: Run Behavior\BuildLiteBehavior [ RunTime:0.001000s ]
INFO: [ app_init ] --END-- [ RunTime:0.001000s ]
INFO: [ app_begin ] --START--
INFO: Run Behavior\ReadHtmlCacheBehavior [ RunTime:0.001000s ]
INFO: [ app_begin ] --END-- [ RunTime:0.001000s ]

[ 2015-07-23T23:46:34+08:00 ] 127.0.0.1 /LNZM/index.php/Admin/WorkTendency/addWorkTendency
INFO: [ app_init ] --START--
INFO: Run Behavior\BuildLiteBehavior [ RunTime:0.000000s ]
INFO: [ app_init ] --END-- [ RunTime:0.000000s ]
INFO: [ app_begin ] --START--
INFO: Run Behavior\ReadHtmlCacheBehavior [ RunTime:0.001000s ]
INFO: [ app_begin ] --END-- [ RunTime:0.001000s ]

[ 2015-07-23T23:46:34+08:00 ] 127.0.0.1 /LNZM/index.php/Admin/WorkTendency/addWorkTendency
INFO: [ app_init ] --START--
INFO: Run Behavior\BuildLiteBehavior [ RunTime:0.000000s ]
INFO: [ app_init ] --END-- [ RunTime:0.000000s ]
INFO: [ app_begin ] --START--
INFO: Run Behavior\ReadHtmlCacheBehavior [ RunTime:0.000000s ]
INFO: [ app_begin ] --END-- [ RunTime:0.000000s ]

[ 2015-07-23T23:46:35+08:00 ] 127.0.0.1 /LNZM/index.php/Admin/WorkTendency/addWorkTendency
INFO: [ app_init ] --START--
INFO: Run Behavior\BuildLiteBehavior [ RunTime:0.000000s ]
INFO: [ app_init ] --END-- [ RunTime:0.000000s ]
INFO: [ app_begin ] --START--
INFO: Run Behavior\ReadHtmlCacheBehavior [ RunTime:0.001000s ]
INFO: [ app_begin ] --END-- [ RunTime:0.001000s ]

[ 2015-07-23T23:46:35+08:00 ] 127.0.0.1 /LNZM/index.php/Admin/WorkTendency/addWorkTendency
INFO: [ app_init ] --START--
INFO: Run Behavior\BuildLiteBehavior [ RunTime:0.000000s ]
INFO: [ app_init ] --END-- [ RunTime:0.000000s ]
INFO: [ app_begin ] --START--
INFO: Run Behavior\ReadHtmlCacheBehavior [ RunTime:0.000000s ]
INFO: [ app_begin ] --END-- [ RunTime:0.000000s ]

[ 2015-07-23T23:46:35+08:00 ] 127.0.0.1 /LNZM/index.php/Admin/WorkTendency/addWorkTendency
INFO: [ app_init ] --START--
INFO: Run Behavior\BuildLiteBehavior [ RunTime:0.000000s ]
INFO: [ app_init ] --END-- [ RunTime:0.000000s ]
INFO: [ app_begin ] --START--
INFO: Run Behavior\ReadHtmlCacheBehavior [ RunTime:0.000000s ]
INFO: [ app_begin ] --END-- [ RunTime:0.000000s ]

[ 2015-07-23T23:46:35+08:00 ] 127.0.0.1 /LNZM/index.php/Admin/WorkTendency/addWorkTendency
INFO: [ app_init ] --START--
INFO: Run Behavior\BuildLiteBehavior [ RunTime:0.000000s ]
INFO: [ app_init ] --END-- [ RunTime:0.000000s ]
INFO: [ app_begin ] --START--
INFO: Run Behavior\ReadHtmlCacheBehavior [ RunTime:0.000000s ]
INFO: [ app_begin ] --END-- [ RunTime:0.000000s ]

[ 2015-07-23T23:46:35+08:00 ] 127.0.0.1 /LNZM/index.php/Admin/WorkTendency/addWorkTendency
INFO: [ app_init ] --START--
INFO: Run Behavior\BuildLiteBehavior [ RunTime:0.000000s ]
INFO: [ app_init ] --END-- [ RunTime:0.001000s ]
INFO: [ app_begin ] --START--
INFO: Run Behavior\ReadHtmlCacheBehavior [ RunTime:0.001000s ]
INFO: [ app_begin ] --END-- [ RunTime:0.001000s ]

[ 2015-07-23T23:46:36+08:00 ] 127.0.0.1 /LNZM/index.php/Admin/WorkTendency/addWorkTendency
INFO: [ app_init ] --START--
INFO: Run Behavior\BuildLiteBehavior [ RunTime:0.000000s ]
INFO: [ app_init ] --END-- [ RunTime:0.001000s ]
INFO: [ app_begin ] --START--
INFO: Run Behavior\ReadHtmlCacheBehavior [ RunTime:0.001000s ]
INFO: [ app_begin ] --END-- [ RunTime:0.001000s ]

[ 2015-07-23T23:46:36+08:00 ] 127.0.0.1 /LNZM/index.php/Admin/WorkTendency/addWorkTendency
INFO: [ app_init ] --START--
INFO: Run Behavior\BuildLiteBehavior [ RunTime:0.000000s ]
INFO: [ app_init ] --END-- [ RunTime:0.000000s ]
INFO: [ app_begin ] --START--
INFO: Run Behavior\ReadHtmlCacheBehavior [ RunTime:0.000000s ]
INFO: [ app_begin ] --END-- [ RunTime:0.001000s ]

[ 2015-07-23T23:46:36+08:00 ] 127.0.0.1 /LNZM/index.php/Admin/WorkTendency/addWorkTendency
INFO: [ app_init ] --START--
INFO: Run Behavior\BuildLiteBehavior [ RunTime:0.000000s ]
INFO: [ app_init ] --END-- [ RunTime:0.001000s ]
INFO: [ app_begin ] --START--
INFO: Run Behavior\ReadHtmlCacheBehavior [ RunTime:0.001000s ]
INFO: [ app_begin ] --END-- [ RunTime:0.001000s ]

[ 2015-07-23T23:46:36+08:00 ] 127.0.0.1 /LNZM/index.php/Admin/WorkTendency/addWorkTendency
INFO: [ app_init ] --START--
INFO: Run Behavior\BuildLiteBehavior [ RunTime:0.000000s ]
INFO: [ app_init ] --END-- [ RunTime:0.001001s ]
INFO: [ app_begin ] --START--
INFO: Run Behavior\ReadHtmlCacheBehavior [ RunTime:0.001000s ]
INFO: [ app_begin ] --END-- [ RunTime:0.001000s ]

[ 2015-07-23T23:46:37+08:00 ] 127.0.0.1 /LNZM/index.php/Admin/WorkTendency/addWorkTendency
INFO: [ app_init ] --START--
INFO: Run Behavior\BuildLiteBehavior [ RunTime:0.000000s ]
INFO: [ app_init ] --END-- [ RunTime:0.001000s ]
INFO: [ app_begin ] --START--
INFO: Run Behavior\ReadHtmlCacheBehavior [ RunTime:0.001000s ]
INFO: [ app_begin ] --END-- [ RunTime:0.001000s ]

[ 2015-07-23T23:46:37+08:00 ] 127.0.0.1 /LNZM/index.php/Admin/WorkTendency/addWorkTendency
INFO: [ app_init ] --START--
INFO: Run Behavior\BuildLiteBehavior [ RunTime:0.000000s ]
INFO: [ app_init ] --END-- [ RunTime:0.000000s ]
INFO: [ app_begin ] --START--
INFO: Run Behavior\ReadHtmlCacheBehavior [ RunTime:0.000000s ]
INFO: [ app_begin ] --END-- [ RunTime:0.001000s ]

[ 2015-07-23T23:46:37+08:00 ] 127.0.0.1 /LNZM/index.php/Admin/WorkTendency/addWorkTendency
INFO: [ app_init ] --START--
INFO: Run Behavior\BuildLiteBehavior [ RunTime:0.000000s ]
INFO: [ app_init ] --END-- [ RunTime:0.001000s ]
INFO: [ app_begin ] --START--
INFO: Run Behavior\ReadHtmlCacheBehavior [ RunTime:0.001001s ]
INFO: [ app_begin ] --END-- [ RunTime:0.001001s ]

[ 2015-07-23T23:46:55+08:00 ] 127.0.0.1 /LNZM/index.php/Admin/WorkTendency/addWorkTendency
INFO: [ app_init ] --START--
INFO: Run Behavior\BuildLiteBehavior [ RunTime:0.000000s ]
INFO: [ app_init ] --END-- [ RunTime:0.000000s ]
INFO: [ app_begin ] --START--
INFO: Run Behavior\ReadHtmlCacheBehavior [ RunTime:0.000000s ]
INFO: [ app_begin ] --END-- [ RunTime:0.000000s ]

[ 2015-07-23T23:46:56+08:00 ] 127.0.0.1 /LNZM/index.php/Admin/WorkTendency/addWorkTendency
INFO: [ app_init ] --START--
INFO: Run Behavior\BuildLiteBehavior [ RunTime:0.000000s ]
INFO: [ app_init ] --END-- [ RunTime:0.000000s ]
INFO: [ app_begin ] --START--
INFO: Run Behavior\ReadHtmlCacheBehavior [ RunTime:0.000000s ]
INFO: [ app_begin ] --END-- [ RunTime:0.000000s ]

[ 2015-07-23T23:46:56+08:00 ] 127.0.0.1 /LNZM/index.php/Admin/WorkTendency/addWorkTendency
INFO: [ app_init ] --START--
INFO: Run Behavior\BuildLiteBehavior [ RunTime:0.001000s ]
INFO: [ app_init ] --END-- [ RunTime:0.001000s ]
INFO: [ app_begin ] --START--
INFO: Run Behavior\ReadHtmlCacheBehavior [ RunTime:0.001000s ]
INFO: [ app_begin ] --END-- [ RunTime:0.001000s ]

[ 2015-07-23T23:46:56+08:00 ] 127.0.0.1 /LNZM/index.php/Admin/WorkTendency/addWorkTendency
INFO: [ app_init ] --START--
INFO: Run Behavior\BuildLiteBehavior [ RunTime:0.000000s ]
INFO: [ app_init ] --END-- [ RunTime:0.000000s ]
INFO: [ app_begin ] --START--
INFO: Run Behavior\ReadHtmlCacheBehavior [ RunTime:0.001000s ]
INFO: [ app_begin ] --END-- [ RunTime:0.001000s ]

[ 2015-07-23T23:46:57+08:00 ] 127.0.0.1 /LNZM/index.php/Admin/WorkTendency/addWorkTendency
INFO: [ app_init ] --START--
INFO: Run Behavior\BuildLiteBehavior [ RunTime:0.000000s ]
INFO: [ app_init ] --END-- [ RunTime:0.000000s ]
INFO: [ app_begin ] --START--
INFO: Run Behavior\ReadHtmlCacheBehavior [ RunTime:0.001000s ]
INFO: [ app_begin ] --END-- [ RunTime:0.001000s ]

[ 2015-07-23T23:47:02+08:00 ] 127.0.0.1 /LNZM/index.php/Admin/WorkTendency/addWorkTendency
INFO: [ app_init ] --START--
INFO: Run Behavior\BuildLiteBehavior [ RunTime:0.000000s ]
INFO: [ app_init ] --END-- [ RunTime:0.001000s ]
INFO: [ app_begin ] --START--
INFO: Run Behavior\ReadHtmlCacheBehavior [ RunTime:0.001000s ]
INFO: [ app_begin ] --END-- [ RunTime:0.001000s ]

[ 2015-07-23T23:47:02+08:00 ] 127.0.0.1 /LNZM/index.php/Admin/WorkTendency/addWorkTendency
INFO: [ app_init ] --START--
INFO: Run Behavior\BuildLiteBehavior [ RunTime:0.000000s ]
INFO: [ app_init ] --END-- [ RunTime:0.000000s ]
INFO: [ app_begin ] --START--
INFO: Run Behavior\ReadHtmlCacheBehavior [ RunTime:0.000000s ]
INFO: [ app_begin ] --END-- [ RunTime:0.000000s ]

[ 2015-07-23T23:47:02+08:00 ] 127.0.0.1 /LNZM/index.php/Admin/WorkTendency/addWorkTendency
INFO: [ app_init ] --START--
INFO: Run Behavior\BuildLiteBehavior [ RunTime:0.000000s ]
INFO: [ app_init ] --END-- [ RunTime:0.001000s ]
INFO: [ app_begin ] --START--
INFO: Run Behavior\ReadHtmlCacheBehavior [ RunTime:0.000000s ]
INFO: [ app_begin ] --END-- [ RunTime:0.001000s ]

[ 2015-07-23T23:47:03+08:00 ] 127.0.0.1 /LNZM/index.php/Admin/WorkTendency/addWorkTendency
INFO: [ app_init ] --START--
INFO: Run Behavior\BuildLiteBehavior [ RunTime:0.001000s ]
INFO: [ app_init ] --END-- [ RunTime:0.001000s ]
INFO: [ app_begin ] --START--
INFO: Run Behavior\ReadHtmlCacheBehavior [ RunTime:0.001000s ]
INFO: [ app_begin ] --END-- [ RunTime:0.001000s ]

[ 2015-07-23T23:47:03+08:00 ] 127.0.0.1 /LNZM/index.php/Admin/WorkTendency/addWorkTendency
INFO: [ app_init ] --START--
INFO: Run Behavior\BuildLiteBehavior [ RunTime:0.000000s ]
INFO: [ app_init ] --END-- [ RunTime:0.000000s ]
INFO: [ app_begin ] --START--
INFO: Run Behavior\ReadHtmlCacheBehavior [ RunTime:0.001000s ]
INFO: [ app_begin ] --END-- [ RunTime:0.001000s ]

[ 2015-07-23T23:47:03+08:00 ] 127.0.0.1 /LNZM/index.php/Admin/WorkTendency/addWorkTendency
INFO: [ app_init ] --START--
INFO: Run Behavior\BuildLiteBehavior [ RunTime:0.000000s ]
INFO: [ app_init ] --END-- [ RunTime:0.000000s ]
INFO: [ app_begin ] --START--
INFO: Run Behavior\ReadHtmlCacheBehavior [ RunTime:0.000000s ]
INFO: [ app_begin ] --END-- [ RunTime:0.000000s ]

[ 2015-07-23T23:51:16+08:00 ] 127.0.0.1 /LNZM/index.php/Admin/WorkTendency/addWorkTendency
INFO: [ app_init ] --START--
INFO: Run Behavior\BuildLiteBehavior [ RunTime:0.000000s ]
INFO: [ app_init ] --END-- [ RunTime:0.000000s ]
INFO: [ app_begin ] --START--
INFO: Run Behavior\ReadHtmlCacheBehavior [ RunTime:0.001000s ]
INFO: [ app_begin ] --END-- [ RunTime:0.001000s ]

[ 2015-07-23T23:51:17+08:00 ] 127.0.0.1 /LNZM/index.php/Admin/WorkTendency/addWorkTendency
INFO: [ app_init ] --START--
INFO: Run Behavior\BuildLiteBehavior [ RunTime:0.000000s ]
INFO: [ app_init ] --END-- [ RunTime:0.001000s ]
INFO: [ app_begin ] --START--
INFO: Run Behavior\ReadHtmlCacheBehavior [ RunTime:0.001000s ]
INFO: [ app_begin ] --END-- [ RunTime:0.001000s ]

[ 2015-07-23T23:51:17+08:00 ] 127.0.0.1 /LNZM/index.php/Admin/WorkTendency/addWorkTendency
INFO: [ app_init ] --START--
INFO: Run Behavior\BuildLiteBehavior [ RunTime:0.000000s ]
INFO: [ app_init ] --END-- [ RunTime:0.001000s ]
INFO: [ app_begin ] --START--
INFO: Run Behavior\ReadHtmlCacheBehavior [ RunTime:0.001000s ]
INFO: [ app_begin ] --END-- [ RunTime:0.001000s ]

[ 2015-07-23T23:51:18+08:00 ] 127.0.0.1 /LNZM/index.php/Admin/WorkTendency/addWorkTendency
INFO: [ app_init ] --START--
INFO: Run Behavior\BuildLiteBehavior [ RunTime:0.000000s ]
INFO: [ app_init ] --END-- [ RunTime:0.000000s ]
INFO: [ app_begin ] --START--
INFO: Run Behavior\ReadHtmlCacheBehavior [ RunTime:0.000000s ]
INFO: [ app_begin ] --END-- [ RunTime:0.000000s ]

[ 2015-07-23T23:51:18+08:00 ] 127.0.0.1 /LNZM/index.php/Admin/WorkTendency/addWorkTendency
INFO: [ app_init ] --START--
INFO: Run Behavior\BuildLiteBehavior [ RunTime:0.000000s ]
INFO: [ app_init ] --END-- [ RunTime:0.001000s ]
INFO: [ app_begin ] --START--
INFO: Run Behavior\ReadHtmlCacheBehavior [ RunTime:0.001000s ]
INFO: [ app_begin ] --END-- [ RunTime:0.001000s ]

[ 2015-07-23T23:51:18+08:00 ] 127.0.0.1 /LNZM/index.php/Admin/WorkTendency/addWorkTendency
INFO: [ app_init ] --START--
INFO: Run Behavior\BuildLiteBehavior [ RunTime:0.000000s ]
INFO: [ app_init ] --END-- [ RunTime:0.000000s ]
INFO: [ app_begin ] --START--
INFO: Run Behavior\ReadHtmlCacheBehavior [ RunTime:0.000000s ]
INFO: [ app_begin ] --END-- [ RunTime:0.000000s ]

[ 2015-07-23T23:51:18+08:00 ] 127.0.0.1 /LNZM/index.php/Admin/WorkTendency/addWorkTendency
INFO: [ app_init ] --START--
INFO: Run Behavior\BuildLiteBehavior [ RunTime:0.000000s ]
INFO: [ app_init ] --END-- [ RunTime:0.000000s ]
INFO: [ app_begin ] --START--
INFO: Run Behavior\ReadHtmlCacheBehavior [ RunTime:0.000000s ]
INFO: [ app_begin ] --END-- [ RunTime:0.001000s ]

[ 2015-07-23T23:51:18+08:00 ] 127.0.0.1 /LNZM/index.php/Admin/WorkTendency/addWorkTendency
INFO: [ app_init ] --START--
INFO: Run Behavior\BuildLiteBehavior [ RunTime:0.000000s ]
INFO: [ app_init ] --END-- [ RunTime:0.001000s ]
INFO: [ app_begin ] --START--
INFO: Run Behavior\ReadHtmlCacheBehavior [ RunTime:0.001000s ]
INFO: [ app_begin ] --END-- [ RunTime:0.001000s ]

[ 2015-07-23T23:51:18+08:00 ] 127.0.0.1 /LNZM/index.php/Admin/WorkTendency/addWorkTendency
INFO: [ app_init ] --START--
INFO: Run Behavior\BuildLiteBehavior [ RunTime:0.000000s ]
INFO: [ app_init ] --END-- [ RunTime:0.000000s ]
INFO: [ app_begin ] --START--
INFO: Run Behavior\ReadHtmlCacheBehavior [ RunTime:0.000000s ]
INFO: [ app_begin ] --END-- [ RunTime:0.001000s ]

[ 2015-07-23T23:51:19+08:00 ] 127.0.0.1 /LNZM/index.php/Admin/WorkTendency/addWorkTendency
INFO: [ app_init ] --START--
INFO: Run Behavior\BuildLiteBehavior [ RunTime:0.000000s ]
INFO: [ app_init ] --END-- [ RunTime:0.001000s ]
INFO: [ app_begin ] --START--
INFO: Run Behavior\ReadHtmlCacheBehavior [ RunTime:0.000000s ]
INFO: [ app_begin ] --END-- [ RunTime:0.001000s ]

[ 2015-07-23T23:52:45+08:00 ] 127.0.0.1 /LNZM/index.php/Admin/WorkTendency/addWorkTendency
INFO: [ app_init ] --START--
INFO: Run Behavior\BuildLiteBehavior [ RunTime:0.000000s ]
INFO: [ app_init ] --END-- [ RunTime:0.001000s ]
INFO: [ app_begin ] --START--
INFO: Run Behavior\ReadHtmlCacheBehavior [ RunTime:0.000000s ]
INFO: [ app_begin ] --END-- [ RunTime:0.001000s ]

[ 2015-07-23T23:52:45+08:00 ] 127.0.0.1 /LNZM/index.php/Admin/WorkTendency/addWorkTendency
INFO: [ app_init ] --START--
INFO: Run Behavior\BuildLiteBehavior [ RunTime:0.000000s ]
INFO: [ app_init ] --END-- [ RunTime:0.001000s ]
INFO: [ app_begin ] --START--
INFO: Run Behavior\ReadHtmlCacheBehavior [ RunTime:0.001000s ]
INFO: [ app_begin ] --END-- [ RunTime:0.001000s ]

[ 2015-07-23T23:52:46+08:00 ] 127.0.0.1 /LNZM/index.php/Admin/WorkTendency/addWorkTendency
INFO: [ app_init ] --START--
INFO: Run Behavior\BuildLiteBehavior [ RunTime:0.000000s ]
INFO: [ app_init ] --END-- [ RunTime:0.000000s ]
INFO: [ app_begin ] --START--
INFO: Run Behavior\ReadHtmlCacheBehavior [ RunTime:0.000000s ]
INFO: [ app_begin ] --END-- [ RunTime:0.000000s ]

[ 2015-07-23T23:55:40+08:00 ] 127.0.0.1 /LNZM/index.php/Admin/WorkTendency/addWorkTendency
INFO: [ app_init ] --START--
INFO: Run Behavior\BuildLiteBehavior [ RunTime:0.000000s ]
INFO: [ app_init ] --END-- [ RunTime:0.000000s ]
INFO: [ app_begin ] --START--
INFO: Run Behavior\ReadHtmlCacheBehavior [ RunTime:0.000000s ]
INFO: [ app_begin ] --END-- [ RunTime:0.001000s ]
INFO: [ app_end ] --START--
INFO: Run Behavior\ShowPageTraceBehavior [ RunTime:0.000000s ]
INFO: [ app_end ] --END-- [ RunTime:0.000000s ]

[ 2015-07-23T23:55:53+08:00 ] 127.0.0.1 /LNZM/index.php/Admin/WorkTendency/addWorkTendency
INFO: [ app_init ] --START--
INFO: Run Behavior\BuildLiteBehavior [ RunTime:0.000000s ]
INFO: [ app_init ] --END-- [ RunTime:0.000000s ]
INFO: [ app_begin ] --START--
INFO: Run Behavior\ReadHtmlCacheBehavior [ RunTime:0.000000s ]
INFO: [ app_begin ] --END-- [ RunTime:0.000000s ]

[ 2015-07-23T23:56:10+08:00 ] 127.0.0.1 /LNZM/index.php/Admin/WorkTendency/addWorkTendency
INFO: [ app_init ] --START--
INFO: Run Behavior\BuildLiteBehavior [ RunTime:0.000000s ]
INFO: [ app_init ] --END-- [ RunTime:0.000000s ]
INFO: [ app_begin ] --START--
INFO: Run Behavior\ReadHtmlCacheBehavior [ RunTime:0.000000s ]
INFO: [ app_begin ] --END-- [ RunTime:0.000000s ]

[ 2015-07-23T23:56:11+08:00 ] 127.0.0.1 /LNZM/index.php/Admin/WorkTendency/addWorkTendency
INFO: [ app_init ] --START--
INFO: Run Behavior\BuildLiteBehavior [ RunTime:0.000000s ]
INFO: [ app_init ] --END-- [ RunTime:0.001001s ]
INFO: [ app_begin ] --START--
INFO: Run Behavior\ReadHtmlCacheBehavior [ RunTime:0.000000s ]
INFO: [ app_begin ] --END-- [ RunTime:0.000000s ]

[ 2015-07-23T23:56:11+08:00 ] 127.0.0.1 /LNZM/index.php/Admin/WorkTendency/addWorkTendency
INFO: [ app_init ] --START--
INFO: Run Behavior\BuildLiteBehavior [ RunTime:0.000000s ]
INFO: [ app_init ] --END-- [ RunTime:0.000000s ]
INFO: [ app_begin ] --START--
INFO: Run Behavior\ReadHtmlCacheBehavior [ RunTime:0.000000s ]
INFO: [ app_begin ] --END-- [ RunTime:0.000000s ]

[ 2015-07-23T23:56:11+08:00 ] 127.0.0.1 /LNZM/index.php/Admin/WorkTendency/addWorkTendency
INFO: [ app_init ] --START--
INFO: Run Behavior\BuildLiteBehavior [ RunTime:0.000000s ]
INFO: [ app_init ] --END-- [ RunTime:0.000000s ]
INFO: [ app_begin ] --START--
INFO: Run Behavior\ReadHtmlCacheBehavior [ RunTime:0.000000s ]
INFO: [ app_begin ] --END-- [ RunTime:0.000000s ]

[ 2015-07-23T23:56:16+08:00 ] 127.0.0.1 /LNZM/index.php/Admin/WorkTendency/addWorkTendency
INFO: [ app_init ] --START--
INFO: Run Behavior\BuildLiteBehavior [ RunTime:0.000000s ]
INFO: [ app_init ] --END-- [ RunTime:0.000000s ]
INFO: [ app_begin ] --START--
INFO: Run Behavior\ReadHtmlCacheBehavior [ RunTime:0.000000s ]
INFO: [ app_begin ] --END-- [ RunTime:0.000000s ]

[ 2015-07-23T23:56:16+08:00 ] 127.0.0.1 /LNZM/index.php/Admin/WorkTendency/addWorkTendency
INFO: [ app_init ] --START--
INFO: Run Behavior\BuildLiteBehavior [ RunTime:0.000000s ]
INFO: [ app_init ] --END-- [ RunTime:0.001000s ]
INFO: [ app_begin ] --START--
INFO: Run Behavior\ReadHtmlCacheBehavior [ RunTime:0.000000s ]
INFO: [ app_begin ] --END-- [ RunTime:0.001000s ]

[ 2015-07-23T23:56:16+08:00 ] 127.0.0.1 /LNZM/index.php/Admin/WorkTendency/addWorkTendency
INFO: [ app_init ] --START--
INFO: Run Behavior\BuildLiteBehavior [ RunTime:0.000000s ]
INFO: [ app_init ] --END-- [ RunTime:0.000000s ]
INFO: [ app_begin ] --START--
INFO: Run Behavior\ReadHtmlCacheBehavior [ RunTime:0.000000s ]
INFO: [ app_begin ] --END-- [ RunTime:0.000000s ]

[ 2015-07-23T23:56:18+08:00 ] 127.0.0.1 /LNZM/index.php/Admin/WorkTendency/addWorkTendency
INFO: [ app_init ] --START--
INFO: Run Behavior\BuildLiteBehavior [ RunTime:0.000000s ]
INFO: [ app_init ] --END-- [ RunTime:0.001000s ]
INFO: [ app_begin ] --START--
INFO: Run Behavior\ReadHtmlCacheBehavior [ RunTime:0.001000s ]
INFO: [ app_begin ] --END-- [ RunTime:0.001000s ]

[ 2015-07-23T23:56:22+08:00 ] 127.0.0.1 /LNZM/index.php/Admin/WorkTendency/addWorkTendency
INFO: [ app_init ] --START--
INFO: Run Behavior\BuildLiteBehavior [ RunTime:0.000000s ]
INFO: [ app_init ] --END-- [ RunTime:0.000000s ]
INFO: [ app_begin ] --START--
INFO: Run Behavior\ReadHtmlCacheBehavior [ RunTime:0.000000s ]
INFO: [ app_begin ] --END-- [ RunTime:0.000000s ]
INFO: [ app_end ] --START--
INFO: Run Behavior\ShowPageTraceBehavior [ RunTime:0.001000s ]
INFO: [ app_end ] --END-- [ RunTime:0.001000s ]

[ 2015-07-23T23:56:42+08:00 ] 127.0.0.1 /LNZM/index.php/Admin/WorkTendency/addWorkTendency
INFO: [ app_init ] --START--
INFO: Run Behavior\BuildLiteBehavior [ RunTime:0.000000s ]
INFO: [ app_init ] --END-- [ RunTime:0.000000s ]
INFO: [ app_begin ] --START--
INFO: Run Behavior\ReadHtmlCacheBehavior [ RunTime:0.000000s ]
INFO: [ app_begin ] --END-- [ RunTime:0.000000s ]
INFO: [ app_end ] --START--
INFO: Run Behavior\ShowPageTraceBehavior [ RunTime:0.000000s ]
INFO: [ app_end ] --END-- [ RunTime:0.000000s ]

[ 2015-07-23T23:57:02+08:00 ] 127.0.0.1 /LNZM/index.php/Admin/WorkTendency/addWorkTendency
INFO: [ app_init ] --START--
INFO: Run Behavior\BuildLiteBehavior [ RunTime:0.000000s ]
INFO: [ app_init ] --END-- [ RunTime:0.000000s ]
INFO: [ app_begin ] --START--
INFO: Run Behavior\ReadHtmlCacheBehavior [ RunTime:0.000000s ]
INFO: [ app_begin ] --END-- [ RunTime:0.000000s ]

[ 2015-07-23T23:57:03+08:00 ] 127.0.0.1 /LNZM/index.php/Admin/WorkTendency/addWorkTendency
INFO: [ app_init ] --START--
INFO: Run Behavior\BuildLiteBehavior [ RunTime:0.000000s ]
INFO: [ app_init ] --END-- [ RunTime:0.000000s ]
INFO: [ app_begin ] --START--
INFO: Run Behavior\ReadHtmlCacheBehavior [ RunTime:0.000000s ]
INFO: [ app_begin ] --END-- [ RunTime:0.000000s ]

[ 2015-07-23T23:57:03+08:00 ] 127.0.0.1 /LNZM/index.php/Admin/WorkTendency/addWorkTendency
INFO: [ app_init ] --START--
INFO: Run Behavior\BuildLiteBehavior [ RunTime:0.000000s ]
INFO: [ app_init ] --END-- [ RunTime:0.001000s ]
INFO: [ app_begin ] --START--
INFO: Run Behavior\ReadHtmlCacheBehavior [ RunTime:0.001000s ]
INFO: [ app_begin ] --END-- [ RunTime:0.001000s ]

[ 2015-07-23T23:57:03+08:00 ] 127.0.0.1 /LNZM/index.php/Admin/WorkTendency/addWorkTendency
INFO: [ app_init ] --START--
INFO: Run Behavior\BuildLiteBehavior [ RunTime:0.000000s ]
INFO: [ app_init ] --END-- [ RunTime:0.000000s ]
INFO: [ app_begin ] --START--
INFO: Run Behavior\ReadHtmlCacheBehavior [ RunTime:0.000000s ]
INFO: [ app_begin ] --END-- [ RunTime:0.000000s ]

[ 2015-07-23T23:57:03+08:00 ] 127.0.0.1 /LNZM/index.php/Admin/WorkTendency/addWorkTendency
INFO: [ app_init ] --START--
INFO: Run Behavior\BuildLiteBehavior [ RunTime:0.000000s ]
INFO: [ app_init ] --END-- [ RunTime:0.000000s ]
INFO: [ app_begin ] --START--
INFO: Run Behavior\ReadHtmlCacheBehavior [ RunTime:0.000000s ]
INFO: [ app_begin ] --END-- [ RunTime:0.000000s ]

[ 2015-07-23T23:57:03+08:00 ] 127.0.0.1 /LNZM/index.php/Admin/WorkTendency/addWorkTendency
INFO: [ app_init ] --START--
INFO: Run Behavior\BuildLiteBehavior [ RunTime:0.000000s ]
INFO: [ app_init ] --END-- [ RunTime:0.001000s ]
INFO: [ app_begin ] --START--
INFO: Run Behavior\ReadHtmlCacheBehavior [ RunTime:0.001000s ]
INFO: [ app_begin ] --END-- [ RunTime:0.001000s ]

[ 2015-07-23T23:57:03+08:00 ] 127.0.0.1 /LNZM/index.php/Admin/WorkTendency/addWorkTendency
INFO: [ app_init ] --START--
INFO: Run Behavior\BuildLiteBehavior [ RunTime:0.000000s ]
INFO: [ app_init ] --END-- [ RunTime:0.000000s ]
INFO: [ app_begin ] --START--
INFO: Run Behavior\ReadHtmlCacheBehavior [ RunTime:0.000000s ]
INFO: [ app_begin ] --END-- [ RunTime:0.000000s ]

[ 2015-07-23T23:57:04+08:00 ] 127.0.0.1 /LNZM/index.php/Admin/WorkTendency/addWorkTendency
INFO: [ app_init ] --START--
INFO: Run Behavior\BuildLiteBehavior [ RunTime:0.000000s ]
INFO: [ app_init ] --END-- [ RunTime:0.001000s ]
INFO: [ app_begin ] --START--
INFO: Run Behavior\ReadHtmlCacheBehavior [ RunTime:0.001000s ]
INFO: [ app_begin ] --END-- [ RunTime:0.001000s ]

[ 2015-07-23T23:57:04+08:00 ] 127.0.0.1 /LNZM/index.php/Admin/WorkTendency/addWorkTendency
INFO: [ app_init ] --START--
INFO: Run Behavior\BuildLiteBehavior [ RunTime:0.000000s ]
INFO: [ app_init ] --END-- [ RunTime:0.001000s ]
INFO: [ app_begin ] --START--
INFO: Run Behavior\ReadHtmlCacheBehavior [ RunTime:0.001000s ]
INFO: [ app_begin ] --END-- [ RunTime:0.001000s ]

[ 2015-07-23T23:57:04+08:00 ] 127.0.0.1 /LNZM/index.php/Admin/WorkTendency/addWorkTendency
INFO: [ app_init ] --START--
INFO: Run Behavior\BuildLiteBehavior [ RunTime:0.000000s ]
INFO: [ app_init ] --END-- [ RunTime:0.000000s ]
INFO: [ app_begin ] --START--
INFO: Run Behavior\ReadHtmlCacheBehavior [ RunTime:0.000000s ]
INFO: [ app_begin ] --END-- [ RunTime:0.000000s ]

[ 2015-07-23T23:57:04+08:00 ] 127.0.0.1 /LNZM/index.php/Admin/WorkTendency/addWorkTendency
INFO: [ app_init ] --START--
INFO: Run Behavior\BuildLiteBehavior [ RunTime:0.000000s ]
INFO: [ app_init ] --END-- [ RunTime:0.001000s ]
INFO: [ app_begin ] --START--
INFO: Run Behavior\ReadHtmlCacheBehavior [ RunTime:0.001000s ]
INFO: [ app_begin ] --END-- [ RunTime:0.001000s ]

