[ 2015-07-27T09:21:40+08:00 ] 127.0.0.1 /LNZM/index.php/Admin/WorkTendency/allPage.html
INFO: [ app_init ] --START--
INFO: Run Behavior\BuildLiteBehavior [ RunTime:0.000000s ]
INFO: [ app_init ] --END-- [ RunTime:0.001000s ]
INFO: [ app_begin ] --START--
INFO: Run Behavior\ReadHtmlCacheBehavior [ RunTime:0.001000s ]
INFO: [ app_begin ] --END-- [ RunTime:0.001000s ]
SQL: SHOW COLUMNS FROM `lnzm_worktendency` [ RunTime:0.0020s ]
SQL: SELECT COUNT(*) AS tp_count FROM `lnzm_worktendency` LIMIT 1   [ RunTime:0.0000s ]
SQL: SELECT * FROM `lnzm_worktendency` ORDER BY `worktendencyid` desc LIMIT 0,5   [ RunTime:0.0000s ]
INFO: [ view_parse ] --START--
INFO: [ template_filter ] --START--
INFO: Run Behavior\ContentReplaceBehavior [ RunTime:0.000000s ]
INFO: [ template_filter ] --END-- [ RunTime:0.000000s ]
NOTIC: [8] Use of undefined constant worktendencyid - assumed 'worktendencyid' C:\wamp\www\LNZM\Application\Runtime\Cache\Admin\daf1475d9f8ae122ec7d5ecbc6798de1.php 第 99 行.
NOTIC: [8] Use of undefined constant worktendencytitle - assumed 'worktendencytitle' C:\wamp\www\LNZM\Application\Runtime\Cache\Admin\daf1475d9f8ae122ec7d5ecbc6798de1.php 第 100 行.
NOTIC: [8] Use of undefined constant worktendencyreleaseid - assumed 'worktendencyreleaseid' C:\wamp\www\LNZM\Application\Runtime\Cache\Admin\daf1475d9f8ae122ec7d5ecbc6798de1.php 第 101 行.
NOTIC: [8] Use of undefined constant worktendencyreleasedate - assumed 'worktendencyreleasedate' C:\wamp\www\LNZM\Application\Runtime\Cache\Admin\daf1475d9f8ae122ec7d5ecbc6798de1.php 第 102 行.
NOTIC: [8] Use of undefined constant worktendencypageview - assumed 'worktendencypageview' C:\wamp\www\LNZM\Application\Runtime\Cache\Admin\daf1475d9f8ae122ec7d5ecbc6798de1.php 第 103 行.
NOTIC: [8] Use of undefined constant worktendencyid - assumed 'worktendencyid' C:\wamp\www\LNZM\Application\Runtime\Cache\Admin\daf1475d9f8ae122ec7d5ecbc6798de1.php 第 104 行.
NOTIC: [8] Use of undefined constant worktendencyid - assumed 'worktendencyid' C:\wamp\www\LNZM\Application\Runtime\Cache\Admin\daf1475d9f8ae122ec7d5ecbc6798de1.php 第 107 行.
INFO: Run Behavior\ParseTemplateBehavior [ RunTime:0.019001s ]
INFO: [ view_parse ] --END-- [ RunTime:0.019001s ]
INFO: [ view_filter ] --START--
INFO: Run Behavior\WriteHtmlCacheBehavior [ RunTime:0.001000s ]
INFO: [ view_filter ] --END-- [ RunTime:0.002001s ]
INFO: [ app_end ] --START--
INFO: Run Behavior\ShowPageTraceBehavior [ RunTime:0.001000s ]
INFO: [ app_end ] --END-- [ RunTime:0.001000s ]

[ 2015-07-27T09:21:40+08:00 ] 127.0.0.1 /LNZM/index.php/Admin/WorkTendency/resources/images/loading.gif
INFO: [ app_init ] --START--
INFO: Run Behavior\BuildLiteBehavior [ RunTime:0.000000s ]
INFO: [ app_init ] --END-- [ RunTime:0.001000s ]

[ 2015-07-27T09:21:40+08:00 ] 127.0.0.1 /LNZM/index.php/Admin/WorkTendency/resources/images/closelabel.gif
INFO: [ app_init ] --START--
INFO: Run Behavior\BuildLiteBehavior [ RunTime:0.000000s ]
INFO: [ app_init ] --END-- [ RunTime:0.001000s ]

[ 2015-07-27T09:21:45+08:00 ] 127.0.0.1 /LNZM/index.php/Admin/SystemSetting/organizationSystemSetting.html
INFO: [ app_init ] --START--
INFO: Run Behavior\BuildLiteBehavior [ RunTime:0.000000s ]
INFO: [ app_init ] --END-- [ RunTime:0.001000s ]
INFO: [ app_begin ] --START--
INFO: Run Behavior\ReadHtmlCacheBehavior [ RunTime:0.001000s ]
INFO: [ app_begin ] --END-- [ RunTime:0.001000s ]
SQL: SHOW COLUMNS FROM `lnzm_academy` [ RunTime:0.0030s ]
SQL: SELECT COUNT(*) AS tp_count FROM `lnzm_academy` LIMIT 1   [ RunTime:0.0000s ]
SQL: SELECT * FROM `lnzm_academy` ORDER BY `academyid` desc LIMIT 0,5   [ RunTime:0.0010s ]
INFO: [ view_parse ] --START--
INFO: [ template_filter ] --START--
INFO: Run Behavior\ContentReplaceBehavior [ RunTime:0.000000s ]
INFO: [ template_filter ] --END-- [ RunTime:0.001000s ]
NOTIC: [8] Use of undefined constant academyid - assumed 'academyid' C:\wamp\www\LNZM\Application\Runtime\Cache\Admin\58dd674a1969e98c596c47c861a0baf4.php 第 97 行.
NOTIC: [8] Use of undefined constant academyname - assumed 'academyname' C:\wamp\www\LNZM\Application\Runtime\Cache\Admin\58dd674a1969e98c596c47c861a0baf4.php 第 98 行.
NOTIC: [8] Use of undefined constant academydescription - assumed 'academydescription' C:\wamp\www\LNZM\Application\Runtime\Cache\Admin\58dd674a1969e98c596c47c861a0baf4.php 第 99 行.
NOTIC: [8] Use of undefined constant worktendencyid - assumed 'worktendencyid' C:\wamp\www\LNZM\Application\Runtime\Cache\Admin\58dd674a1969e98c596c47c861a0baf4.php 第 101 行.
NOTIC: [8] Undefined variable: item C:\wamp\www\LNZM\Application\Runtime\Cache\Admin\58dd674a1969e98c596c47c861a0baf4.php 第 101 行.
NOTIC: [8] Use of undefined constant academyid - assumed 'academyid' C:\wamp\www\LNZM\Application\Runtime\Cache\Admin\58dd674a1969e98c596c47c861a0baf4.php 第 105 行.
NOTIC: [8] Use of undefined constant academyid - assumed 'academyid' C:\wamp\www\LNZM\Application\Runtime\Cache\Admin\58dd674a1969e98c596c47c861a0baf4.php 第 97 行.
NOTIC: [8] Use of undefined constant academyname - assumed 'academyname' C:\wamp\www\LNZM\Application\Runtime\Cache\Admin\58dd674a1969e98c596c47c861a0baf4.php 第 98 行.
NOTIC: [8] Use of undefined constant academydescription - assumed 'academydescription' C:\wamp\www\LNZM\Application\Runtime\Cache\Admin\58dd674a1969e98c596c47c861a0baf4.php 第 99 行.
NOTIC: [8] Use of undefined constant worktendencyid - assumed 'worktendencyid' C:\wamp\www\LNZM\Application\Runtime\Cache\Admin\58dd674a1969e98c596c47c861a0baf4.php 第 101 行.
NOTIC: [8] Undefined variable: item C:\wamp\www\LNZM\Application\Runtime\Cache\Admin\58dd674a1969e98c596c47c861a0baf4.php 第 101 行.
NOTIC: [8] Use of undefined constant academyid - assumed 'academyid' C:\wamp\www\LNZM\Application\Runtime\Cache\Admin\58dd674a1969e98c596c47c861a0baf4.php 第 105 行.
NOTIC: [8] Use of undefined constant academyid - assumed 'academyid' C:\wamp\www\LNZM\Application\Runtime\Cache\Admin\58dd674a1969e98c596c47c861a0baf4.php 第 97 行.
NOTIC: [8] Use of undefined constant academyname - assumed 'academyname' C:\wamp\www\LNZM\Application\Runtime\Cache\Admin\58dd674a1969e98c596c47c861a0baf4.php 第 98 行.
NOTIC: [8] Use of undefined constant academydescription - assumed 'academydescription' C:\wamp\www\LNZM\Application\Runtime\Cache\Admin\58dd674a1969e98c596c47c861a0baf4.php 第 99 行.
NOTIC: [8] Use of undefined constant worktendencyid - assumed 'worktendencyid' C:\wamp\www\LNZM\Application\Runtime\Cache\Admin\58dd674a1969e98c596c47c861a0baf4.php 第 101 行.
NOTIC: [8] Undefined variable: item C:\wamp\www\LNZM\Application\Runtime\Cache\Admin\58dd674a1969e98c596c47c861a0baf4.php 第 101 行.
NOTIC: [8] Use of undefined constant academyid - assumed 'academyid' C:\wamp\www\LNZM\Application\Runtime\Cache\Admin\58dd674a1969e98c596c47c861a0baf4.php 第 105 行.
NOTIC: [8] Undefined variable: page C:\wamp\www\LNZM\Application\Runtime\Cache\Admin\58dd674a1969e98c596c47c861a0baf4.php 第 171 行.
NOTIC: [8] Undefined variable: list C:\wamp\www\LNZM\Application\Runtime\Cache\Admin\58dd674a1969e98c596c47c861a0baf4.php 第 177 行.
INFO: Run Behavior\ParseTemplateBehavior [ RunTime:0.023001s ]
INFO: [ view_parse ] --END-- [ RunTime:0.023001s ]
INFO: [ view_filter ] --START--
INFO: Run Behavior\WriteHtmlCacheBehavior [ RunTime:0.000000s ]
INFO: [ view_filter ] --END-- [ RunTime:0.000000s ]
INFO: [ app_end ] --START--
INFO: Run Behavior\ShowPageTraceBehavior [ RunTime:0.001000s ]
INFO: [ app_end ] --END-- [ RunTime:0.001000s ]

[ 2015-07-27T09:21:45+08:00 ] 127.0.0.1 /LNZM/index.php/Admin/SystemSetting/resources/images/loading.gif
INFO: [ app_init ] --START--
INFO: Run Behavior\BuildLiteBehavior [ RunTime:0.000000s ]
INFO: [ app_init ] --END-- [ RunTime:0.000000s ]

[ 2015-07-27T09:21:45+08:00 ] 127.0.0.1 /LNZM/index.php/Admin/SystemSetting/resources/images/closelabel.gif
INFO: [ app_init ] --START--
INFO: Run Behavior\BuildLiteBehavior [ RunTime:0.000000s ]
INFO: [ app_init ] --END-- [ RunTime:0.000000s ]

