[ 2015-07-29T20:39:42+08:00 ] 127.0.0.1 /LNZM/index.php/Admin/SystemSetting/organizationSystemSetting
INFO: [ app_init ] --START--
INFO: Run Behavior\BuildLiteBehavior [ RunTime:0.000000s ]
INFO: [ app_init ] --END-- [ RunTime:0.001000s ]
INFO: [ app_begin ] --START--
INFO: Run Behavior\ReadHtmlCacheBehavior [ RunTime:0.001000s ]
INFO: [ app_begin ] --END-- [ RunTime:0.001000s ]
SQL: SHOW COLUMNS FROM `lnzm_academy` [ RunTime:0.0030s ]
SQL: SHOW COLUMNS FROM `lnzm_branch` [ RunTime:0.0030s ]
SQL: SELECT COUNT(*) AS tp_count FROM `lnzm_academy` LIMIT 1   [ RunTime:0.0000s ]
SQL: SELECT * FROM `lnzm_academy` ORDER BY `academyid` desc LIMIT 0,5   [ RunTime:0.0000s ]
SQL: SELECT * FROM `lnzm_academy`  [ RunTime:0.0000s ]
SQL: SELECT COUNT(*) AS tp_count FROM `lnzm_branch` LIMIT 1   [ RunTime:0.0000s ]
SQL: SELECT * FROM `lnzm_branch` ORDER BY branchacademy,branchid desc LIMIT 0,5   [ RunTime:0.0000s ]
INFO: [ view_parse ] --START--
INFO: [ template_filter ] --START--
INFO: Run Behavior\ContentReplaceBehavior [ RunTime:0.001000s ]
INFO: [ template_filter ] --END-- [ RunTime:0.001000s ]
NOTIC: [8] Use of undefined constant academyid - assumed 'academyid' C:\wamp\www\LNZM\Application\Runtime\Cache\Admin\58dd674a1969e98c596c47c861a0baf4.php 第 97 行.
NOTIC: [8] Use of undefined constant academyname - assumed 'academyname' C:\wamp\www\LNZM\Application\Runtime\Cache\Admin\58dd674a1969e98c596c47c861a0baf4.php 第 98 行.
NOTIC: [8] Use of undefined constant academydescription - assumed 'academydescription' C:\wamp\www\LNZM\Application\Runtime\Cache\Admin\58dd674a1969e98c596c47c861a0baf4.php 第 99 行.
NOTIC: [8] Use of undefined constant academyid - assumed 'academyid' C:\wamp\www\LNZM\Application\Runtime\Cache\Admin\58dd674a1969e98c596c47c861a0baf4.php 第 101 行.
NOTIC: [8] Use of undefined constant academyid - assumed 'academyid' C:\wamp\www\LNZM\Application\Runtime\Cache\Admin\58dd674a1969e98c596c47c861a0baf4.php 第 105 行.
NOTIC: [8] Use of undefined constant academyid - assumed 'academyid' C:\wamp\www\LNZM\Application\Runtime\Cache\Admin\58dd674a1969e98c596c47c861a0baf4.php 第 97 行.
NOTIC: [8] Use of undefined constant academyname - assumed 'academyname' C:\wamp\www\LNZM\Application\Runtime\Cache\Admin\58dd674a1969e98c596c47c861a0baf4.php 第 98 行.
NOTIC: [8] Use of undefined constant academydescription - assumed 'academydescription' C:\wamp\www\LNZM\Application\Runtime\Cache\Admin\58dd674a1969e98c596c47c861a0baf4.php 第 99 行.
NOTIC: [8] Use of undefined constant academyid - assumed 'academyid' C:\wamp\www\LNZM\Application\Runtime\Cache\Admin\58dd674a1969e98c596c47c861a0baf4.php 第 101 行.
NOTIC: [8] Use of undefined constant academyid - assumed 'academyid' C:\wamp\www\LNZM\Application\Runtime\Cache\Admin\58dd674a1969e98c596c47c861a0baf4.php 第 105 行.
NOTIC: [8] Use of undefined constant academyid - assumed 'academyid' C:\wamp\www\LNZM\Application\Runtime\Cache\Admin\58dd674a1969e98c596c47c861a0baf4.php 第 97 行.
NOTIC: [8] Use of undefined constant academyname - assumed 'academyname' C:\wamp\www\LNZM\Application\Runtime\Cache\Admin\58dd674a1969e98c596c47c861a0baf4.php 第 98 行.
NOTIC: [8] Use of undefined constant academydescription - assumed 'academydescription' C:\wamp\www\LNZM\Application\Runtime\Cache\Admin\58dd674a1969e98c596c47c861a0baf4.php 第 99 行.
NOTIC: [8] Use of undefined constant academyid - assumed 'academyid' C:\wamp\www\LNZM\Application\Runtime\Cache\Admin\58dd674a1969e98c596c47c861a0baf4.php 第 101 行.
NOTIC: [8] Use of undefined constant academyid - assumed 'academyid' C:\wamp\www\LNZM\Application\Runtime\Cache\Admin\58dd674a1969e98c596c47c861a0baf4.php 第 105 行.
NOTIC: [8] Use of undefined constant academyid - assumed 'academyid' C:\wamp\www\LNZM\Application\Runtime\Cache\Admin\58dd674a1969e98c596c47c861a0baf4.php 第 97 行.
NOTIC: [8] Use of undefined constant academyname - assumed 'academyname' C:\wamp\www\LNZM\Application\Runtime\Cache\Admin\58dd674a1969e98c596c47c861a0baf4.php 第 98 行.
NOTIC: [8] Use of undefined constant academydescription - assumed 'academydescription' C:\wamp\www\LNZM\Application\Runtime\Cache\Admin\58dd674a1969e98c596c47c861a0baf4.php 第 99 行.
NOTIC: [8] Use of undefined constant academyid - assumed 'academyid' C:\wamp\www\LNZM\Application\Runtime\Cache\Admin\58dd674a1969e98c596c47c861a0baf4.php 第 101 行.
NOTIC: [8] Use of undefined constant academyid - assumed 'academyid' C:\wamp\www\LNZM\Application\Runtime\Cache\Admin\58dd674a1969e98c596c47c861a0baf4.php 第 105 行.
NOTIC: [8] Use of undefined constant academyid - assumed 'academyid' C:\wamp\www\LNZM\Application\Runtime\Cache\Admin\58dd674a1969e98c596c47c861a0baf4.php 第 97 行.
NOTIC: [8] Use of undefined constant academyname - assumed 'academyname' C:\wamp\www\LNZM\Application\Runtime\Cache\Admin\58dd674a1969e98c596c47c861a0baf4.php 第 98 行.
NOTIC: [8] Use of undefined constant academydescription - assumed 'academydescription' C:\wamp\www\LNZM\Application\Runtime\Cache\Admin\58dd674a1969e98c596c47c861a0baf4.php 第 99 行.
NOTIC: [8] Use of undefined constant academyid - assumed 'academyid' C:\wamp\www\LNZM\Application\Runtime\Cache\Admin\58dd674a1969e98c596c47c861a0baf4.php 第 101 行.
NOTIC: [8] Use of undefined constant academyid - assumed 'academyid' C:\wamp\www\LNZM\Application\Runtime\Cache\Admin\58dd674a1969e98c596c47c861a0baf4.php 第 105 行.
NOTIC: [8] Use of undefined constant branchid - assumed 'branchid' C:\wamp\www\LNZM\Application\Runtime\Cache\Admin\58dd674a1969e98c596c47c861a0baf4.php 第 179 行.
NOTIC: [8] Use of undefined constant branchname - assumed 'branchname' C:\wamp\www\LNZM\Application\Runtime\Cache\Admin\58dd674a1969e98c596c47c861a0baf4.php 第 180 行.
NOTIC: [8] Use of undefined constant branchacademy - assumed 'branchacademy' C:\wamp\www\LNZM\Application\Runtime\Cache\Admin\58dd674a1969e98c596c47c861a0baf4.php 第 181 行.
NOTIC: [8] Use of undefined constant branchid - assumed 'branchid' C:\wamp\www\LNZM\Application\Runtime\Cache\Admin\58dd674a1969e98c596c47c861a0baf4.php 第 183 行.
NOTIC: [8] Use of undefined constant branchid - assumed 'branchid' C:\wamp\www\LNZM\Application\Runtime\Cache\Admin\58dd674a1969e98c596c47c861a0baf4.php 第 187 行.
NOTIC: [8] Use of undefined constant branchid - assumed 'branchid' C:\wamp\www\LNZM\Application\Runtime\Cache\Admin\58dd674a1969e98c596c47c861a0baf4.php 第 179 行.
NOTIC: [8] Use of undefined constant branchname - assumed 'branchname' C:\wamp\www\LNZM\Application\Runtime\Cache\Admin\58dd674a1969e98c596c47c861a0baf4.php 第 180 行.
NOTIC: [8] Use of undefined constant branchacademy - assumed 'branchacademy' C:\wamp\www\LNZM\Application\Runtime\Cache\Admin\58dd674a1969e98c596c47c861a0baf4.php 第 181 行.
NOTIC: [8] Use of undefined constant branchid - assumed 'branchid' C:\wamp\www\LNZM\Application\Runtime\Cache\Admin\58dd674a1969e98c596c47c861a0baf4.php 第 183 行.
NOTIC: [8] Use of undefined constant branchid - assumed 'branchid' C:\wamp\www\LNZM\Application\Runtime\Cache\Admin\58dd674a1969e98c596c47c861a0baf4.php 第 187 行.
NOTIC: [8] Use of undefined constant branchid - assumed 'branchid' C:\wamp\www\LNZM\Application\Runtime\Cache\Admin\58dd674a1969e98c596c47c861a0baf4.php 第 179 行.
NOTIC: [8] Use of undefined constant branchname - assumed 'branchname' C:\wamp\www\LNZM\Application\Runtime\Cache\Admin\58dd674a1969e98c596c47c861a0baf4.php 第 180 行.
NOTIC: [8] Use of undefined constant branchacademy - assumed 'branchacademy' C:\wamp\www\LNZM\Application\Runtime\Cache\Admin\58dd674a1969e98c596c47c861a0baf4.php 第 181 行.
NOTIC: [8] Use of undefined constant branchid - assumed 'branchid' C:\wamp\www\LNZM\Application\Runtime\Cache\Admin\58dd674a1969e98c596c47c861a0baf4.php 第 183 行.
NOTIC: [8] Use of undefined constant branchid - assumed 'branchid' C:\wamp\www\LNZM\Application\Runtime\Cache\Admin\58dd674a1969e98c596c47c861a0baf4.php 第 187 行.
NOTIC: [8] Use of undefined constant branchid - assumed 'branchid' C:\wamp\www\LNZM\Application\Runtime\Cache\Admin\58dd674a1969e98c596c47c861a0baf4.php 第 179 行.
NOTIC: [8] Use of undefined constant branchname - assumed 'branchname' C:\wamp\www\LNZM\Application\Runtime\Cache\Admin\58dd674a1969e98c596c47c861a0baf4.php 第 180 行.
NOTIC: [8] Use of undefined constant branchacademy - assumed 'branchacademy' C:\wamp\www\LNZM\Application\Runtime\Cache\Admin\58dd674a1969e98c596c47c861a0baf4.php 第 181 行.
NOTIC: [8] Use of undefined constant branchid - assumed 'branchid' C:\wamp\www\LNZM\Application\Runtime\Cache\Admin\58dd674a1969e98c596c47c861a0baf4.php 第 183 行.
NOTIC: [8] Use of undefined constant branchid - assumed 'branchid' C:\wamp\www\LNZM\Application\Runtime\Cache\Admin\58dd674a1969e98c596c47c861a0baf4.php 第 187 行.
NOTIC: [8] Use of undefined constant branchid - assumed 'branchid' C:\wamp\www\LNZM\Application\Runtime\Cache\Admin\58dd674a1969e98c596c47c861a0baf4.php 第 179 行.
NOTIC: [8] Use of undefined constant branchname - assumed 'branchname' C:\wamp\www\LNZM\Application\Runtime\Cache\Admin\58dd674a1969e98c596c47c861a0baf4.php 第 180 行.
NOTIC: [8] Use of undefined constant branchacademy - assumed 'branchacademy' C:\wamp\www\LNZM\Application\Runtime\Cache\Admin\58dd674a1969e98c596c47c861a0baf4.php 第 181 行.
NOTIC: [8] Use of undefined constant branchid - assumed 'branchid' C:\wamp\www\LNZM\Application\Runtime\Cache\Admin\58dd674a1969e98c596c47c861a0baf4.php 第 183 行.
NOTIC: [8] Use of undefined constant branchid - assumed 'branchid' C:\wamp\www\LNZM\Application\Runtime\Cache\Admin\58dd674a1969e98c596c47c861a0baf4.php 第 187 行.
NOTIC: [8] Use of undefined constant academyid - assumed 'academyid' C:\wamp\www\LNZM\Application\Runtime\Cache\Admin\58dd674a1969e98c596c47c861a0baf4.php 第 214 行.
NOTIC: [8] Use of undefined constant academyname - assumed 'academyname' C:\wamp\www\LNZM\Application\Runtime\Cache\Admin\58dd674a1969e98c596c47c861a0baf4.php 第 214 行.
NOTIC: [8] Use of undefined constant academyid - assumed 'academyid' C:\wamp\www\LNZM\Application\Runtime\Cache\Admin\58dd674a1969e98c596c47c861a0baf4.php 第 214 行.
NOTIC: [8] Use of undefined constant academyname - assumed 'academyname' C:\wamp\www\LNZM\Application\Runtime\Cache\Admin\58dd674a1969e98c596c47c861a0baf4.php 第 214 行.
NOTIC: [8] Use of undefined constant academyid - assumed 'academyid' C:\wamp\www\LNZM\Application\Runtime\Cache\Admin\58dd674a1969e98c596c47c861a0baf4.php 第 214 行.
NOTIC: [8] Use of undefined constant academyname - assumed 'academyname' C:\wamp\www\LNZM\Application\Runtime\Cache\Admin\58dd674a1969e98c596c47c861a0baf4.php 第 214 行.
NOTIC: [8] Use of undefined constant academyid - assumed 'academyid' C:\wamp\www\LNZM\Application\Runtime\Cache\Admin\58dd674a1969e98c596c47c861a0baf4.php 第 214 行.
NOTIC: [8] Use of undefined constant academyname - assumed 'academyname' C:\wamp\www\LNZM\Application\Runtime\Cache\Admin\58dd674a1969e98c596c47c861a0baf4.php 第 214 行.
NOTIC: [8] Use of undefined constant academyid - assumed 'academyid' C:\wamp\www\LNZM\Application\Runtime\Cache\Admin\58dd674a1969e98c596c47c861a0baf4.php 第 214 行.
NOTIC: [8] Use of undefined constant academyname - assumed 'academyname' C:\wamp\www\LNZM\Application\Runtime\Cache\Admin\58dd674a1969e98c596c47c861a0baf4.php 第 214 行.
INFO: Run Behavior\ParseTemplateBehavior [ RunTime:0.036002s ]
INFO: [ view_parse ] --END-- [ RunTime:0.036002s ]
INFO: [ view_filter ] --START--
INFO: Run Behavior\WriteHtmlCacheBehavior [ RunTime:0.000000s ]
INFO: [ view_filter ] --END-- [ RunTime:0.001000s ]
INFO: [ app_end ] --START--
INFO: Run Behavior\ShowPageTraceBehavior [ RunTime:0.001000s ]
INFO: [ app_end ] --END-- [ RunTime:0.002000s ]

[ 2015-07-29T20:39:42+08:00 ] 127.0.0.1 /LNZM/index.php/Admin/SystemSetting/resources/images/loading.gif
INFO: [ app_init ] --START--
INFO: Run Behavior\BuildLiteBehavior [ RunTime:0.000000s ]
INFO: [ app_init ] --END-- [ RunTime:0.000000s ]

[ 2015-07-29T20:39:42+08:00 ] 127.0.0.1 /LNZM/index.php/Admin/SystemSetting/resources/images/closelabel.gif
INFO: [ app_init ] --START--
INFO: Run Behavior\BuildLiteBehavior [ RunTime:0.000000s ]
INFO: [ app_init ] --END-- [ RunTime:0.001000s ]

[ 2015-07-29T20:39:43+08:00 ] 127.0.0.1 /LNZM/index.php/Admin/SystemSetting/organizationSystemSetting
INFO: [ app_init ] --START--
INFO: Run Behavior\BuildLiteBehavior [ RunTime:0.000000s ]
INFO: [ app_init ] --END-- [ RunTime:0.000000s ]
INFO: [ app_begin ] --START--
INFO: Run Behavior\ReadHtmlCacheBehavior [ RunTime:0.000000s ]
INFO: [ app_begin ] --END-- [ RunTime:0.001000s ]
SQL: SHOW COLUMNS FROM `lnzm_academy` [ RunTime:0.0030s ]
SQL: SHOW COLUMNS FROM `lnzm_branch` [ RunTime:0.0030s ]
SQL: SELECT COUNT(*) AS tp_count FROM `lnzm_academy` LIMIT 1   [ RunTime:0.0010s ]
SQL: SELECT * FROM `lnzm_academy` ORDER BY `academyid` desc LIMIT 0,5   [ RunTime:0.0000s ]
SQL: SELECT * FROM `lnzm_academy`  [ RunTime:0.0010s ]
SQL: SELECT COUNT(*) AS tp_count FROM `lnzm_branch` LIMIT 1   [ RunTime:0.0010s ]
SQL: SELECT * FROM `lnzm_branch` ORDER BY branchacademy,branchid desc LIMIT 0,5   [ RunTime:0.0000s ]
INFO: [ view_parse ] --START--
INFO: [ template_filter ] --START--
INFO: Run Behavior\ContentReplaceBehavior [ RunTime:0.001001s ]
INFO: [ template_filter ] --END-- [ RunTime:0.001001s ]
NOTIC: [8] Use of undefined constant academyid - assumed 'academyid' C:\wamp\www\LNZM\Application\Runtime\Cache\Admin\58dd674a1969e98c596c47c861a0baf4.php 第 97 行.
NOTIC: [8] Use of undefined constant academyname - assumed 'academyname' C:\wamp\www\LNZM\Application\Runtime\Cache\Admin\58dd674a1969e98c596c47c861a0baf4.php 第 98 行.
NOTIC: [8] Use of undefined constant academydescription - assumed 'academydescription' C:\wamp\www\LNZM\Application\Runtime\Cache\Admin\58dd674a1969e98c596c47c861a0baf4.php 第 99 行.
NOTIC: [8] Use of undefined constant academyid - assumed 'academyid' C:\wamp\www\LNZM\Application\Runtime\Cache\Admin\58dd674a1969e98c596c47c861a0baf4.php 第 101 行.
NOTIC: [8] Use of undefined constant academyid - assumed 'academyid' C:\wamp\www\LNZM\Application\Runtime\Cache\Admin\58dd674a1969e98c596c47c861a0baf4.php 第 105 行.
NOTIC: [8] Use of undefined constant academyid - assumed 'academyid' C:\wamp\www\LNZM\Application\Runtime\Cache\Admin\58dd674a1969e98c596c47c861a0baf4.php 第 97 行.
NOTIC: [8] Use of undefined constant academyname - assumed 'academyname' C:\wamp\www\LNZM\Application\Runtime\Cache\Admin\58dd674a1969e98c596c47c861a0baf4.php 第 98 行.
NOTIC: [8] Use of undefined constant academydescription - assumed 'academydescription' C:\wamp\www\LNZM\Application\Runtime\Cache\Admin\58dd674a1969e98c596c47c861a0baf4.php 第 99 行.
NOTIC: [8] Use of undefined constant academyid - assumed 'academyid' C:\wamp\www\LNZM\Application\Runtime\Cache\Admin\58dd674a1969e98c596c47c861a0baf4.php 第 101 行.
NOTIC: [8] Use of undefined constant academyid - assumed 'academyid' C:\wamp\www\LNZM\Application\Runtime\Cache\Admin\58dd674a1969e98c596c47c861a0baf4.php 第 105 行.
NOTIC: [8] Use of undefined constant academyid - assumed 'academyid' C:\wamp\www\LNZM\Application\Runtime\Cache\Admin\58dd674a1969e98c596c47c861a0baf4.php 第 97 行.
NOTIC: [8] Use of undefined constant academyname - assumed 'academyname' C:\wamp\www\LNZM\Application\Runtime\Cache\Admin\58dd674a1969e98c596c47c861a0baf4.php 第 98 行.
NOTIC: [8] Use of undefined constant academydescription - assumed 'academydescription' C:\wamp\www\LNZM\Application\Runtime\Cache\Admin\58dd674a1969e98c596c47c861a0baf4.php 第 99 行.
NOTIC: [8] Use of undefined constant academyid - assumed 'academyid' C:\wamp\www\LNZM\Application\Runtime\Cache\Admin\58dd674a1969e98c596c47c861a0baf4.php 第 101 行.
NOTIC: [8] Use of undefined constant academyid - assumed 'academyid' C:\wamp\www\LNZM\Application\Runtime\Cache\Admin\58dd674a1969e98c596c47c861a0baf4.php 第 105 行.
NOTIC: [8] Use of undefined constant academyid - assumed 'academyid' C:\wamp\www\LNZM\Application\Runtime\Cache\Admin\58dd674a1969e98c596c47c861a0baf4.php 第 97 行.
NOTIC: [8] Use of undefined constant academyname - assumed 'academyname' C:\wamp\www\LNZM\Application\Runtime\Cache\Admin\58dd674a1969e98c596c47c861a0baf4.php 第 98 行.
NOTIC: [8] Use of undefined constant academydescription - assumed 'academydescription' C:\wamp\www\LNZM\Application\Runtime\Cache\Admin\58dd674a1969e98c596c47c861a0baf4.php 第 99 行.
NOTIC: [8] Use of undefined constant academyid - assumed 'academyid' C:\wamp\www\LNZM\Application\Runtime\Cache\Admin\58dd674a1969e98c596c47c861a0baf4.php 第 101 行.
NOTIC: [8] Use of undefined constant academyid - assumed 'academyid' C:\wamp\www\LNZM\Application\Runtime\Cache\Admin\58dd674a1969e98c596c47c861a0baf4.php 第 105 行.
NOTIC: [8] Use of undefined constant academyid - assumed 'academyid' C:\wamp\www\LNZM\Application\Runtime\Cache\Admin\58dd674a1969e98c596c47c861a0baf4.php 第 97 行.
NOTIC: [8] Use of undefined constant academyname - assumed 'academyname' C:\wamp\www\LNZM\Application\Runtime\Cache\Admin\58dd674a1969e98c596c47c861a0baf4.php 第 98 行.
NOTIC: [8] Use of undefined constant academydescription - assumed 'academydescription' C:\wamp\www\LNZM\Application\Runtime\Cache\Admin\58dd674a1969e98c596c47c861a0baf4.php 第 99 行.
NOTIC: [8] Use of undefined constant academyid - assumed 'academyid' C:\wamp\www\LNZM\Application\Runtime\Cache\Admin\58dd674a1969e98c596c47c861a0baf4.php 第 101 行.
NOTIC: [8] Use of undefined constant academyid - assumed 'academyid' C:\wamp\www\LNZM\Application\Runtime\Cache\Admin\58dd674a1969e98c596c47c861a0baf4.php 第 105 行.
NOTIC: [8] Use of undefined constant branchid - assumed 'branchid' C:\wamp\www\LNZM\Application\Runtime\Cache\Admin\58dd674a1969e98c596c47c861a0baf4.php 第 179 行.
NOTIC: [8] Use of undefined constant branchname - assumed 'branchname' C:\wamp\www\LNZM\Application\Runtime\Cache\Admin\58dd674a1969e98c596c47c861a0baf4.php 第 180 行.
NOTIC: [8] Use of undefined constant branchacademy - assumed 'branchacademy' C:\wamp\www\LNZM\Application\Runtime\Cache\Admin\58dd674a1969e98c596c47c861a0baf4.php 第 181 行.
NOTIC: [8] Use of undefined constant branchid - assumed 'branchid' C:\wamp\www\LNZM\Application\Runtime\Cache\Admin\58dd674a1969e98c596c47c861a0baf4.php 第 183 行.
NOTIC: [8] Use of undefined constant branchid - assumed 'branchid' C:\wamp\www\LNZM\Application\Runtime\Cache\Admin\58dd674a1969e98c596c47c861a0baf4.php 第 187 行.
NOTIC: [8] Use of undefined constant branchid - assumed 'branchid' C:\wamp\www\LNZM\Application\Runtime\Cache\Admin\58dd674a1969e98c596c47c861a0baf4.php 第 179 行.
NOTIC: [8] Use of undefined constant branchname - assumed 'branchname' C:\wamp\www\LNZM\Application\Runtime\Cache\Admin\58dd674a1969e98c596c47c861a0baf4.php 第 180 行.
NOTIC: [8] Use of undefined constant branchacademy - assumed 'branchacademy' C:\wamp\www\LNZM\Application\Runtime\Cache\Admin\58dd674a1969e98c596c47c861a0baf4.php 第 181 行.
NOTIC: [8] Use of undefined constant branchid - assumed 'branchid' C:\wamp\www\LNZM\Application\Runtime\Cache\Admin\58dd674a1969e98c596c47c861a0baf4.php 第 183 行.
NOTIC: [8] Use of undefined constant branchid - assumed 'branchid' C:\wamp\www\LNZM\Application\Runtime\Cache\Admin\58dd674a1969e98c596c47c861a0baf4.php 第 187 行.
NOTIC: [8] Use of undefined constant branchid - assumed 'branchid' C:\wamp\www\LNZM\Application\Runtime\Cache\Admin\58dd674a1969e98c596c47c861a0baf4.php 第 179 行.
NOTIC: [8] Use of undefined constant branchname - assumed 'branchname' C:\wamp\www\LNZM\Application\Runtime\Cache\Admin\58dd674a1969e98c596c47c861a0baf4.php 第 180 行.
NOTIC: [8] Use of undefined constant branchacademy - assumed 'branchacademy' C:\wamp\www\LNZM\Application\Runtime\Cache\Admin\58dd674a1969e98c596c47c861a0baf4.php 第 181 行.
NOTIC: [8] Use of undefined constant branchid - assumed 'branchid' C:\wamp\www\LNZM\Application\Runtime\Cache\Admin\58dd674a1969e98c596c47c861a0baf4.php 第 183 行.
NOTIC: [8] Use of undefined constant branchid - assumed 'branchid' C:\wamp\www\LNZM\Application\Runtime\Cache\Admin\58dd674a1969e98c596c47c861a0baf4.php 第 187 行.
NOTIC: [8] Use of undefined constant branchid - assumed 'branchid' C:\wamp\www\LNZM\Application\Runtime\Cache\Admin\58dd674a1969e98c596c47c861a0baf4.php 第 179 行.
NOTIC: [8] Use of undefined constant branchname - assumed 'branchname' C:\wamp\www\LNZM\Application\Runtime\Cache\Admin\58dd674a1969e98c596c47c861a0baf4.php 第 180 行.
NOTIC: [8] Use of undefined constant branchacademy - assumed 'branchacademy' C:\wamp\www\LNZM\Application\Runtime\Cache\Admin\58dd674a1969e98c596c47c861a0baf4.php 第 181 行.
NOTIC: [8] Use of undefined constant branchid - assumed 'branchid' C:\wamp\www\LNZM\Application\Runtime\Cache\Admin\58dd674a1969e98c596c47c861a0baf4.php 第 183 行.
NOTIC: [8] Use of undefined constant branchid - assumed 'branchid' C:\wamp\www\LNZM\Application\Runtime\Cache\Admin\58dd674a1969e98c596c47c861a0baf4.php 第 187 行.
NOTIC: [8] Use of undefined constant branchid - assumed 'branchid' C:\wamp\www\LNZM\Application\Runtime\Cache\Admin\58dd674a1969e98c596c47c861a0baf4.php 第 179 行.
NOTIC: [8] Use of undefined constant branchname - assumed 'branchname' C:\wamp\www\LNZM\Application\Runtime\Cache\Admin\58dd674a1969e98c596c47c861a0baf4.php 第 180 行.
NOTIC: [8] Use of undefined constant branchacademy - assumed 'branchacademy' C:\wamp\www\LNZM\Application\Runtime\Cache\Admin\58dd674a1969e98c596c47c861a0baf4.php 第 181 行.
NOTIC: [8] Use of undefined constant branchid - assumed 'branchid' C:\wamp\www\LNZM\Application\Runtime\Cache\Admin\58dd674a1969e98c596c47c861a0baf4.php 第 183 行.
NOTIC: [8] Use of undefined constant branchid - assumed 'branchid' C:\wamp\www\LNZM\Application\Runtime\Cache\Admin\58dd674a1969e98c596c47c861a0baf4.php 第 187 行.
NOTIC: [8] Use of undefined constant academyid - assumed 'academyid' C:\wamp\www\LNZM\Application\Runtime\Cache\Admin\58dd674a1969e98c596c47c861a0baf4.php 第 214 行.
NOTIC: [8] Use of undefined constant academyname - assumed 'academyname' C:\wamp\www\LNZM\Application\Runtime\Cache\Admin\58dd674a1969e98c596c47c861a0baf4.php 第 214 行.
NOTIC: [8] Use of undefined constant academyid - assumed 'academyid' C:\wamp\www\LNZM\Application\Runtime\Cache\Admin\58dd674a1969e98c596c47c861a0baf4.php 第 214 行.
NOTIC: [8] Use of undefined constant academyname - assumed 'academyname' C:\wamp\www\LNZM\Application\Runtime\Cache\Admin\58dd674a1969e98c596c47c861a0baf4.php 第 214 行.
NOTIC: [8] Use of undefined constant academyid - assumed 'academyid' C:\wamp\www\LNZM\Application\Runtime\Cache\Admin\58dd674a1969e98c596c47c861a0baf4.php 第 214 行.
NOTIC: [8] Use of undefined constant academyname - assumed 'academyname' C:\wamp\www\LNZM\Application\Runtime\Cache\Admin\58dd674a1969e98c596c47c861a0baf4.php 第 214 行.
NOTIC: [8] Use of undefined constant academyid - assumed 'academyid' C:\wamp\www\LNZM\Application\Runtime\Cache\Admin\58dd674a1969e98c596c47c861a0baf4.php 第 214 行.
NOTIC: [8] Use of undefined constant academyname - assumed 'academyname' C:\wamp\www\LNZM\Application\Runtime\Cache\Admin\58dd674a1969e98c596c47c861a0baf4.php 第 214 行.
NOTIC: [8] Use of undefined constant academyid - assumed 'academyid' C:\wamp\www\LNZM\Application\Runtime\Cache\Admin\58dd674a1969e98c596c47c861a0baf4.php 第 214 行.
NOTIC: [8] Use of undefined constant academyname - assumed 'academyname' C:\wamp\www\LNZM\Application\Runtime\Cache\Admin\58dd674a1969e98c596c47c861a0baf4.php 第 214 行.
INFO: Run Behavior\ParseTemplateBehavior [ RunTime:0.032002s ]
INFO: [ view_parse ] --END-- [ RunTime:0.033002s ]
INFO: [ view_filter ] --START--
INFO: Run Behavior\WriteHtmlCacheBehavior [ RunTime:0.000000s ]
INFO: [ view_filter ] --END-- [ RunTime:0.001000s ]
INFO: [ app_end ] --START--
INFO: Run Behavior\ShowPageTraceBehavior [ RunTime:0.000000s ]
INFO: [ app_end ] --END-- [ RunTime:0.001000s ]

[ 2015-07-29T20:39:43+08:00 ] 127.0.0.1 /LNZM/index.php/Admin/SystemSetting/resources/images/loading.gif
INFO: [ app_init ] --START--
INFO: Run Behavior\BuildLiteBehavior [ RunTime:0.000000s ]
INFO: [ app_init ] --END-- [ RunTime:0.001000s ]

[ 2015-07-29T20:39:43+08:00 ] 127.0.0.1 /LNZM/index.php/Admin/SystemSetting/resources/images/closelabel.gif
INFO: [ app_init ] --START--
INFO: Run Behavior\BuildLiteBehavior [ RunTime:0.000000s ]
INFO: [ app_init ] --END-- [ RunTime:0.000000s ]

[ 2015-07-29T20:39:44+08:00 ] 127.0.0.1 /LNZM/index.php/Admin/SystemSetting/organizationSystemSetting
INFO: [ app_init ] --START--
INFO: Run Behavior\BuildLiteBehavior [ RunTime:0.000000s ]
INFO: [ app_init ] --END-- [ RunTime:0.001000s ]
INFO: [ app_begin ] --START--
INFO: Run Behavior\ReadHtmlCacheBehavior [ RunTime:0.001001s ]
INFO: [ app_begin ] --END-- [ RunTime:0.001001s ]
SQL: SHOW COLUMNS FROM `lnzm_academy` [ RunTime:0.0030s ]
SQL: SHOW COLUMNS FROM `lnzm_branch` [ RunTime:0.0030s ]
SQL: SELECT COUNT(*) AS tp_count FROM `lnzm_academy` LIMIT 1   [ RunTime:0.0000s ]
SQL: SELECT * FROM `lnzm_academy` ORDER BY `academyid` desc LIMIT 0,5   [ RunTime:0.0010s ]
SQL: SELECT * FROM `lnzm_academy`  [ RunTime:0.0000s ]
SQL: SELECT COUNT(*) AS tp_count FROM `lnzm_branch` LIMIT 1   [ RunTime:0.0000s ]
SQL: SELECT * FROM `lnzm_branch` ORDER BY branchacademy,branchid desc LIMIT 0,5   [ RunTime:0.0000s ]
INFO: [ view_parse ] --START--
INFO: [ template_filter ] --START--
INFO: Run Behavior\ContentReplaceBehavior [ RunTime:0.000000s ]
INFO: [ template_filter ] --END-- [ RunTime:0.001000s ]
NOTIC: [8] Use of undefined constant academyid - assumed 'academyid' C:\wamp\www\LNZM\Application\Runtime\Cache\Admin\58dd674a1969e98c596c47c861a0baf4.php 第 97 行.
NOTIC: [8] Use of undefined constant academyname - assumed 'academyname' C:\wamp\www\LNZM\Application\Runtime\Cache\Admin\58dd674a1969e98c596c47c861a0baf4.php 第 98 行.
NOTIC: [8] Use of undefined constant academydescription - assumed 'academydescription' C:\wamp\www\LNZM\Application\Runtime\Cache\Admin\58dd674a1969e98c596c47c861a0baf4.php 第 99 行.
NOTIC: [8] Use of undefined constant academyid - assumed 'academyid' C:\wamp\www\LNZM\Application\Runtime\Cache\Admin\58dd674a1969e98c596c47c861a0baf4.php 第 101 行.
NOTIC: [8] Use of undefined constant academyid - assumed 'academyid' C:\wamp\www\LNZM\Application\Runtime\Cache\Admin\58dd674a1969e98c596c47c861a0baf4.php 第 105 行.
NOTIC: [8] Use of undefined constant academyid - assumed 'academyid' C:\wamp\www\LNZM\Application\Runtime\Cache\Admin\58dd674a1969e98c596c47c861a0baf4.php 第 97 行.
NOTIC: [8] Use of undefined constant academyname - assumed 'academyname' C:\wamp\www\LNZM\Application\Runtime\Cache\Admin\58dd674a1969e98c596c47c861a0baf4.php 第 98 行.
NOTIC: [8] Use of undefined constant academydescription - assumed 'academydescription' C:\wamp\www\LNZM\Application\Runtime\Cache\Admin\58dd674a1969e98c596c47c861a0baf4.php 第 99 行.
NOTIC: [8] Use of undefined constant academyid - assumed 'academyid' C:\wamp\www\LNZM\Application\Runtime\Cache\Admin\58dd674a1969e98c596c47c861a0baf4.php 第 101 行.
NOTIC: [8] Use of undefined constant academyid - assumed 'academyid' C:\wamp\www\LNZM\Application\Runtime\Cache\Admin\58dd674a1969e98c596c47c861a0baf4.php 第 105 行.
NOTIC: [8] Use of undefined constant academyid - assumed 'academyid' C:\wamp\www\LNZM\Application\Runtime\Cache\Admin\58dd674a1969e98c596c47c861a0baf4.php 第 97 行.
NOTIC: [8] Use of undefined constant academyname - assumed 'academyname' C:\wamp\www\LNZM\Application\Runtime\Cache\Admin\58dd674a1969e98c596c47c861a0baf4.php 第 98 行.
NOTIC: [8] Use of undefined constant academydescription - assumed 'academydescription' C:\wamp\www\LNZM\Application\Runtime\Cache\Admin\58dd674a1969e98c596c47c861a0baf4.php 第 99 行.
NOTIC: [8] Use of undefined constant academyid - assumed 'academyid' C:\wamp\www\LNZM\Application\Runtime\Cache\Admin\58dd674a1969e98c596c47c861a0baf4.php 第 101 行.
NOTIC: [8] Use of undefined constant academyid - assumed 'academyid' C:\wamp\www\LNZM\Application\Runtime\Cache\Admin\58dd674a1969e98c596c47c861a0baf4.php 第 105 行.
NOTIC: [8] Use of undefined constant academyid - assumed 'academyid' C:\wamp\www\LNZM\Application\Runtime\Cache\Admin\58dd674a1969e98c596c47c861a0baf4.php 第 97 行.
NOTIC: [8] Use of undefined constant academyname - assumed 'academyname' C:\wamp\www\LNZM\Application\Runtime\Cache\Admin\58dd674a1969e98c596c47c861a0baf4.php 第 98 行.
NOTIC: [8] Use of undefined constant academydescription - assumed 'academydescription' C:\wamp\www\LNZM\Application\Runtime\Cache\Admin\58dd674a1969e98c596c47c861a0baf4.php 第 99 行.
NOTIC: [8] Use of undefined constant academyid - assumed 'academyid' C:\wamp\www\LNZM\Application\Runtime\Cache\Admin\58dd674a1969e98c596c47c861a0baf4.php 第 101 行.
NOTIC: [8] Use of undefined constant academyid - assumed 'academyid' C:\wamp\www\LNZM\Application\Runtime\Cache\Admin\58dd674a1969e98c596c47c861a0baf4.php 第 105 行.
NOTIC: [8] Use of undefined constant academyid - assumed 'academyid' C:\wamp\www\LNZM\Application\Runtime\Cache\Admin\58dd674a1969e98c596c47c861a0baf4.php 第 97 行.
NOTIC: [8] Use of undefined constant academyname - assumed 'academyname' C:\wamp\www\LNZM\Application\Runtime\Cache\Admin\58dd674a1969e98c596c47c861a0baf4.php 第 98 行.
NOTIC: [8] Use of undefined constant academydescription - assumed 'academydescription' C:\wamp\www\LNZM\Application\Runtime\Cache\Admin\58dd674a1969e98c596c47c861a0baf4.php 第 99 行.
NOTIC: [8] Use of undefined constant academyid - assumed 'academyid' C:\wamp\www\LNZM\Application\Runtime\Cache\Admin\58dd674a1969e98c596c47c861a0baf4.php 第 101 行.
NOTIC: [8] Use of undefined constant academyid - assumed 'academyid' C:\wamp\www\LNZM\Application\Runtime\Cache\Admin\58dd674a1969e98c596c47c861a0baf4.php 第 105 行.
NOTIC: [8] Use of undefined constant branchid - assumed 'branchid' C:\wamp\www\LNZM\Application\Runtime\Cache\Admin\58dd674a1969e98c596c47c861a0baf4.php 第 179 行.
NOTIC: [8] Use of undefined constant branchname - assumed 'branchname' C:\wamp\www\LNZM\Application\Runtime\Cache\Admin\58dd674a1969e98c596c47c861a0baf4.php 第 180 行.
NOTIC: [8] Use of undefined constant branchacademy - assumed 'branchacademy' C:\wamp\www\LNZM\Application\Runtime\Cache\Admin\58dd674a1969e98c596c47c861a0baf4.php 第 181 行.
NOTIC: [8] Use of undefined constant branchid - assumed 'branchid' C:\wamp\www\LNZM\Application\Runtime\Cache\Admin\58dd674a1969e98c596c47c861a0baf4.php 第 183 行.
NOTIC: [8] Use of undefined constant branchid - assumed 'branchid' C:\wamp\www\LNZM\Application\Runtime\Cache\Admin\58dd674a1969e98c596c47c861a0baf4.php 第 187 行.
NOTIC: [8] Use of undefined constant branchid - assumed 'branchid' C:\wamp\www\LNZM\Application\Runtime\Cache\Admin\58dd674a1969e98c596c47c861a0baf4.php 第 179 行.
NOTIC: [8] Use of undefined constant branchname - assumed 'branchname' C:\wamp\www\LNZM\Application\Runtime\Cache\Admin\58dd674a1969e98c596c47c861a0baf4.php 第 180 行.
NOTIC: [8] Use of undefined constant branchacademy - assumed 'branchacademy' C:\wamp\www\LNZM\Application\Runtime\Cache\Admin\58dd674a1969e98c596c47c861a0baf4.php 第 181 行.
NOTIC: [8] Use of undefined constant branchid - assumed 'branchid' C:\wamp\www\LNZM\Application\Runtime\Cache\Admin\58dd674a1969e98c596c47c861a0baf4.php 第 183 行.
NOTIC: [8] Use of undefined constant branchid - assumed 'branchid' C:\wamp\www\LNZM\Application\Runtime\Cache\Admin\58dd674a1969e98c596c47c861a0baf4.php 第 187 行.
NOTIC: [8] Use of undefined constant branchid - assumed 'branchid' C:\wamp\www\LNZM\Application\Runtime\Cache\Admin\58dd674a1969e98c596c47c861a0baf4.php 第 179 行.
NOTIC: [8] Use of undefined constant branchname - assumed 'branchname' C:\wamp\www\LNZM\Application\Runtime\Cache\Admin\58dd674a1969e98c596c47c861a0baf4.php 第 180 行.
NOTIC: [8] Use of undefined constant branchacademy - assumed 'branchacademy' C:\wamp\www\LNZM\Application\Runtime\Cache\Admin\58dd674a1969e98c596c47c861a0baf4.php 第 181 行.
NOTIC: [8] Use of undefined constant branchid - assumed 'branchid' C:\wamp\www\LNZM\Application\Runtime\Cache\Admin\58dd674a1969e98c596c47c861a0baf4.php 第 183 行.
NOTIC: [8] Use of undefined constant branchid - assumed 'branchid' C:\wamp\www\LNZM\Application\Runtime\Cache\Admin\58dd674a1969e98c596c47c861a0baf4.php 第 187 行.
NOTIC: [8] Use of undefined constant branchid - assumed 'branchid' C:\wamp\www\LNZM\Application\Runtime\Cache\Admin\58dd674a1969e98c596c47c861a0baf4.php 第 179 行.
NOTIC: [8] Use of undefined constant branchname - assumed 'branchname' C:\wamp\www\LNZM\Application\Runtime\Cache\Admin\58dd674a1969e98c596c47c861a0baf4.php 第 180 行.
NOTIC: [8] Use of undefined constant branchacademy - assumed 'branchacademy' C:\wamp\www\LNZM\Application\Runtime\Cache\Admin\58dd674a1969e98c596c47c861a0baf4.php 第 181 行.
NOTIC: [8] Use of undefined constant branchid - assumed 'branchid' C:\wamp\www\LNZM\Application\Runtime\Cache\Admin\58dd674a1969e98c596c47c861a0baf4.php 第 183 行.
NOTIC: [8] Use of undefined constant branchid - assumed 'branchid' C:\wamp\www\LNZM\Application\Runtime\Cache\Admin\58dd674a1969e98c596c47c861a0baf4.php 第 187 行.
NOTIC: [8] Use of undefined constant branchid - assumed 'branchid' C:\wamp\www\LNZM\Application\Runtime\Cache\Admin\58dd674a1969e98c596c47c861a0baf4.php 第 179 行.
NOTIC: [8] Use of undefined constant branchname - assumed 'branchname' C:\wamp\www\LNZM\Application\Runtime\Cache\Admin\58dd674a1969e98c596c47c861a0baf4.php 第 180 行.
NOTIC: [8] Use of undefined constant branchacademy - assumed 'branchacademy' C:\wamp\www\LNZM\Application\Runtime\Cache\Admin\58dd674a1969e98c596c47c861a0baf4.php 第 181 行.
NOTIC: [8] Use of undefined constant branchid - assumed 'branchid' C:\wamp\www\LNZM\Application\Runtime\Cache\Admin\58dd674a1969e98c596c47c861a0baf4.php 第 183 行.
NOTIC: [8] Use of undefined constant branchid - assumed 'branchid' C:\wamp\www\LNZM\Application\Runtime\Cache\Admin\58dd674a1969e98c596c47c861a0baf4.php 第 187 行.
NOTIC: [8] Use of undefined constant academyid - assumed 'academyid' C:\wamp\www\LNZM\Application\Runtime\Cache\Admin\58dd674a1969e98c596c47c861a0baf4.php 第 214 行.
NOTIC: [8] Use of undefined constant academyname - assumed 'academyname' C:\wamp\www\LNZM\Application\Runtime\Cache\Admin\58dd674a1969e98c596c47c861a0baf4.php 第 214 行.
NOTIC: [8] Use of undefined constant academyid - assumed 'academyid' C:\wamp\www\LNZM\Application\Runtime\Cache\Admin\58dd674a1969e98c596c47c861a0baf4.php 第 214 行.
NOTIC: [8] Use of undefined constant academyname - assumed 'academyname' C:\wamp\www\LNZM\Application\Runtime\Cache\Admin\58dd674a1969e98c596c47c861a0baf4.php 第 214 行.
NOTIC: [8] Use of undefined constant academyid - assumed 'academyid' C:\wamp\www\LNZM\Application\Runtime\Cache\Admin\58dd674a1969e98c596c47c861a0baf4.php 第 214 行.
NOTIC: [8] Use of undefined constant academyname - assumed 'academyname' C:\wamp\www\LNZM\Application\Runtime\Cache\Admin\58dd674a1969e98c596c47c861a0baf4.php 第 214 行.
NOTIC: [8] Use of undefined constant academyid - assumed 'academyid' C:\wamp\www\LNZM\Application\Runtime\Cache\Admin\58dd674a1969e98c596c47c861a0baf4.php 第 214 行.
NOTIC: [8] Use of undefined constant academyname - assumed 'academyname' C:\wamp\www\LNZM\Application\Runtime\Cache\Admin\58dd674a1969e98c596c47c861a0baf4.php 第 214 行.
NOTIC: [8] Use of undefined constant academyid - assumed 'academyid' C:\wamp\www\LNZM\Application\Runtime\Cache\Admin\58dd674a1969e98c596c47c861a0baf4.php 第 214 行.
NOTIC: [8] Use of undefined constant academyname - assumed 'academyname' C:\wamp\www\LNZM\Application\Runtime\Cache\Admin\58dd674a1969e98c596c47c861a0baf4.php 第 214 行.
INFO: Run Behavior\ParseTemplateBehavior [ RunTime:0.033002s ]
INFO: [ view_parse ] --END-- [ RunTime:0.033002s ]
INFO: [ view_filter ] --START--
INFO: Run Behavior\WriteHtmlCacheBehavior [ RunTime:0.001000s ]
INFO: [ view_filter ] --END-- [ RunTime:0.001000s ]
INFO: [ app_end ] --START--
INFO: Run Behavior\ShowPageTraceBehavior [ RunTime:0.001000s ]
INFO: [ app_end ] --END-- [ RunTime:0.001000s ]

[ 2015-07-29T20:39:44+08:00 ] 127.0.0.1 /LNZM/index.php/Admin/SystemSetting/resources/images/closelabel.gif
INFO: [ app_init ] --START--
INFO: Run Behavior\BuildLiteBehavior [ RunTime:0.000000s ]
INFO: [ app_init ] --END-- [ RunTime:0.000000s ]

[ 2015-07-29T20:39:44+08:00 ] 127.0.0.1 /LNZM/index.php/Admin/SystemSetting/resources/images/loading.gif
INFO: [ app_init ] --START--
INFO: Run Behavior\BuildLiteBehavior [ RunTime:0.000000s ]
INFO: [ app_init ] --END-- [ RunTime:0.001000s ]

[ 2015-07-29T20:39:47+08:00 ] 127.0.0.1 /LNZM/index.php/Admin/SystemSetting/organizationSystemSetting/p2/2.html
INFO: [ app_init ] --START--
INFO: Run Behavior\BuildLiteBehavior [ RunTime:0.000000s ]
INFO: [ app_init ] --END-- [ RunTime:0.000000s ]
INFO: [ app_begin ] --START--
INFO: Run Behavior\ReadHtmlCacheBehavior [ RunTime:0.000000s ]
INFO: [ app_begin ] --END-- [ RunTime:0.000000s ]
SQL: SHOW COLUMNS FROM `lnzm_academy` [ RunTime:0.0030s ]
SQL: SHOW COLUMNS FROM `lnzm_branch` [ RunTime:0.0030s ]
SQL: SELECT COUNT(*) AS tp_count FROM `lnzm_academy` LIMIT 1   [ RunTime:0.0000s ]
SQL: SELECT * FROM `lnzm_academy` ORDER BY `academyid` desc LIMIT 0,5   [ RunTime:0.0000s ]
SQL: SELECT * FROM `lnzm_academy`  [ RunTime:0.0000s ]
SQL: SELECT COUNT(*) AS tp_count FROM `lnzm_branch` LIMIT 1   [ RunTime:0.0000s ]
SQL: SELECT * FROM `lnzm_branch` ORDER BY branchacademy,branchid desc LIMIT 5,5   [ RunTime:0.0000s ]
INFO: [ view_parse ] --START--
INFO: [ template_filter ] --START--
INFO: Run Behavior\ContentReplaceBehavior [ RunTime:0.000000s ]
INFO: [ template_filter ] --END-- [ RunTime:0.000000s ]
NOTIC: [8] Use of undefined constant academyid - assumed 'academyid' C:\wamp\www\LNZM\Application\Runtime\Cache\Admin\58dd674a1969e98c596c47c861a0baf4.php 第 97 行.
NOTIC: [8] Use of undefined constant academyname - assumed 'academyname' C:\wamp\www\LNZM\Application\Runtime\Cache\Admin\58dd674a1969e98c596c47c861a0baf4.php 第 98 行.
NOTIC: [8] Use of undefined constant academydescription - assumed 'academydescription' C:\wamp\www\LNZM\Application\Runtime\Cache\Admin\58dd674a1969e98c596c47c861a0baf4.php 第 99 行.
NOTIC: [8] Use of undefined constant academyid - assumed 'academyid' C:\wamp\www\LNZM\Application\Runtime\Cache\Admin\58dd674a1969e98c596c47c861a0baf4.php 第 101 行.
NOTIC: [8] Use of undefined constant academyid - assumed 'academyid' C:\wamp\www\LNZM\Application\Runtime\Cache\Admin\58dd674a1969e98c596c47c861a0baf4.php 第 105 行.
NOTIC: [8] Use of undefined constant academyid - assumed 'academyid' C:\wamp\www\LNZM\Application\Runtime\Cache\Admin\58dd674a1969e98c596c47c861a0baf4.php 第 97 行.
NOTIC: [8] Use of undefined constant academyname - assumed 'academyname' C:\wamp\www\LNZM\Application\Runtime\Cache\Admin\58dd674a1969e98c596c47c861a0baf4.php 第 98 行.
NOTIC: [8] Use of undefined constant academydescription - assumed 'academydescription' C:\wamp\www\LNZM\Application\Runtime\Cache\Admin\58dd674a1969e98c596c47c861a0baf4.php 第 99 行.
NOTIC: [8] Use of undefined constant academyid - assumed 'academyid' C:\wamp\www\LNZM\Application\Runtime\Cache\Admin\58dd674a1969e98c596c47c861a0baf4.php 第 101 行.
NOTIC: [8] Use of undefined constant academyid - assumed 'academyid' C:\wamp\www\LNZM\Application\Runtime\Cache\Admin\58dd674a1969e98c596c47c861a0baf4.php 第 105 行.
NOTIC: [8] Use of undefined constant academyid - assumed 'academyid' C:\wamp\www\LNZM\Application\Runtime\Cache\Admin\58dd674a1969e98c596c47c861a0baf4.php 第 97 行.
NOTIC: [8] Use of undefined constant academyname - assumed 'academyname' C:\wamp\www\LNZM\Application\Runtime\Cache\Admin\58dd674a1969e98c596c47c861a0baf4.php 第 98 行.
NOTIC: [8] Use of undefined constant academydescription - assumed 'academydescription' C:\wamp\www\LNZM\Application\Runtime\Cache\Admin\58dd674a1969e98c596c47c861a0baf4.php 第 99 行.
NOTIC: [8] Use of undefined constant academyid - assumed 'academyid' C:\wamp\www\LNZM\Application\Runtime\Cache\Admin\58dd674a1969e98c596c47c861a0baf4.php 第 101 行.
NOTIC: [8] Use of undefined constant academyid - assumed 'academyid' C:\wamp\www\LNZM\Application\Runtime\Cache\Admin\58dd674a1969e98c596c47c861a0baf4.php 第 105 行.
NOTIC: [8] Use of undefined constant academyid - assumed 'academyid' C:\wamp\www\LNZM\Application\Runtime\Cache\Admin\58dd674a1969e98c596c47c861a0baf4.php 第 97 行.
NOTIC: [8] Use of undefined constant academyname - assumed 'academyname' C:\wamp\www\LNZM\Application\Runtime\Cache\Admin\58dd674a1969e98c596c47c861a0baf4.php 第 98 行.
NOTIC: [8] Use of undefined constant academydescription - assumed 'academydescription' C:\wamp\www\LNZM\Application\Runtime\Cache\Admin\58dd674a1969e98c596c47c861a0baf4.php 第 99 行.
NOTIC: [8] Use of undefined constant academyid - assumed 'academyid' C:\wamp\www\LNZM\Application\Runtime\Cache\Admin\58dd674a1969e98c596c47c861a0baf4.php 第 101 行.
NOTIC: [8] Use of undefined constant academyid - assumed 'academyid' C:\wamp\www\LNZM\Application\Runtime\Cache\Admin\58dd674a1969e98c596c47c861a0baf4.php 第 105 行.
NOTIC: [8] Use of undefined constant academyid - assumed 'academyid' C:\wamp\www\LNZM\Application\Runtime\Cache\Admin\58dd674a1969e98c596c47c861a0baf4.php 第 97 行.
NOTIC: [8] Use of undefined constant academyname - assumed 'academyname' C:\wamp\www\LNZM\Application\Runtime\Cache\Admin\58dd674a1969e98c596c47c861a0baf4.php 第 98 行.
NOTIC: [8] Use of undefined constant academydescription - assumed 'academydescription' C:\wamp\www\LNZM\Application\Runtime\Cache\Admin\58dd674a1969e98c596c47c861a0baf4.php 第 99 行.
NOTIC: [8] Use of undefined constant academyid - assumed 'academyid' C:\wamp\www\LNZM\Application\Runtime\Cache\Admin\58dd674a1969e98c596c47c861a0baf4.php 第 101 行.
NOTIC: [8] Use of undefined constant academyid - assumed 'academyid' C:\wamp\www\LNZM\Application\Runtime\Cache\Admin\58dd674a1969e98c596c47c861a0baf4.php 第 105 行.
NOTIC: [8] Use of undefined constant branchid - assumed 'branchid' C:\wamp\www\LNZM\Application\Runtime\Cache\Admin\58dd674a1969e98c596c47c861a0baf4.php 第 179 行.
NOTIC: [8] Use of undefined constant branchname - assumed 'branchname' C:\wamp\www\LNZM\Application\Runtime\Cache\Admin\58dd674a1969e98c596c47c861a0baf4.php 第 180 行.
NOTIC: [8] Use of undefined constant branchacademy - assumed 'branchacademy' C:\wamp\www\LNZM\Application\Runtime\Cache\Admin\58dd674a1969e98c596c47c861a0baf4.php 第 181 行.
NOTIC: [8] Use of undefined constant branchid - assumed 'branchid' C:\wamp\www\LNZM\Application\Runtime\Cache\Admin\58dd674a1969e98c596c47c861a0baf4.php 第 183 行.
NOTIC: [8] Use of undefined constant branchid - assumed 'branchid' C:\wamp\www\LNZM\Application\Runtime\Cache\Admin\58dd674a1969e98c596c47c861a0baf4.php 第 187 行.
NOTIC: [8] Use of undefined constant academyid - assumed 'academyid' C:\wamp\www\LNZM\Application\Runtime\Cache\Admin\58dd674a1969e98c596c47c861a0baf4.php 第 214 行.
NOTIC: [8] Use of undefined constant academyname - assumed 'academyname' C:\wamp\www\LNZM\Application\Runtime\Cache\Admin\58dd674a1969e98c596c47c861a0baf4.php 第 214 行.
NOTIC: [8] Use of undefined constant academyid - assumed 'academyid' C:\wamp\www\LNZM\Application\Runtime\Cache\Admin\58dd674a1969e98c596c47c861a0baf4.php 第 214 行.
NOTIC: [8] Use of undefined constant academyname - assumed 'academyname' C:\wamp\www\LNZM\Application\Runtime\Cache\Admin\58dd674a1969e98c596c47c861a0baf4.php 第 214 行.
NOTIC: [8] Use of undefined constant academyid - assumed 'academyid' C:\wamp\www\LNZM\Application\Runtime\Cache\Admin\58dd674a1969e98c596c47c861a0baf4.php 第 214 行.
NOTIC: [8] Use of undefined constant academyname - assumed 'academyname' C:\wamp\www\LNZM\Application\Runtime\Cache\Admin\58dd674a1969e98c596c47c861a0baf4.php 第 214 行.
NOTIC: [8] Use of undefined constant academyid - assumed 'academyid' C:\wamp\www\LNZM\Application\Runtime\Cache\Admin\58dd674a1969e98c596c47c861a0baf4.php 第 214 行.
NOTIC: [8] Use of undefined constant academyname - assumed 'academyname' C:\wamp\www\LNZM\Application\Runtime\Cache\Admin\58dd674a1969e98c596c47c861a0baf4.php 第 214 行.
NOTIC: [8] Use of undefined constant academyid - assumed 'academyid' C:\wamp\www\LNZM\Application\Runtime\Cache\Admin\58dd674a1969e98c596c47c861a0baf4.php 第 214 行.
NOTIC: [8] Use of undefined constant academyname - assumed 'academyname' C:\wamp\www\LNZM\Application\Runtime\Cache\Admin\58dd674a1969e98c596c47c861a0baf4.php 第 214 行.
INFO: Run Behavior\ParseTemplateBehavior [ RunTime:0.029002s ]
INFO: [ view_parse ] --END-- [ RunTime:0.029002s ]
INFO: [ view_filter ] --START--
INFO: Run Behavior\WriteHtmlCacheBehavior [ RunTime:0.000000s ]
INFO: [ view_filter ] --END-- [ RunTime:0.001000s ]
INFO: [ app_end ] --START--
INFO: Run Behavior\ShowPageTraceBehavior [ RunTime:0.004000s ]
INFO: [ app_end ] --END-- [ RunTime:0.004000s ]

[ 2015-07-29T20:39:47+08:00 ] 127.0.0.1 /LNZM/index.php/Admin/SystemSetting/organizationSystemSetting/p2/resources/images/closelabel.gif
INFO: [ app_init ] --START--
INFO: Run Behavior\BuildLiteBehavior [ RunTime:0.000000s ]
INFO: [ app_init ] --END-- [ RunTime:0.001001s ]

[ 2015-07-29T20:39:47+08:00 ] 127.0.0.1 /LNZM/index.php/Admin/SystemSetting/organizationSystemSetting/p2/resources/images/loading.gif
INFO: [ app_init ] --START--
INFO: Run Behavior\BuildLiteBehavior [ RunTime:0.000000s ]
INFO: [ app_init ] --END-- [ RunTime:0.000000s ]

[ 2015-07-29T20:41:31+08:00 ] 127.0.0.1 /LNZM/index.php/Admin/WorkTendency/allPage.html
INFO: [ app_init ] --START--
INFO: Run Behavior\BuildLiteBehavior [ RunTime:0.000000s ]
INFO: [ app_init ] --END-- [ RunTime:0.000000s ]
INFO: [ app_begin ] --START--
INFO: Run Behavior\ReadHtmlCacheBehavior [ RunTime:0.000000s ]
INFO: [ app_begin ] --END-- [ RunTime:0.001000s ]
SQL: SHOW COLUMNS FROM `lnzm_worktendency` [ RunTime:0.0040s ]
SQL: SELECT COUNT(*) AS tp_count FROM `lnzm_worktendency` LIMIT 1   [ RunTime:0.0010s ]
NOTIC: [2] Missing argument 3 for Think\Page::__construct(), called in C:\wamp\www\LNZM\Application\Admin\Controller\WorkTendencyController.class.php on line 45 and defined C:\wamp\www\LNZM\ThinkPHP\Library\Think\Page.class.php 第 42 行.
NOTIC: [8] Undefined variable: pTemp C:\wamp\www\LNZM\ThinkPHP\Library\Think\Page.class.php 第 48 行.
SQL: SELECT * FROM `lnzm_worktendency` ORDER BY `worktendencyid` desc LIMIT 0,5   [ RunTime:0.0000s ]
INFO: [ view_parse ] --START--
INFO: [ template_filter ] --START--
INFO: Run Behavior\ContentReplaceBehavior [ RunTime:0.000000s ]
INFO: [ template_filter ] --END-- [ RunTime:0.000000s ]
NOTIC: [8] Use of undefined constant worktendencyid - assumed 'worktendencyid' C:\wamp\www\LNZM\Application\Runtime\Cache\Admin\daf1475d9f8ae122ec7d5ecbc6798de1.php 第 99 行.
NOTIC: [8] Use of undefined constant worktendencytitle - assumed 'worktendencytitle' C:\wamp\www\LNZM\Application\Runtime\Cache\Admin\daf1475d9f8ae122ec7d5ecbc6798de1.php 第 100 行.
NOTIC: [8] Use of undefined constant worktendencyreleaseid - assumed 'worktendencyreleaseid' C:\wamp\www\LNZM\Application\Runtime\Cache\Admin\daf1475d9f8ae122ec7d5ecbc6798de1.php 第 101 行.
NOTIC: [8] Use of undefined constant worktendencyreleasedate - assumed 'worktendencyreleasedate' C:\wamp\www\LNZM\Application\Runtime\Cache\Admin\daf1475d9f8ae122ec7d5ecbc6798de1.php 第 102 行.
NOTIC: [8] Use of undefined constant worktendencypageview - assumed 'worktendencypageview' C:\wamp\www\LNZM\Application\Runtime\Cache\Admin\daf1475d9f8ae122ec7d5ecbc6798de1.php 第 103 行.
NOTIC: [8] Use of undefined constant worktendencyid - assumed 'worktendencyid' C:\wamp\www\LNZM\Application\Runtime\Cache\Admin\daf1475d9f8ae122ec7d5ecbc6798de1.php 第 104 行.
NOTIC: [8] Use of undefined constant worktendencyid - assumed 'worktendencyid' C:\wamp\www\LNZM\Application\Runtime\Cache\Admin\daf1475d9f8ae122ec7d5ecbc6798de1.php 第 107 行.
INFO: Run Behavior\ParseTemplateBehavior [ RunTime:0.033002s ]
INFO: [ view_parse ] --END-- [ RunTime:0.033002s ]
INFO: [ view_filter ] --START--
INFO: Run Behavior\WriteHtmlCacheBehavior [ RunTime:0.000000s ]
INFO: [ view_filter ] --END-- [ RunTime:0.000000s ]
INFO: [ app_end ] --START--
INFO: Run Behavior\ShowPageTraceBehavior [ RunTime:0.001000s ]
INFO: [ app_end ] --END-- [ RunTime:0.001000s ]

[ 2015-07-29T20:41:31+08:00 ] 127.0.0.1 /LNZM/index.php/Admin/WorkTendency/resources/images/loading.gif
INFO: [ app_init ] --START--
INFO: Run Behavior\BuildLiteBehavior [ RunTime:0.000000s ]
INFO: [ app_init ] --END-- [ RunTime:0.001000s ]

[ 2015-07-29T20:41:31+08:00 ] 127.0.0.1 /LNZM/index.php/Admin/WorkTendency/resources/images/closelabel.gif
INFO: [ app_init ] --START--
INFO: Run Behavior\BuildLiteBehavior [ RunTime:0.000000s ]
INFO: [ app_init ] --END-- [ RunTime:0.000000s ]

[ 2015-07-29T20:41:35+08:00 ] 127.0.0.1 /LNZM/index.php/Admin/SystemSetting/organizationSystemSetting.html
INFO: [ app_init ] --START--
INFO: Run Behavior\BuildLiteBehavior [ RunTime:0.000000s ]
INFO: [ app_init ] --END-- [ RunTime:0.001000s ]
INFO: [ app_begin ] --START--
INFO: Run Behavior\ReadHtmlCacheBehavior [ RunTime:0.000000s ]
INFO: [ app_begin ] --END-- [ RunTime:0.000000s ]
SQL: SHOW COLUMNS FROM `lnzm_academy` [ RunTime:0.0040s ]
SQL: SHOW COLUMNS FROM `lnzm_branch` [ RunTime:0.0040s ]
SQL: SELECT COUNT(*) AS tp_count FROM `lnzm_academy` LIMIT 1   [ RunTime:0.0010s ]
SQL: SELECT * FROM `lnzm_academy` ORDER BY `academyid` desc LIMIT 0,5   [ RunTime:0.0000s ]
SQL: SELECT * FROM `lnzm_academy`  [ RunTime:0.0000s ]
SQL: SELECT COUNT(*) AS tp_count FROM `lnzm_branch` LIMIT 1   [ RunTime:0.0000s ]
SQL: SELECT * FROM `lnzm_branch` ORDER BY branchacademy,branchid desc LIMIT 0,5   [ RunTime:0.0010s ]
INFO: [ view_parse ] --START--
INFO: [ template_filter ] --START--
INFO: Run Behavior\ContentReplaceBehavior [ RunTime:0.001000s ]
INFO: [ template_filter ] --END-- [ RunTime:0.001000s ]
NOTIC: [8] Use of undefined constant academyid - assumed 'academyid' C:\wamp\www\LNZM\Application\Runtime\Cache\Admin\58dd674a1969e98c596c47c861a0baf4.php 第 97 行.
NOTIC: [8] Use of undefined constant academyname - assumed 'academyname' C:\wamp\www\LNZM\Application\Runtime\Cache\Admin\58dd674a1969e98c596c47c861a0baf4.php 第 98 行.
NOTIC: [8] Use of undefined constant academydescription - assumed 'academydescription' C:\wamp\www\LNZM\Application\Runtime\Cache\Admin\58dd674a1969e98c596c47c861a0baf4.php 第 99 行.
NOTIC: [8] Use of undefined constant academyid - assumed 'academyid' C:\wamp\www\LNZM\Application\Runtime\Cache\Admin\58dd674a1969e98c596c47c861a0baf4.php 第 101 行.
NOTIC: [8] Use of undefined constant academyid - assumed 'academyid' C:\wamp\www\LNZM\Application\Runtime\Cache\Admin\58dd674a1969e98c596c47c861a0baf4.php 第 105 行.
NOTIC: [8] Use of undefined constant academyid - assumed 'academyid' C:\wamp\www\LNZM\Application\Runtime\Cache\Admin\58dd674a1969e98c596c47c861a0baf4.php 第 97 行.
NOTIC: [8] Use of undefined constant academyname - assumed 'academyname' C:\wamp\www\LNZM\Application\Runtime\Cache\Admin\58dd674a1969e98c596c47c861a0baf4.php 第 98 行.
NOTIC: [8] Use of undefined constant academydescription - assumed 'academydescription' C:\wamp\www\LNZM\Application\Runtime\Cache\Admin\58dd674a1969e98c596c47c861a0baf4.php 第 99 行.
NOTIC: [8] Use of undefined constant academyid - assumed 'academyid' C:\wamp\www\LNZM\Application\Runtime\Cache\Admin\58dd674a1969e98c596c47c861a0baf4.php 第 101 行.
NOTIC: [8] Use of undefined constant academyid - assumed 'academyid' C:\wamp\www\LNZM\Application\Runtime\Cache\Admin\58dd674a1969e98c596c47c861a0baf4.php 第 105 行.
NOTIC: [8] Use of undefined constant academyid - assumed 'academyid' C:\wamp\www\LNZM\Application\Runtime\Cache\Admin\58dd674a1969e98c596c47c861a0baf4.php 第 97 行.
NOTIC: [8] Use of undefined constant academyname - assumed 'academyname' C:\wamp\www\LNZM\Application\Runtime\Cache\Admin\58dd674a1969e98c596c47c861a0baf4.php 第 98 行.
NOTIC: [8] Use of undefined constant academydescription - assumed 'academydescription' C:\wamp\www\LNZM\Application\Runtime\Cache\Admin\58dd674a1969e98c596c47c861a0baf4.php 第 99 行.
NOTIC: [8] Use of undefined constant academyid - assumed 'academyid' C:\wamp\www\LNZM\Application\Runtime\Cache\Admin\58dd674a1969e98c596c47c861a0baf4.php 第 101 行.
NOTIC: [8] Use of undefined constant academyid - assumed 'academyid' C:\wamp\www\LNZM\Application\Runtime\Cache\Admin\58dd674a1969e98c596c47c861a0baf4.php 第 105 行.
NOTIC: [8] Use of undefined constant academyid - assumed 'academyid' C:\wamp\www\LNZM\Application\Runtime\Cache\Admin\58dd674a1969e98c596c47c861a0baf4.php 第 97 行.
NOTIC: [8] Use of undefined constant academyname - assumed 'academyname' C:\wamp\www\LNZM\Application\Runtime\Cache\Admin\58dd674a1969e98c596c47c861a0baf4.php 第 98 行.
NOTIC: [8] Use of undefined constant academydescription - assumed 'academydescription' C:\wamp\www\LNZM\Application\Runtime\Cache\Admin\58dd674a1969e98c596c47c861a0baf4.php 第 99 行.
NOTIC: [8] Use of undefined constant academyid - assumed 'academyid' C:\wamp\www\LNZM\Application\Runtime\Cache\Admin\58dd674a1969e98c596c47c861a0baf4.php 第 101 行.
NOTIC: [8] Use of undefined constant academyid - assumed 'academyid' C:\wamp\www\LNZM\Application\Runtime\Cache\Admin\58dd674a1969e98c596c47c861a0baf4.php 第 105 行.
NOTIC: [8] Use of undefined constant academyid - assumed 'academyid' C:\wamp\www\LNZM\Application\Runtime\Cache\Admin\58dd674a1969e98c596c47c861a0baf4.php 第 97 行.
NOTIC: [8] Use of undefined constant academyname - assumed 'academyname' C:\wamp\www\LNZM\Application\Runtime\Cache\Admin\58dd674a1969e98c596c47c861a0baf4.php 第 98 行.
NOTIC: [8] Use of undefined constant academydescription - assumed 'academydescription' C:\wamp\www\LNZM\Application\Runtime\Cache\Admin\58dd674a1969e98c596c47c861a0baf4.php 第 99 行.
NOTIC: [8] Use of undefined constant academyid - assumed 'academyid' C:\wamp\www\LNZM\Application\Runtime\Cache\Admin\58dd674a1969e98c596c47c861a0baf4.php 第 101 行.
NOTIC: [8] Use of undefined constant academyid - assumed 'academyid' C:\wamp\www\LNZM\Application\Runtime\Cache\Admin\58dd674a1969e98c596c47c861a0baf4.php 第 105 行.
NOTIC: [8] Use of undefined constant branchid - assumed 'branchid' C:\wamp\www\LNZM\Application\Runtime\Cache\Admin\58dd674a1969e98c596c47c861a0baf4.php 第 179 行.
NOTIC: [8] Use of undefined constant branchname - assumed 'branchname' C:\wamp\www\LNZM\Application\Runtime\Cache\Admin\58dd674a1969e98c596c47c861a0baf4.php 第 180 行.
NOTIC: [8] Use of undefined constant branchacademy - assumed 'branchacademy' C:\wamp\www\LNZM\Application\Runtime\Cache\Admin\58dd674a1969e98c596c47c861a0baf4.php 第 181 行.
NOTIC: [8] Use of undefined constant branchid - assumed 'branchid' C:\wamp\www\LNZM\Application\Runtime\Cache\Admin\58dd674a1969e98c596c47c861a0baf4.php 第 183 行.
NOTIC: [8] Use of undefined constant branchid - assumed 'branchid' C:\wamp\www\LNZM\Application\Runtime\Cache\Admin\58dd674a1969e98c596c47c861a0baf4.php 第 187 行.
NOTIC: [8] Use of undefined constant branchid - assumed 'branchid' C:\wamp\www\LNZM\Application\Runtime\Cache\Admin\58dd674a1969e98c596c47c861a0baf4.php 第 179 行.
NOTIC: [8] Use of undefined constant branchname - assumed 'branchname' C:\wamp\www\LNZM\Application\Runtime\Cache\Admin\58dd674a1969e98c596c47c861a0baf4.php 第 180 行.
NOTIC: [8] Use of undefined constant branchacademy - assumed 'branchacademy' C:\wamp\www\LNZM\Application\Runtime\Cache\Admin\58dd674a1969e98c596c47c861a0baf4.php 第 181 行.
NOTIC: [8] Use of undefined constant branchid - assumed 'branchid' C:\wamp\www\LNZM\Application\Runtime\Cache\Admin\58dd674a1969e98c596c47c861a0baf4.php 第 183 行.
NOTIC: [8] Use of undefined constant branchid - assumed 'branchid' C:\wamp\www\LNZM\Application\Runtime\Cache\Admin\58dd674a1969e98c596c47c861a0baf4.php 第 187 行.
NOTIC: [8] Use of undefined constant branchid - assumed 'branchid' C:\wamp\www\LNZM\Application\Runtime\Cache\Admin\58dd674a1969e98c596c47c861a0baf4.php 第 179 行.
NOTIC: [8] Use of undefined constant branchname - assumed 'branchname' C:\wamp\www\LNZM\Application\Runtime\Cache\Admin\58dd674a1969e98c596c47c861a0baf4.php 第 180 行.
NOTIC: [8] Use of undefined constant branchacademy - assumed 'branchacademy' C:\wamp\www\LNZM\Application\Runtime\Cache\Admin\58dd674a1969e98c596c47c861a0baf4.php 第 181 行.
NOTIC: [8] Use of undefined constant branchid - assumed 'branchid' C:\wamp\www\LNZM\Application\Runtime\Cache\Admin\58dd674a1969e98c596c47c861a0baf4.php 第 183 行.
NOTIC: [8] Use of undefined constant branchid - assumed 'branchid' C:\wamp\www\LNZM\Application\Runtime\Cache\Admin\58dd674a1969e98c596c47c861a0baf4.php 第 187 行.
NOTIC: [8] Use of undefined constant branchid - assumed 'branchid' C:\wamp\www\LNZM\Application\Runtime\Cache\Admin\58dd674a1969e98c596c47c861a0baf4.php 第 179 行.
NOTIC: [8] Use of undefined constant branchname - assumed 'branchname' C:\wamp\www\LNZM\Application\Runtime\Cache\Admin\58dd674a1969e98c596c47c861a0baf4.php 第 180 行.
NOTIC: [8] Use of undefined constant branchacademy - assumed 'branchacademy' C:\wamp\www\LNZM\Application\Runtime\Cache\Admin\58dd674a1969e98c596c47c861a0baf4.php 第 181 行.
NOTIC: [8] Use of undefined constant branchid - assumed 'branchid' C:\wamp\www\LNZM\Application\Runtime\Cache\Admin\58dd674a1969e98c596c47c861a0baf4.php 第 183 行.
NOTIC: [8] Use of undefined constant branchid - assumed 'branchid' C:\wamp\www\LNZM\Application\Runtime\Cache\Admin\58dd674a1969e98c596c47c861a0baf4.php 第 187 行.
NOTIC: [8] Use of undefined constant branchid - assumed 'branchid' C:\wamp\www\LNZM\Application\Runtime\Cache\Admin\58dd674a1969e98c596c47c861a0baf4.php 第 179 行.
NOTIC: [8] Use of undefined constant branchname - assumed 'branchname' C:\wamp\www\LNZM\Application\Runtime\Cache\Admin\58dd674a1969e98c596c47c861a0baf4.php 第 180 行.
NOTIC: [8] Use of undefined constant branchacademy - assumed 'branchacademy' C:\wamp\www\LNZM\Application\Runtime\Cache\Admin\58dd674a1969e98c596c47c861a0baf4.php 第 181 行.
NOTIC: [8] Use of undefined constant branchid - assumed 'branchid' C:\wamp\www\LNZM\Application\Runtime\Cache\Admin\58dd674a1969e98c596c47c861a0baf4.php 第 183 行.
NOTIC: [8] Use of undefined constant branchid - assumed 'branchid' C:\wamp\www\LNZM\Application\Runtime\Cache\Admin\58dd674a1969e98c596c47c861a0baf4.php 第 187 行.
NOTIC: [8] Use of undefined constant academyid - assumed 'academyid' C:\wamp\www\LNZM\Application\Runtime\Cache\Admin\58dd674a1969e98c596c47c861a0baf4.php 第 214 行.
NOTIC: [8] Use of undefined constant academyname - assumed 'academyname' C:\wamp\www\LNZM\Application\Runtime\Cache\Admin\58dd674a1969e98c596c47c861a0baf4.php 第 214 行.
NOTIC: [8] Use of undefined constant academyid - assumed 'academyid' C:\wamp\www\LNZM\Application\Runtime\Cache\Admin\58dd674a1969e98c596c47c861a0baf4.php 第 214 行.
NOTIC: [8] Use of undefined constant academyname - assumed 'academyname' C:\wamp\www\LNZM\Application\Runtime\Cache\Admin\58dd674a1969e98c596c47c861a0baf4.php 第 214 行.
NOTIC: [8] Use of undefined constant academyid - assumed 'academyid' C:\wamp\www\LNZM\Application\Runtime\Cache\Admin\58dd674a1969e98c596c47c861a0baf4.php 第 214 行.
NOTIC: [8] Use of undefined constant academyname - assumed 'academyname' C:\wamp\www\LNZM\Application\Runtime\Cache\Admin\58dd674a1969e98c596c47c861a0baf4.php 第 214 行.
NOTIC: [8] Use of undefined constant academyid - assumed 'academyid' C:\wamp\www\LNZM\Application\Runtime\Cache\Admin\58dd674a1969e98c596c47c861a0baf4.php 第 214 行.
NOTIC: [8] Use of undefined constant academyname - assumed 'academyname' C:\wamp\www\LNZM\Application\Runtime\Cache\Admin\58dd674a1969e98c596c47c861a0baf4.php 第 214 行.
NOTIC: [8] Use of undefined constant academyid - assumed 'academyid' C:\wamp\www\LNZM\Application\Runtime\Cache\Admin\58dd674a1969e98c596c47c861a0baf4.php 第 214 行.
NOTIC: [8] Use of undefined constant academyname - assumed 'academyname' C:\wamp\www\LNZM\Application\Runtime\Cache\Admin\58dd674a1969e98c596c47c861a0baf4.php 第 214 行.
INFO: Run Behavior\ParseTemplateBehavior [ RunTime:0.033002s ]
INFO: [ view_parse ] --END-- [ RunTime:0.033002s ]
INFO: [ view_filter ] --START--
INFO: Run Behavior\WriteHtmlCacheBehavior [ RunTime:0.001000s ]
INFO: [ view_filter ] --END-- [ RunTime:0.001000s ]
INFO: [ app_end ] --START--
INFO: Run Behavior\ShowPageTraceBehavior [ RunTime:0.000000s ]
INFO: [ app_end ] --END-- [ RunTime:0.000000s ]

[ 2015-07-29T20:41:35+08:00 ] 127.0.0.1 /LNZM/index.php/Admin/SystemSetting/resources/images/closelabel.gif
INFO: [ app_init ] --START--
INFO: Run Behavior\BuildLiteBehavior [ RunTime:0.000000s ]
INFO: [ app_init ] --END-- [ RunTime:0.000000s ]

[ 2015-07-29T20:41:35+08:00 ] 127.0.0.1 /LNZM/index.php/Admin/SystemSetting/resources/images/loading.gif
INFO: [ app_init ] --START--
INFO: Run Behavior\BuildLiteBehavior [ RunTime:0.000000s ]
INFO: [ app_init ] --END-- [ RunTime:0.001000s ]

[ 2015-07-29T20:41:37+08:00 ] 127.0.0.1 /LNZM/index.php/Admin/WorkTendency/allPage.html
INFO: [ app_init ] --START--
INFO: Run Behavior\BuildLiteBehavior [ RunTime:0.000000s ]
INFO: [ app_init ] --END-- [ RunTime:0.001000s ]
INFO: [ app_begin ] --START--
INFO: Run Behavior\ReadHtmlCacheBehavior [ RunTime:0.000000s ]
INFO: [ app_begin ] --END-- [ RunTime:0.001000s ]
SQL: SHOW COLUMNS FROM `lnzm_worktendency` [ RunTime:0.0030s ]
SQL: SELECT COUNT(*) AS tp_count FROM `lnzm_worktendency` LIMIT 1   [ RunTime:0.0000s ]
NOTIC: [2] Missing argument 3 for Think\Page::__construct(), called in C:\wamp\www\LNZM\Application\Admin\Controller\WorkTendencyController.class.php on line 45 and defined C:\wamp\www\LNZM\ThinkPHP\Library\Think\Page.class.php 第 42 行.
NOTIC: [8] Undefined variable: pTemp C:\wamp\www\LNZM\ThinkPHP\Library\Think\Page.class.php 第 48 行.
SQL: SELECT * FROM `lnzm_worktendency` ORDER BY `worktendencyid` desc LIMIT 0,5   [ RunTime:0.0000s ]
INFO: [ view_parse ] --START--
INFO: [ template_filter ] --START--
INFO: Run Behavior\ContentReplaceBehavior [ RunTime:0.000000s ]
INFO: [ template_filter ] --END-- [ RunTime:0.000000s ]
NOTIC: [8] Use of undefined constant worktendencyid - assumed 'worktendencyid' C:\wamp\www\LNZM\Application\Runtime\Cache\Admin\daf1475d9f8ae122ec7d5ecbc6798de1.php 第 99 行.
NOTIC: [8] Use of undefined constant worktendencytitle - assumed 'worktendencytitle' C:\wamp\www\LNZM\Application\Runtime\Cache\Admin\daf1475d9f8ae122ec7d5ecbc6798de1.php 第 100 行.
NOTIC: [8] Use of undefined constant worktendencyreleaseid - assumed 'worktendencyreleaseid' C:\wamp\www\LNZM\Application\Runtime\Cache\Admin\daf1475d9f8ae122ec7d5ecbc6798de1.php 第 101 行.
NOTIC: [8] Use of undefined constant worktendencyreleasedate - assumed 'worktendencyreleasedate' C:\wamp\www\LNZM\Application\Runtime\Cache\Admin\daf1475d9f8ae122ec7d5ecbc6798de1.php 第 102 行.
NOTIC: [8] Use of undefined constant worktendencypageview - assumed 'worktendencypageview' C:\wamp\www\LNZM\Application\Runtime\Cache\Admin\daf1475d9f8ae122ec7d5ecbc6798de1.php 第 103 行.
NOTIC: [8] Use of undefined constant worktendencyid - assumed 'worktendencyid' C:\wamp\www\LNZM\Application\Runtime\Cache\Admin\daf1475d9f8ae122ec7d5ecbc6798de1.php 第 104 行.
NOTIC: [8] Use of undefined constant worktendencyid - assumed 'worktendencyid' C:\wamp\www\LNZM\Application\Runtime\Cache\Admin\daf1475d9f8ae122ec7d5ecbc6798de1.php 第 107 行.
INFO: Run Behavior\ParseTemplateBehavior [ RunTime:0.020001s ]
INFO: [ view_parse ] --END-- [ RunTime:0.020001s ]
INFO: [ view_filter ] --START--
INFO: Run Behavior\WriteHtmlCacheBehavior [ RunTime:0.000000s ]
INFO: [ view_filter ] --END-- [ RunTime:0.000000s ]
INFO: [ app_end ] --START--
INFO: Run Behavior\ShowPageTraceBehavior [ RunTime:0.000000s ]
INFO: [ app_end ] --END-- [ RunTime:0.000000s ]

[ 2015-07-29T20:41:37+08:00 ] 127.0.0.1 /LNZM/index.php/Admin/WorkTendency/resources/images/closelabel.gif
INFO: [ app_init ] --START--
INFO: Run Behavior\BuildLiteBehavior [ RunTime:0.000000s ]
INFO: [ app_init ] --END-- [ RunTime:0.000000s ]

[ 2015-07-29T20:41:37+08:00 ] 127.0.0.1 /LNZM/index.php/Admin/WorkTendency/resources/images/loading.gif
INFO: [ app_init ] --START--
INFO: Run Behavior\BuildLiteBehavior [ RunTime:0.000000s ]
INFO: [ app_init ] --END-- [ RunTime:0.000000s ]

[ 2015-07-29T20:41:38+08:00 ] 127.0.0.1 /LNZM/index.php/Admin/SystemSetting/organizationSystemSetting.html
INFO: [ app_init ] --START--
INFO: Run Behavior\BuildLiteBehavior [ RunTime:0.000000s ]
INFO: [ app_init ] --END-- [ RunTime:0.000000s ]
INFO: [ app_begin ] --START--
INFO: Run Behavior\ReadHtmlCacheBehavior [ RunTime:0.001001s ]
INFO: [ app_begin ] --END-- [ RunTime:0.001001s ]
SQL: SHOW COLUMNS FROM `lnzm_academy` [ RunTime:0.0030s ]
SQL: SHOW COLUMNS FROM `lnzm_branch` [ RunTime:0.0030s ]
SQL: SELECT COUNT(*) AS tp_count FROM `lnzm_academy` LIMIT 1   [ RunTime:0.0000s ]
SQL: SELECT * FROM `lnzm_academy` ORDER BY `academyid` desc LIMIT 0,5   [ RunTime:0.0010s ]
SQL: SELECT * FROM `lnzm_academy`  [ RunTime:0.0000s ]
SQL: SELECT COUNT(*) AS tp_count FROM `lnzm_branch` LIMIT 1   [ RunTime:0.0010s ]
SQL: SELECT * FROM `lnzm_branch` ORDER BY branchacademy,branchid desc LIMIT 0,5   [ RunTime:0.0010s ]
INFO: [ view_parse ] --START--
INFO: [ template_filter ] --START--
INFO: Run Behavior\ContentReplaceBehavior [ RunTime:0.000000s ]
INFO: [ template_filter ] --END-- [ RunTime:0.000000s ]
NOTIC: [8] Use of undefined constant academyid - assumed 'academyid' C:\wamp\www\LNZM\Application\Runtime\Cache\Admin\58dd674a1969e98c596c47c861a0baf4.php 第 97 行.
NOTIC: [8] Use of undefined constant academyname - assumed 'academyname' C:\wamp\www\LNZM\Application\Runtime\Cache\Admin\58dd674a1969e98c596c47c861a0baf4.php 第 98 行.
NOTIC: [8] Use of undefined constant academydescription - assumed 'academydescription' C:\wamp\www\LNZM\Application\Runtime\Cache\Admin\58dd674a1969e98c596c47c861a0baf4.php 第 99 行.
NOTIC: [8] Use of undefined constant academyid - assumed 'academyid' C:\wamp\www\LNZM\Application\Runtime\Cache\Admin\58dd674a1969e98c596c47c861a0baf4.php 第 101 行.
NOTIC: [8] Use of undefined constant academyid - assumed 'academyid' C:\wamp\www\LNZM\Application\Runtime\Cache\Admin\58dd674a1969e98c596c47c861a0baf4.php 第 105 行.
NOTIC: [8] Use of undefined constant academyid - assumed 'academyid' C:\wamp\www\LNZM\Application\Runtime\Cache\Admin\58dd674a1969e98c596c47c861a0baf4.php 第 97 行.
NOTIC: [8] Use of undefined constant academyname - assumed 'academyname' C:\wamp\www\LNZM\Application\Runtime\Cache\Admin\58dd674a1969e98c596c47c861a0baf4.php 第 98 行.
NOTIC: [8] Use of undefined constant academydescription - assumed 'academydescription' C:\wamp\www\LNZM\Application\Runtime\Cache\Admin\58dd674a1969e98c596c47c861a0baf4.php 第 99 行.
NOTIC: [8] Use of undefined constant academyid - assumed 'academyid' C:\wamp\www\LNZM\Application\Runtime\Cache\Admin\58dd674a1969e98c596c47c861a0baf4.php 第 101 行.
NOTIC: [8] Use of undefined constant academyid - assumed 'academyid' C:\wamp\www\LNZM\Application\Runtime\Cache\Admin\58dd674a1969e98c596c47c861a0baf4.php 第 105 行.
NOTIC: [8] Use of undefined constant academyid - assumed 'academyid' C:\wamp\www\LNZM\Application\Runtime\Cache\Admin\58dd674a1969e98c596c47c861a0baf4.php 第 97 行.
NOTIC: [8] Use of undefined constant academyname - assumed 'academyname' C:\wamp\www\LNZM\Application\Runtime\Cache\Admin\58dd674a1969e98c596c47c861a0baf4.php 第 98 行.
NOTIC: [8] Use of undefined constant academydescription - assumed 'academydescription' C:\wamp\www\LNZM\Application\Runtime\Cache\Admin\58dd674a1969e98c596c47c861a0baf4.php 第 99 行.
NOTIC: [8] Use of undefined constant academyid - assumed 'academyid' C:\wamp\www\LNZM\Application\Runtime\Cache\Admin\58dd674a1969e98c596c47c861a0baf4.php 第 101 行.
NOTIC: [8] Use of undefined constant academyid - assumed 'academyid' C:\wamp\www\LNZM\Application\Runtime\Cache\Admin\58dd674a1969e98c596c47c861a0baf4.php 第 105 行.
NOTIC: [8] Use of undefined constant academyid - assumed 'academyid' C:\wamp\www\LNZM\Application\Runtime\Cache\Admin\58dd674a1969e98c596c47c861a0baf4.php 第 97 行.
NOTIC: [8] Use of undefined constant academyname - assumed 'academyname' C:\wamp\www\LNZM\Application\Runtime\Cache\Admin\58dd674a1969e98c596c47c861a0baf4.php 第 98 行.
NOTIC: [8] Use of undefined constant academydescription - assumed 'academydescription' C:\wamp\www\LNZM\Application\Runtime\Cache\Admin\58dd674a1969e98c596c47c861a0baf4.php 第 99 行.
NOTIC: [8] Use of undefined constant academyid - assumed 'academyid' C:\wamp\www\LNZM\Application\Runtime\Cache\Admin\58dd674a1969e98c596c47c861a0baf4.php 第 101 行.
NOTIC: [8] Use of undefined constant academyid - assumed 'academyid' C:\wamp\www\LNZM\Application\Runtime\Cache\Admin\58dd674a1969e98c596c47c861a0baf4.php 第 105 行.
NOTIC: [8] Use of undefined constant academyid - assumed 'academyid' C:\wamp\www\LNZM\Application\Runtime\Cache\Admin\58dd674a1969e98c596c47c861a0baf4.php 第 97 行.
NOTIC: [8] Use of undefined constant academyname - assumed 'academyname' C:\wamp\www\LNZM\Application\Runtime\Cache\Admin\58dd674a1969e98c596c47c861a0baf4.php 第 98 行.
NOTIC: [8] Use of undefined constant academydescription - assumed 'academydescription' C:\wamp\www\LNZM\Application\Runtime\Cache\Admin\58dd674a1969e98c596c47c861a0baf4.php 第 99 行.
NOTIC: [8] Use of undefined constant academyid - assumed 'academyid' C:\wamp\www\LNZM\Application\Runtime\Cache\Admin\58dd674a1969e98c596c47c861a0baf4.php 第 101 行.
NOTIC: [8] Use of undefined constant academyid - assumed 'academyid' C:\wamp\www\LNZM\Application\Runtime\Cache\Admin\58dd674a1969e98c596c47c861a0baf4.php 第 105 行.
NOTIC: [8] Use of undefined constant branchid - assumed 'branchid' C:\wamp\www\LNZM\Application\Runtime\Cache\Admin\58dd674a1969e98c596c47c861a0baf4.php 第 179 行.
NOTIC: [8] Use of undefined constant branchname - assumed 'branchname' C:\wamp\www\LNZM\Application\Runtime\Cache\Admin\58dd674a1969e98c596c47c861a0baf4.php 第 180 行.
NOTIC: [8] Use of undefined constant branchacademy - assumed 'branchacademy' C:\wamp\www\LNZM\Application\Runtime\Cache\Admin\58dd674a1969e98c596c47c861a0baf4.php 第 181 行.
NOTIC: [8] Use of undefined constant branchid - assumed 'branchid' C:\wamp\www\LNZM\Application\Runtime\Cache\Admin\58dd674a1969e98c596c47c861a0baf4.php 第 183 行.
NOTIC: [8] Use of undefined constant branchid - assumed 'branchid' C:\wamp\www\LNZM\Application\Runtime\Cache\Admin\58dd674a1969e98c596c47c861a0baf4.php 第 187 行.
NOTIC: [8] Use of undefined constant branchid - assumed 'branchid' C:\wamp\www\LNZM\Application\Runtime\Cache\Admin\58dd674a1969e98c596c47c861a0baf4.php 第 179 行.
NOTIC: [8] Use of undefined constant branchname - assumed 'branchname' C:\wamp\www\LNZM\Application\Runtime\Cache\Admin\58dd674a1969e98c596c47c861a0baf4.php 第 180 行.
NOTIC: [8] Use of undefined constant branchacademy - assumed 'branchacademy' C:\wamp\www\LNZM\Application\Runtime\Cache\Admin\58dd674a1969e98c596c47c861a0baf4.php 第 181 行.
NOTIC: [8] Use of undefined constant branchid - assumed 'branchid' C:\wamp\www\LNZM\Application\Runtime\Cache\Admin\58dd674a1969e98c596c47c861a0baf4.php 第 183 行.
NOTIC: [8] Use of undefined constant branchid - assumed 'branchid' C:\wamp\www\LNZM\Application\Runtime\Cache\Admin\58dd674a1969e98c596c47c861a0baf4.php 第 187 行.
NOTIC: [8] Use of undefined constant branchid - assumed 'branchid' C:\wamp\www\LNZM\Application\Runtime\Cache\Admin\58dd674a1969e98c596c47c861a0baf4.php 第 179 行.
NOTIC: [8] Use of undefined constant branchname - assumed 'branchname' C:\wamp\www\LNZM\Application\Runtime\Cache\Admin\58dd674a1969e98c596c47c861a0baf4.php 第 180 行.
NOTIC: [8] Use of undefined constant branchacademy - assumed 'branchacademy' C:\wamp\www\LNZM\Application\Runtime\Cache\Admin\58dd674a1969e98c596c47c861a0baf4.php 第 181 行.
NOTIC: [8] Use of undefined constant branchid - assumed 'branchid' C:\wamp\www\LNZM\Application\Runtime\Cache\Admin\58dd674a1969e98c596c47c861a0baf4.php 第 183 行.
NOTIC: [8] Use of undefined constant branchid - assumed 'branchid' C:\wamp\www\LNZM\Application\Runtime\Cache\Admin\58dd674a1969e98c596c47c861a0baf4.php 第 187 行.
NOTIC: [8] Use of undefined constant branchid - assumed 'branchid' C:\wamp\www\LNZM\Application\Runtime\Cache\Admin\58dd674a1969e98c596c47c861a0baf4.php 第 179 行.
NOTIC: [8] Use of undefined constant branchname - assumed 'branchname' C:\wamp\www\LNZM\Application\Runtime\Cache\Admin\58dd674a1969e98c596c47c861a0baf4.php 第 180 行.
NOTIC: [8] Use of undefined constant branchacademy - assumed 'branchacademy' C:\wamp\www\LNZM\Application\Runtime\Cache\Admin\58dd674a1969e98c596c47c861a0baf4.php 第 181 行.
NOTIC: [8] Use of undefined constant branchid - assumed 'branchid' C:\wamp\www\LNZM\Application\Runtime\Cache\Admin\58dd674a1969e98c596c47c861a0baf4.php 第 183 行.
NOTIC: [8] Use of undefined constant branchid - assumed 'branchid' C:\wamp\www\LNZM\Application\Runtime\Cache\Admin\58dd674a1969e98c596c47c861a0baf4.php 第 187 行.
NOTIC: [8] Use of undefined constant branchid - assumed 'branchid' C:\wamp\www\LNZM\Application\Runtime\Cache\Admin\58dd674a1969e98c596c47c861a0baf4.php 第 179 行.
NOTIC: [8] Use of undefined constant branchname - assumed 'branchname' C:\wamp\www\LNZM\Application\Runtime\Cache\Admin\58dd674a1969e98c596c47c861a0baf4.php 第 180 行.
NOTIC: [8] Use of undefined constant branchacademy - assumed 'branchacademy' C:\wamp\www\LNZM\Application\Runtime\Cache\Admin\58dd674a1969e98c596c47c861a0baf4.php 第 181 行.
NOTIC: [8] Use of undefined constant branchid - assumed 'branchid' C:\wamp\www\LNZM\Application\Runtime\Cache\Admin\58dd674a1969e98c596c47c861a0baf4.php 第 183 行.
NOTIC: [8] Use of undefined constant branchid - assumed 'branchid' C:\wamp\www\LNZM\Application\Runtime\Cache\Admin\58dd674a1969e98c596c47c861a0baf4.php 第 187 行.
NOTIC: [8] Use of undefined constant academyid - assumed 'academyid' C:\wamp\www\LNZM\Application\Runtime\Cache\Admin\58dd674a1969e98c596c47c861a0baf4.php 第 214 行.
NOTIC: [8] Use of undefined constant academyname - assumed 'academyname' C:\wamp\www\LNZM\Application\Runtime\Cache\Admin\58dd674a1969e98c596c47c861a0baf4.php 第 214 行.
NOTIC: [8] Use of undefined constant academyid - assumed 'academyid' C:\wamp\www\LNZM\Application\Runtime\Cache\Admin\58dd674a1969e98c596c47c861a0baf4.php 第 214 行.
NOTIC: [8] Use of undefined constant academyname - assumed 'academyname' C:\wamp\www\LNZM\Application\Runtime\Cache\Admin\58dd674a1969e98c596c47c861a0baf4.php 第 214 行.
NOTIC: [8] Use of undefined constant academyid - assumed 'academyid' C:\wamp\www\LNZM\Application\Runtime\Cache\Admin\58dd674a1969e98c596c47c861a0baf4.php 第 214 行.
NOTIC: [8] Use of undefined constant academyname - assumed 'academyname' C:\wamp\www\LNZM\Application\Runtime\Cache\Admin\58dd674a1969e98c596c47c861a0baf4.php 第 214 行.
NOTIC: [8] Use of undefined constant academyid - assumed 'academyid' C:\wamp\www\LNZM\Application\Runtime\Cache\Admin\58dd674a1969e98c596c47c861a0baf4.php 第 214 行.
NOTIC: [8] Use of undefined constant academyname - assumed 'academyname' C:\wamp\www\LNZM\Application\Runtime\Cache\Admin\58dd674a1969e98c596c47c861a0baf4.php 第 214 行.
NOTIC: [8] Use of undefined constant academyid - assumed 'academyid' C:\wamp\www\LNZM\Application\Runtime\Cache\Admin\58dd674a1969e98c596c47c861a0baf4.php 第 214 行.
NOTIC: [8] Use of undefined constant academyname - assumed 'academyname' C:\wamp\www\LNZM\Application\Runtime\Cache\Admin\58dd674a1969e98c596c47c861a0baf4.php 第 214 行.
INFO: Run Behavior\ParseTemplateBehavior [ RunTime:0.037003s ]
INFO: [ view_parse ] --END-- [ RunTime:0.037003s ]
INFO: [ view_filter ] --START--
INFO: Run Behavior\WriteHtmlCacheBehavior [ RunTime:0.001000s ]
INFO: [ view_filter ] --END-- [ RunTime:0.001000s ]
INFO: [ app_end ] --START--
INFO: Run Behavior\ShowPageTraceBehavior [ RunTime:0.001000s ]
INFO: [ app_end ] --END-- [ RunTime:0.002000s ]

[ 2015-07-29T20:41:38+08:00 ] 127.0.0.1 /LNZM/index.php/Admin/SystemSetting/resources/images/closelabel.gif
INFO: [ app_init ] --START--
INFO: Run Behavior\BuildLiteBehavior [ RunTime:0.000000s ]
INFO: [ app_init ] --END-- [ RunTime:0.001000s ]

[ 2015-07-29T20:41:38+08:00 ] 127.0.0.1 /LNZM/index.php/Admin/SystemSetting/resources/images/loading.gif
INFO: [ app_init ] --START--
INFO: Run Behavior\BuildLiteBehavior [ RunTime:0.000000s ]
INFO: [ app_init ] --END-- [ RunTime:0.001000s ]

[ 2015-07-29T20:41:41+08:00 ] 127.0.0.1 /LNZM/index.php/Admin/WorkTendency/allPage.html
INFO: [ app_init ] --START--
INFO: Run Behavior\BuildLiteBehavior [ RunTime:0.000000s ]
INFO: [ app_init ] --END-- [ RunTime:0.000000s ]
INFO: [ app_begin ] --START--
INFO: Run Behavior\ReadHtmlCacheBehavior [ RunTime:0.001000s ]
INFO: [ app_begin ] --END-- [ RunTime:0.001000s ]
SQL: SHOW COLUMNS FROM `lnzm_worktendency` [ RunTime:0.0030s ]
SQL: SELECT COUNT(*) AS tp_count FROM `lnzm_worktendency` LIMIT 1   [ RunTime:0.0010s ]
NOTIC: [2] Missing argument 3 for Think\Page::__construct(), called in C:\wamp\www\LNZM\Application\Admin\Controller\WorkTendencyController.class.php on line 45 and defined C:\wamp\www\LNZM\ThinkPHP\Library\Think\Page.class.php 第 42 行.
NOTIC: [8] Undefined variable: pTemp C:\wamp\www\LNZM\ThinkPHP\Library\Think\Page.class.php 第 48 行.
SQL: SELECT * FROM `lnzm_worktendency` ORDER BY `worktendencyid` desc LIMIT 0,5   [ RunTime:0.0010s ]
INFO: [ view_parse ] --START--
INFO: [ template_filter ] --START--
INFO: Run Behavior\ContentReplaceBehavior [ RunTime:0.000000s ]
INFO: [ template_filter ] --END-- [ RunTime:0.000000s ]
NOTIC: [8] Use of undefined constant worktendencyid - assumed 'worktendencyid' C:\wamp\www\LNZM\Application\Runtime\Cache\Admin\daf1475d9f8ae122ec7d5ecbc6798de1.php 第 99 行.
NOTIC: [8] Use of undefined constant worktendencytitle - assumed 'worktendencytitle' C:\wamp\www\LNZM\Application\Runtime\Cache\Admin\daf1475d9f8ae122ec7d5ecbc6798de1.php 第 100 行.
NOTIC: [8] Use of undefined constant worktendencyreleaseid - assumed 'worktendencyreleaseid' C:\wamp\www\LNZM\Application\Runtime\Cache\Admin\daf1475d9f8ae122ec7d5ecbc6798de1.php 第 101 行.
NOTIC: [8] Use of undefined constant worktendencyreleasedate - assumed 'worktendencyreleasedate' C:\wamp\www\LNZM\Application\Runtime\Cache\Admin\daf1475d9f8ae122ec7d5ecbc6798de1.php 第 102 行.
NOTIC: [8] Use of undefined constant worktendencypageview - assumed 'worktendencypageview' C:\wamp\www\LNZM\Application\Runtime\Cache\Admin\daf1475d9f8ae122ec7d5ecbc6798de1.php 第 103 行.
NOTIC: [8] Use of undefined constant worktendencyid - assumed 'worktendencyid' C:\wamp\www\LNZM\Application\Runtime\Cache\Admin\daf1475d9f8ae122ec7d5ecbc6798de1.php 第 104 行.
NOTIC: [8] Use of undefined constant worktendencyid - assumed 'worktendencyid' C:\wamp\www\LNZM\Application\Runtime\Cache\Admin\daf1475d9f8ae122ec7d5ecbc6798de1.php 第 107 行.
INFO: Run Behavior\ParseTemplateBehavior [ RunTime:0.017001s ]
INFO: [ view_parse ] --END-- [ RunTime:0.017001s ]
INFO: [ view_filter ] --START--
INFO: Run Behavior\WriteHtmlCacheBehavior [ RunTime:0.001000s ]
INFO: [ view_filter ] --END-- [ RunTime:0.001000s ]
INFO: [ app_end ] --START--
INFO: Run Behavior\ShowPageTraceBehavior [ RunTime:0.000000s ]
INFO: [ app_end ] --END-- [ RunTime:0.001000s ]

[ 2015-07-29T20:41:41+08:00 ] 127.0.0.1 /LNZM/index.php/Admin/WorkTendency/resources/images/loading.gif
INFO: [ app_init ] --START--
INFO: Run Behavior\BuildLiteBehavior [ RunTime:0.000000s ]
INFO: [ app_init ] --END-- [ RunTime:0.000000s ]

[ 2015-07-29T20:41:41+08:00 ] 127.0.0.1 /LNZM/index.php/Admin/WorkTendency/resources/images/closelabel.gif
INFO: [ app_init ] --START--
INFO: Run Behavior\BuildLiteBehavior [ RunTime:0.000000s ]
INFO: [ app_init ] --END-- [ RunTime:0.001000s ]

[ 2015-07-29T20:41:43+08:00 ] 127.0.0.1 /LNZM/index.php/Admin/SystemSetting/organizationSystemSetting.html
INFO: [ app_init ] --START--
INFO: Run Behavior\BuildLiteBehavior [ RunTime:0.000000s ]
INFO: [ app_init ] --END-- [ RunTime:0.000000s ]
INFO: [ app_begin ] --START--
INFO: Run Behavior\ReadHtmlCacheBehavior [ RunTime:0.001000s ]
INFO: [ app_begin ] --END-- [ RunTime:0.001000s ]
SQL: SHOW COLUMNS FROM `lnzm_academy` [ RunTime:0.0040s ]
SQL: SHOW COLUMNS FROM `lnzm_branch` [ RunTime:0.0040s ]
SQL: SELECT COUNT(*) AS tp_count FROM `lnzm_academy` LIMIT 1   [ RunTime:0.0000s ]
SQL: SELECT * FROM `lnzm_academy` ORDER BY `academyid` desc LIMIT 0,5   [ RunTime:0.0010s ]
SQL: SELECT * FROM `lnzm_academy`  [ RunTime:0.0010s ]
SQL: SELECT COUNT(*) AS tp_count FROM `lnzm_branch` LIMIT 1   [ RunTime:0.0000s ]
SQL: SELECT * FROM `lnzm_branch` ORDER BY branchacademy,branchid desc LIMIT 0,5   [ RunTime:0.0010s ]
INFO: [ view_parse ] --START--
INFO: [ template_filter ] --START--
INFO: Run Behavior\ContentReplaceBehavior [ RunTime:0.000000s ]
INFO: [ template_filter ] --END-- [ RunTime:0.000000s ]
NOTIC: [8] Use of undefined constant academyid - assumed 'academyid' C:\wamp\www\LNZM\Application\Runtime\Cache\Admin\58dd674a1969e98c596c47c861a0baf4.php 第 97 行.
NOTIC: [8] Use of undefined constant academyname - assumed 'academyname' C:\wamp\www\LNZM\Application\Runtime\Cache\Admin\58dd674a1969e98c596c47c861a0baf4.php 第 98 行.
NOTIC: [8] Use of undefined constant academydescription - assumed 'academydescription' C:\wamp\www\LNZM\Application\Runtime\Cache\Admin\58dd674a1969e98c596c47c861a0baf4.php 第 99 行.
NOTIC: [8] Use of undefined constant academyid - assumed 'academyid' C:\wamp\www\LNZM\Application\Runtime\Cache\Admin\58dd674a1969e98c596c47c861a0baf4.php 第 101 行.
NOTIC: [8] Use of undefined constant academyid - assumed 'academyid' C:\wamp\www\LNZM\Application\Runtime\Cache\Admin\58dd674a1969e98c596c47c861a0baf4.php 第 105 行.
NOTIC: [8] Use of undefined constant academyid - assumed 'academyid' C:\wamp\www\LNZM\Application\Runtime\Cache\Admin\58dd674a1969e98c596c47c861a0baf4.php 第 97 行.
NOTIC: [8] Use of undefined constant academyname - assumed 'academyname' C:\wamp\www\LNZM\Application\Runtime\Cache\Admin\58dd674a1969e98c596c47c861a0baf4.php 第 98 行.
NOTIC: [8] Use of undefined constant academydescription - assumed 'academydescription' C:\wamp\www\LNZM\Application\Runtime\Cache\Admin\58dd674a1969e98c596c47c861a0baf4.php 第 99 行.
NOTIC: [8] Use of undefined constant academyid - assumed 'academyid' C:\wamp\www\LNZM\Application\Runtime\Cache\Admin\58dd674a1969e98c596c47c861a0baf4.php 第 101 行.
NOTIC: [8] Use of undefined constant academyid - assumed 'academyid' C:\wamp\www\LNZM\Application\Runtime\Cache\Admin\58dd674a1969e98c596c47c861a0baf4.php 第 105 行.
NOTIC: [8] Use of undefined constant academyid - assumed 'academyid' C:\wamp\www\LNZM\Application\Runtime\Cache\Admin\58dd674a1969e98c596c47c861a0baf4.php 第 97 行.
NOTIC: [8] Use of undefined constant academyname - assumed 'academyname' C:\wamp\www\LNZM\Application\Runtime\Cache\Admin\58dd674a1969e98c596c47c861a0baf4.php 第 98 行.
NOTIC: [8] Use of undefined constant academydescription - assumed 'academydescription' C:\wamp\www\LNZM\Application\Runtime\Cache\Admin\58dd674a1969e98c596c47c861a0baf4.php 第 99 行.
NOTIC: [8] Use of undefined constant academyid - assumed 'academyid' C:\wamp\www\LNZM\Application\Runtime\Cache\Admin\58dd674a1969e98c596c47c861a0baf4.php 第 101 行.
NOTIC: [8] Use of undefined constant academyid - assumed 'academyid' C:\wamp\www\LNZM\Application\Runtime\Cache\Admin\58dd674a1969e98c596c47c861a0baf4.php 第 105 行.
NOTIC: [8] Use of undefined constant academyid - assumed 'academyid' C:\wamp\www\LNZM\Application\Runtime\Cache\Admin\58dd674a1969e98c596c47c861a0baf4.php 第 97 行.
NOTIC: [8] Use of undefined constant academyname - assumed 'academyname' C:\wamp\www\LNZM\Application\Runtime\Cache\Admin\58dd674a1969e98c596c47c861a0baf4.php 第 98 行.
NOTIC: [8] Use of undefined constant academydescription - assumed 'academydescription' C:\wamp\www\LNZM\Application\Runtime\Cache\Admin\58dd674a1969e98c596c47c861a0baf4.php 第 99 行.
NOTIC: [8] Use of undefined constant academyid - assumed 'academyid' C:\wamp\www\LNZM\Application\Runtime\Cache\Admin\58dd674a1969e98c596c47c861a0baf4.php 第 101 行.
NOTIC: [8] Use of undefined constant academyid - assumed 'academyid' C:\wamp\www\LNZM\Application\Runtime\Cache\Admin\58dd674a1969e98c596c47c861a0baf4.php 第 105 行.
NOTIC: [8] Use of undefined constant academyid - assumed 'academyid' C:\wamp\www\LNZM\Application\Runtime\Cache\Admin\58dd674a1969e98c596c47c861a0baf4.php 第 97 行.
NOTIC: [8] Use of undefined constant academyname - assumed 'academyname' C:\wamp\www\LNZM\Application\Runtime\Cache\Admin\58dd674a1969e98c596c47c861a0baf4.php 第 98 行.
NOTIC: [8] Use of undefined constant academydescription - assumed 'academydescription' C:\wamp\www\LNZM\Application\Runtime\Cache\Admin\58dd674a1969e98c596c47c861a0baf4.php 第 99 行.
NOTIC: [8] Use of undefined constant academyid - assumed 'academyid' C:\wamp\www\LNZM\Application\Runtime\Cache\Admin\58dd674a1969e98c596c47c861a0baf4.php 第 101 行.
NOTIC: [8] Use of undefined constant academyid - assumed 'academyid' C:\wamp\www\LNZM\Application\Runtime\Cache\Admin\58dd674a1969e98c596c47c861a0baf4.php 第 105 行.
NOTIC: [8] Use of undefined constant branchid - assumed 'branchid' C:\wamp\www\LNZM\Application\Runtime\Cache\Admin\58dd674a1969e98c596c47c861a0baf4.php 第 179 行.
NOTIC: [8] Use of undefined constant branchname - assumed 'branchname' C:\wamp\www\LNZM\Application\Runtime\Cache\Admin\58dd674a1969e98c596c47c861a0baf4.php 第 180 行.
NOTIC: [8] Use of undefined constant branchacademy - assumed 'branchacademy' C:\wamp\www\LNZM\Application\Runtime\Cache\Admin\58dd674a1969e98c596c47c861a0baf4.php 第 181 行.
NOTIC: [8] Use of undefined constant branchid - assumed 'branchid' C:\wamp\www\LNZM\Application\Runtime\Cache\Admin\58dd674a1969e98c596c47c861a0baf4.php 第 183 行.
NOTIC: [8] Use of undefined constant branchid - assumed 'branchid' C:\wamp\www\LNZM\Application\Runtime\Cache\Admin\58dd674a1969e98c596c47c861a0baf4.php 第 187 行.
NOTIC: [8] Use of undefined constant branchid - assumed 'branchid' C:\wamp\www\LNZM\Application\Runtime\Cache\Admin\58dd674a1969e98c596c47c861a0baf4.php 第 179 行.
NOTIC: [8] Use of undefined constant branchname - assumed 'branchname' C:\wamp\www\LNZM\Application\Runtime\Cache\Admin\58dd674a1969e98c596c47c861a0baf4.php 第 180 行.
NOTIC: [8] Use of undefined constant branchacademy - assumed 'branchacademy' C:\wamp\www\LNZM\Application\Runtime\Cache\Admin\58dd674a1969e98c596c47c861a0baf4.php 第 181 行.
NOTIC: [8] Use of undefined constant branchid - assumed 'branchid' C:\wamp\www\LNZM\Application\Runtime\Cache\Admin\58dd674a1969e98c596c47c861a0baf4.php 第 183 行.
NOTIC: [8] Use of undefined constant branchid - assumed 'branchid' C:\wamp\www\LNZM\Application\Runtime\Cache\Admin\58dd674a1969e98c596c47c861a0baf4.php 第 187 行.
NOTIC: [8] Use of undefined constant branchid - assumed 'branchid' C:\wamp\www\LNZM\Application\Runtime\Cache\Admin\58dd674a1969e98c596c47c861a0baf4.php 第 179 行.
NOTIC: [8] Use of undefined constant branchname - assumed 'branchname' C:\wamp\www\LNZM\Application\Runtime\Cache\Admin\58dd674a1969e98c596c47c861a0baf4.php 第 180 行.
NOTIC: [8] Use of undefined constant branchacademy - assumed 'branchacademy' C:\wamp\www\LNZM\Application\Runtime\Cache\Admin\58dd674a1969e98c596c47c861a0baf4.php 第 181 行.
NOTIC: [8] Use of undefined constant branchid - assumed 'branchid' C:\wamp\www\LNZM\Application\Runtime\Cache\Admin\58dd674a1969e98c596c47c861a0baf4.php 第 183 行.
NOTIC: [8] Use of undefined constant branchid - assumed 'branchid' C:\wamp\www\LNZM\Application\Runtime\Cache\Admin\58dd674a1969e98c596c47c861a0baf4.php 第 187 行.
NOTIC: [8] Use of undefined constant branchid - assumed 'branchid' C:\wamp\www\LNZM\Application\Runtime\Cache\Admin\58dd674a1969e98c596c47c861a0baf4.php 第 179 行.
NOTIC: [8] Use of undefined constant branchname - assumed 'branchname' C:\wamp\www\LNZM\Application\Runtime\Cache\Admin\58dd674a1969e98c596c47c861a0baf4.php 第 180 行.
NOTIC: [8] Use of undefined constant branchacademy - assumed 'branchacademy' C:\wamp\www\LNZM\Application\Runtime\Cache\Admin\58dd674a1969e98c596c47c861a0baf4.php 第 181 行.
NOTIC: [8] Use of undefined constant branchid - assumed 'branchid' C:\wamp\www\LNZM\Application\Runtime\Cache\Admin\58dd674a1969e98c596c47c861a0baf4.php 第 183 行.
NOTIC: [8] Use of undefined constant branchid - assumed 'branchid' C:\wamp\www\LNZM\Application\Runtime\Cache\Admin\58dd674a1969e98c596c47c861a0baf4.php 第 187 行.
NOTIC: [8] Use of undefined constant branchid - assumed 'branchid' C:\wamp\www\LNZM\Application\Runtime\Cache\Admin\58dd674a1969e98c596c47c861a0baf4.php 第 179 行.
NOTIC: [8] Use of undefined constant branchname - assumed 'branchname' C:\wamp\www\LNZM\Application\Runtime\Cache\Admin\58dd674a1969e98c596c47c861a0baf4.php 第 180 行.
NOTIC: [8] Use of undefined constant branchacademy - assumed 'branchacademy' C:\wamp\www\LNZM\Application\Runtime\Cache\Admin\58dd674a1969e98c596c47c861a0baf4.php 第 181 行.
NOTIC: [8] Use of undefined constant branchid - assumed 'branchid' C:\wamp\www\LNZM\Application\Runtime\Cache\Admin\58dd674a1969e98c596c47c861a0baf4.php 第 183 行.
NOTIC: [8] Use of undefined constant branchid - assumed 'branchid' C:\wamp\www\LNZM\Application\Runtime\Cache\Admin\58dd674a1969e98c596c47c861a0baf4.php 第 187 行.
NOTIC: [8] Use of undefined constant academyid - assumed 'academyid' C:\wamp\www\LNZM\Application\Runtime\Cache\Admin\58dd674a1969e98c596c47c861a0baf4.php 第 214 行.
NOTIC: [8] Use of undefined constant academyname - assumed 'academyname' C:\wamp\www\LNZM\Application\Runtime\Cache\Admin\58dd674a1969e98c596c47c861a0baf4.php 第 214 行.
NOTIC: [8] Use of undefined constant academyid - assumed 'academyid' C:\wamp\www\LNZM\Application\Runtime\Cache\Admin\58dd674a1969e98c596c47c861a0baf4.php 第 214 行.
NOTIC: [8] Use of undefined constant academyname - assumed 'academyname' C:\wamp\www\LNZM\Application\Runtime\Cache\Admin\58dd674a1969e98c596c47c861a0baf4.php 第 214 行.
NOTIC: [8] Use of undefined constant academyid - assumed 'academyid' C:\wamp\www\LNZM\Application\Runtime\Cache\Admin\58dd674a1969e98c596c47c861a0baf4.php 第 214 行.
NOTIC: [8] Use of undefined constant academyname - assumed 'academyname' C:\wamp\www\LNZM\Application\Runtime\Cache\Admin\58dd674a1969e98c596c47c861a0baf4.php 第 214 行.
NOTIC: [8] Use of undefined constant academyid - assumed 'academyid' C:\wamp\www\LNZM\Application\Runtime\Cache\Admin\58dd674a1969e98c596c47c861a0baf4.php 第 214 行.
NOTIC: [8] Use of undefined constant academyname - assumed 'academyname' C:\wamp\www\LNZM\Application\Runtime\Cache\Admin\58dd674a1969e98c596c47c861a0baf4.php 第 214 行.
NOTIC: [8] Use of undefined constant academyid - assumed 'academyid' C:\wamp\www\LNZM\Application\Runtime\Cache\Admin\58dd674a1969e98c596c47c861a0baf4.php 第 214 行.
NOTIC: [8] Use of undefined constant academyname - assumed 'academyname' C:\wamp\www\LNZM\Application\Runtime\Cache\Admin\58dd674a1969e98c596c47c861a0baf4.php 第 214 行.
INFO: Run Behavior\ParseTemplateBehavior [ RunTime:0.037003s ]
INFO: [ view_parse ] --END-- [ RunTime:0.037003s ]
INFO: [ view_filter ] --START--
INFO: Run Behavior\WriteHtmlCacheBehavior [ RunTime:0.001000s ]
INFO: [ view_filter ] --END-- [ RunTime:0.001000s ]
INFO: [ app_end ] --START--
INFO: Run Behavior\ShowPageTraceBehavior [ RunTime:0.001000s ]
INFO: [ app_end ] --END-- [ RunTime:0.001000s ]

[ 2015-07-29T20:41:43+08:00 ] 127.0.0.1 /LNZM/index.php/Admin/SystemSetting/resources/images/closelabel.gif
INFO: [ app_init ] --START--
INFO: Run Behavior\BuildLiteBehavior [ RunTime:0.000000s ]
INFO: [ app_init ] --END-- [ RunTime:0.001000s ]

[ 2015-07-29T20:41:43+08:00 ] 127.0.0.1 /LNZM/index.php/Admin/SystemSetting/resources/images/loading.gif
INFO: [ app_init ] --START--
INFO: Run Behavior\BuildLiteBehavior [ RunTime:0.000000s ]
INFO: [ app_init ] --END-- [ RunTime:0.001000s ]

